{"/home/travis/build/npmtest/node-npmtest-chai/test.js":{"path":"/home/travis/build/npmtest/node-npmtest-chai/test.js","s":{"1":2,"2":2,"3":2,"4":2,"5":2,"6":2,"7":2,"8":1,"9":2,"10":2,"11":1,"12":1,"13":1,"14":1,"15":2,"16":2,"17":2,"18":2,"19":1,"20":1,"21":2,"22":2,"23":2,"24":1,"25":1,"26":1,"27":1,"28":1,"29":1,"30":1,"31":1,"32":1,"33":1,"34":1,"35":1,"36":2,"37":2,"38":1,"39":2,"40":2,"41":1,"42":2,"43":2,"44":1,"45":1,"46":1,"47":1,"48":1},"b":{"1":[2,1,1,1],"2":[1,1,1,1],"3":[1,1],"4":[1,1],"5":[1,1],"6":[1,1],"7":[1,1],"8":[1,1],"9":[1,1,1],"10":[1,1],"11":[1,1],"12":[1,1],"13":[1,1],"14":[1,1],"15":[1,1]},"f":{"1":2,"2":2,"3":2,"4":2,"5":2,"6":1,"7":1,"8":2,"9":2,"10":2,"11":1},"fnMap":{"1":{"name":"(anonymous_1)","line":12,"loc":{"start":{"line":12,"column":1},"end":{"line":12,"column":13}}},"2":{"name":"(anonymous_2)","line":19,"loc":{"start":{"line":19,"column":5},"end":{"line":19,"column":17}}},"3":{"name":"(anonymous_3)","line":23,"loc":{"start":{"line":23,"column":24},"end":{"line":23,"column":36}}},"4":{"name":"(anonymous_4)","line":61,"loc":{"start":{"line":61,"column":5},"end":{"line":61,"column":17}}},"5":{"name":"(anonymous_5)","line":82,"loc":{"start":{"line":82,"column":5},"end":{"line":82,"column":17}}},"6":{"name":"(anonymous_6)","line":102,"loc":{"start":{"line":102,"column":83},"end":{"line":105,"column":10}},"skip":true},"7":{"name":"(anonymous_7)","line":113,"loc":{"start":{"line":113,"column":77},"end":{"line":116,"column":10}},"skip":true},"8":{"name":"(anonymous_8)","line":127,"loc":{"start":{"line":127,"column":77},"end":{"line":130,"column":10}},"skip":true},"9":{"name":"(anonymous_9)","line":138,"loc":{"start":{"line":138,"column":83},"end":{"line":141,"column":10}},"skip":true},"10":{"name":"(anonymous_10)","line":149,"loc":{"start":{"line":149,"column":79},"end":{"line":152,"column":10}},"skip":true},"11":{"name":"(anonymous_11)","line":160,"loc":{"start":{"line":160,"column":75},"end":{"line":163,"column":10}},"skip":true}},"statementMap":{"1":{"start":{"line":12,"column":0},"end":{"line":175,"column":5}},"2":{"start":{"line":14,"column":4},"end":{"line":14,"column":14}},"3":{"start":{"line":19,"column":4},"end":{"line":56,"column":9}},"4":{"start":{"line":21,"column":8},"end":{"line":21,"column":19}},"5":{"start":{"line":23,"column":8},"end":{"line":35,"column":13}},"6":{"start":{"line":24,"column":12},"end":{"line":34,"column":13}},"7":{"start":{"line":25,"column":16},"end":{"line":28,"column":30}},"8":{"start":{"line":30,"column":16},"end":{"line":33,"column":27}},"9":{"start":{"line":37,"column":8},"end":{"line":39,"column":21}},"10":{"start":{"line":40,"column":8},"end":{"line":53,"column":9}},"11":{"start":{"line":43,"column":12},"end":{"line":46,"column":14}},"12":{"start":{"line":47,"column":12},"end":{"line":47,"column":18}},"13":{"start":{"line":50,"column":12},"end":{"line":51,"column":46}},"14":{"start":{"line":52,"column":12},"end":{"line":52,"column":18}},"15":{"start":{"line":55,"column":8},"end":{"line":55,"column":35}},"16":{"start":{"line":61,"column":4},"end":{"line":63,"column":9}},"17":{"start":{"line":62,"column":8},"end":{"line":62,"column":15}},"18":{"start":{"line":64,"column":4},"end":{"line":77,"column":5}},"19":{"start":{"line":70,"column":8},"end":{"line":70,"column":14}},"20":{"start":{"line":76,"column":8},"end":{"line":76,"column":14}},"21":{"start":{"line":82,"column":4},"end":{"line":84,"column":9}},"22":{"start":{"line":83,"column":8},"end":{"line":83,"column":15}},"23":{"start":{"line":85,"column":4},"end":{"line":174,"column":5}},"24":{"start":{"line":92,"column":8},"end":{"line":94,"column":63}},"25":{"start":{"line":95,"column":8},"end":{"line":95,"column":14}},"26":{"start":{"line":102,"column":8},"end":{"line":111,"column":10},"skip":true},"27":{"start":{"line":109,"column":12},"end":{"line":109,"column":55},"skip":true},"28":{"start":{"line":110,"column":12},"end":{"line":110,"column":48},"skip":true},"29":{"start":{"line":113,"column":8},"end":{"line":125,"column":10},"skip":true},"30":{"start":{"line":120,"column":12},"end":{"line":120,"column":76},"skip":true},"31":{"start":{"line":121,"column":12},"end":{"line":121,"column":73},"skip":true},"32":{"start":{"line":122,"column":12},"end":{"line":122,"column":74},"skip":true},"33":{"start":{"line":123,"column":12},"end":{"line":123,"column":25},"skip":true},"34":{"start":{"line":124,"column":12},"end":{"line":124,"column":45},"skip":true},"35":{"start":{"line":127,"column":8},"end":{"line":136,"column":10},"skip":true},"36":{"start":{"line":134,"column":12},"end":{"line":134,"column":25},"skip":true},"37":{"start":{"line":135,"column":12},"end":{"line":135,"column":45},"skip":true},"38":{"start":{"line":138,"column":8},"end":{"line":147,"column":10},"skip":true},"39":{"start":{"line":145,"column":12},"end":{"line":145,"column":25},"skip":true},"40":{"start":{"line":146,"column":12},"end":{"line":146,"column":48},"skip":true},"41":{"start":{"line":149,"column":8},"end":{"line":158,"column":10},"skip":true},"42":{"start":{"line":156,"column":12},"end":{"line":156,"column":25},"skip":true},"43":{"start":{"line":157,"column":12},"end":{"line":157,"column":46},"skip":true},"44":{"start":{"line":160,"column":8},"end":{"line":169,"column":10},"skip":true},"45":{"start":{"line":167,"column":12},"end":{"line":167,"column":94},"skip":true},"46":{"start":{"line":168,"column":12},"end":{"line":168,"column":48},"skip":true},"47":{"start":{"line":172,"column":8},"end":{"line":172,"column":35},"skip":true},"48":{"start":{"line":173,"column":8},"end":{"line":173,"column":14},"skip":true}},"branchMap":{"1":{"line":25,"type":"binary-expr","locations":[{"start":{"line":25,"column":23},"end":{"line":25,"column":62}},{"start":{"line":26,"column":20},"end":{"line":26,"column":70}},{"start":{"line":27,"column":20},"end":{"line":27,"column":71}},{"start":{"line":28,"column":20},"end":{"line":28,"column":29}}]},"2":{"line":30,"type":"binary-expr","locations":[{"start":{"line":30,"column":23},"end":{"line":30,"column":37}},{"start":{"line":31,"column":20},"end":{"line":31,"column":61}},{"start":{"line":32,"column":20},"end":{"line":32,"column":70}},{"start":{"line":33,"column":20},"end":{"line":33,"column":26}}]},"3":{"line":37,"type":"cond-expr","locations":[{"start":{"line":38,"column":14},"end":{"line":38,"column":20}},{"start":{"line":39,"column":14},"end":{"line":39,"column":20}}]},"4":{"line":40,"type":"switch","locations":[{"start":{"line":42,"column":8},"end":{"line":47,"column":18}},{"start":{"line":49,"column":8},"end":{"line":52,"column":18}}]},"5":{"line":44,"type":"binary-expr","locations":[{"start":{"line":44,"column":16},"end":{"line":44,"column":44}},{"start":{"line":44,"column":48},"end":{"line":44,"column":66}}]},"6":{"line":50,"type":"binary-expr","locations":[{"start":{"line":50,"column":21},"end":{"line":50,"column":49}},{"start":{"line":50,"column":53},"end":{"line":50,"column":72}}]},"7":{"line":64,"type":"switch","locations":[{"start":{"line":69,"column":4},"end":{"line":70,"column":14}},{"start":{"line":75,"column":4},"end":{"line":76,"column":14}}]},"8":{"line":85,"type":"switch","locations":[{"start":{"line":90,"column":4},"end":{"line":95,"column":14}},{"start":{"line":101,"column":4},"end":{"line":173,"column":14},"skip":true}]},"9":{"line":92,"type":"binary-expr","locations":[{"start":{"line":92,"column":18},"end":{"line":92,"column":32}},{"start":{"line":93,"column":12},"end":{"line":93,"column":53}},{"start":{"line":94,"column":12},"end":{"line":94,"column":61}}]},"10":{"line":102,"type":"binary-expr","locations":[{"start":{"line":102,"column":45},"end":{"line":102,"column":79},"skip":true},{"start":{"line":102,"column":83},"end":{"line":111,"column":9},"skip":true}]},"11":{"line":113,"type":"binary-expr","locations":[{"start":{"line":113,"column":42},"end":{"line":113,"column":73},"skip":true},{"start":{"line":113,"column":77},"end":{"line":125,"column":9},"skip":true}]},"12":{"line":127,"type":"binary-expr","locations":[{"start":{"line":127,"column":42},"end":{"line":127,"column":73},"skip":true},{"start":{"line":127,"column":77},"end":{"line":136,"column":9},"skip":true}]},"13":{"line":138,"type":"binary-expr","locations":[{"start":{"line":138,"column":45},"end":{"line":138,"column":79},"skip":true},{"start":{"line":138,"column":83},"end":{"line":147,"column":9},"skip":true}]},"14":{"line":149,"type":"binary-expr","locations":[{"start":{"line":149,"column":43},"end":{"line":149,"column":75},"skip":true},{"start":{"line":149,"column":79},"end":{"line":158,"column":9},"skip":true}]},"15":{"line":160,"type":"binary-expr","locations":[{"start":{"line":160,"column":41},"end":{"line":160,"column":71},"skip":true},{"start":{"line":160,"column":75},"end":{"line":169,"column":9},"skip":true}]}},"code":["/* istanbul instrument in package npmtest_chai */","/*jslint","    bitwise: true,","    browser: true,","    maxerr: 8,","    maxlen: 96,","    node: true,","    nomen: true,","    regexp: true,","    stupid: true","*/","(function () {","    'use strict';","    var local;","","","","    // run shared js-env code - pre-init","    (function () {","        // init local","        local = {};","        // init modeJs","        local.modeJs = (function () {","            try {","                return typeof navigator.userAgent === 'string' &&","                    typeof document.querySelector('body') === 'object' &&","                    typeof XMLHttpRequest.prototype.open === 'function' &&","                    'browser';","            } catch (errorCaughtBrowser) {","                return module.exports &&","                    typeof process.versions.node === 'string' &&","                    typeof require('http').createServer === 'function' &&","                    'node';","            }","        }());","        // init global","        local.global = local.modeJs === 'browser'","            ? window","            : global;","        switch (local.modeJs) {","        // re-init local from window.local","        case 'browser':","            local = local.global.utility2.objectSetDefault(","                local.global.utility2_rollup || local.global.local,","                local.global.utility2","            );","            break;","        // re-init local from example.js","        case 'node':","            local = (local.global.utility2_rollup || require('utility2'))","                .requireExampleJsFromReadme();","            break;","        }","        // export local","        local.global.local = local;","    }());","","","","    // run shared js-env code - function","    (function () {","        return;","    }());","    switch (local.modeJs) {","","","","    // run browser js-env code - function","    case 'browser':","        break;","","","","    // run node js-env code - function","    case 'node':","        break;","    }","","","","    // run shared js-env code - post-init","    (function () {","        return;","    }());","    switch (local.modeJs) {","","","","    // run browser js-env code - post-init","    case 'browser':","        // run tests","        local.nop(local.modeTest &&","            document.querySelector('#testRunButton1') &&","            document.querySelector('#testRunButton1').click());","        break;","","","","    // run node js-env code - post-init","    /* istanbul ignore next */","    case 'node':","        local.testCase_buildApidoc_default = local.testCase_buildApidoc_default || function (","            options,","            onError","        ) {","        /*","         * this function will test buildApidoc's default handling-behavior-behavior","         */","            options = { modulePathList: module.paths };","            local.buildApidoc(options, onError);","        };","","        local.testCase_buildApp_default = local.testCase_buildApp_default || function (","            options,","            onError","        ) {","        /*","         * this function will test buildApp's default handling-behavior-behavior","         */","            local.testCase_buildReadme_default(options, local.onErrorThrow);","            local.testCase_buildLib_default(options, local.onErrorThrow);","            local.testCase_buildTest_default(options, local.onErrorThrow);","            options = [];","            local.buildApp(options, onError);","        };","","        local.testCase_buildLib_default = local.testCase_buildLib_default || function (","            options,","            onError","        ) {","        /*","         * this function will test buildLib's default handling-behavior","         */","            options = {};","            local.buildLib(options, onError);","        };","","        local.testCase_buildReadme_default = local.testCase_buildReadme_default || function (","            options,","            onError","        ) {","        /*","         * this function will test buildReadme's default handling-behavior-behavior","         */","            options = {};","            local.buildReadme(options, onError);","        };","","        local.testCase_buildTest_default = local.testCase_buildTest_default || function (","            options,","            onError","        ) {","        /*","         * this function will test buildTest's default handling-behavior","         */","            options = {};","            local.buildTest(options, onError);","        };","","        local.testCase_webpage_default = local.testCase_webpage_default || function (","            options,","            onError","        ) {","        /*","         * this function will test webpage's default handling-behavior","         */","            options = { modeCoverageMerge: true, url: local.serverLocalHost + '?modeTest=1' };","            local.browserTest(options, onError);","        };","","        // run test-server","        local.testRunServer(local);","        break;","    }","}());",""],"l":{"12":2,"14":2,"19":2,"21":2,"23":2,"24":2,"25":2,"30":1,"37":2,"40":2,"43":1,"47":1,"50":1,"52":1,"55":2,"61":2,"62":2,"64":2,"70":1,"76":1,"82":2,"83":2,"85":2,"92":1,"95":1,"102":1,"109":1,"110":1,"113":1,"120":1,"121":1,"122":1,"123":1,"124":1,"127":1,"134":2,"135":2,"138":1,"145":2,"146":2,"149":1,"156":2,"157":2,"160":1,"167":1,"168":1,"172":1,"173":1}},"/home/travis/build/npmtest/node-npmtest-chai/lib.npmtest_chai.js":{"path":"/home/travis/build/npmtest/node-npmtest-chai/lib.npmtest_chai.js","s":{"1":2,"2":2,"3":2,"4":2,"5":2,"6":2,"7":2,"8":1,"9":2,"10":2,"11":2,"12":2,"13":1,"14":1,"15":1,"16":1},"b":{"1":[2,1,1,1],"2":[1,1,1,1],"3":[1,1],"4":[2,2],"5":[1,1]},"f":{"1":2,"2":2,"3":2},"fnMap":{"1":{"name":"(anonymous_1)","line":12,"loc":{"start":{"line":12,"column":1},"end":{"line":12,"column":13}}},"2":{"name":"(anonymous_2)","line":19,"loc":{"start":{"line":19,"column":5},"end":{"line":19,"column":17}}},"3":{"name":"(anonymous_3)","line":23,"loc":{"start":{"line":23,"column":24},"end":{"line":23,"column":36}}}},"statementMap":{"1":{"start":{"line":12,"column":0},"end":{"line":53,"column":5}},"2":{"start":{"line":14,"column":4},"end":{"line":14,"column":14}},"3":{"start":{"line":19,"column":4},"end":{"line":52,"column":9}},"4":{"start":{"line":21,"column":8},"end":{"line":21,"column":19}},"5":{"start":{"line":23,"column":8},"end":{"line":35,"column":13}},"6":{"start":{"line":24,"column":12},"end":{"line":34,"column":13}},"7":{"start":{"line":25,"column":16},"end":{"line":28,"column":30}},"8":{"start":{"line":30,"column":16},"end":{"line":33,"column":27}},"9":{"start":{"line":37,"column":8},"end":{"line":39,"column":21}},"10":{"start":{"line":41,"column":8},"end":{"line":41,"column":54}},"11":{"start":{"line":43,"column":8},"end":{"line":43,"column":49}},"12":{"start":{"line":45,"column":8},"end":{"line":51,"column":9}},"13":{"start":{"line":46,"column":12},"end":{"line":46,"column":55}},"14":{"start":{"line":48,"column":12},"end":{"line":48,"column":35}},"15":{"start":{"line":49,"column":12},"end":{"line":49,"column":49}},"16":{"start":{"line":50,"column":12},"end":{"line":50,"column":43}}},"branchMap":{"1":{"line":25,"type":"binary-expr","locations":[{"start":{"line":25,"column":23},"end":{"line":25,"column":62}},{"start":{"line":26,"column":20},"end":{"line":26,"column":70}},{"start":{"line":27,"column":20},"end":{"line":27,"column":71}},{"start":{"line":28,"column":20},"end":{"line":28,"column":29}}]},"2":{"line":30,"type":"binary-expr","locations":[{"start":{"line":30,"column":23},"end":{"line":30,"column":37}},{"start":{"line":31,"column":20},"end":{"line":31,"column":61}},{"start":{"line":32,"column":20},"end":{"line":32,"column":70}},{"start":{"line":33,"column":20},"end":{"line":33,"column":26}}]},"3":{"line":37,"type":"cond-expr","locations":[{"start":{"line":38,"column":14},"end":{"line":38,"column":20}},{"start":{"line":39,"column":14},"end":{"line":39,"column":20}}]},"4":{"line":41,"type":"binary-expr","locations":[{"start":{"line":41,"column":16},"end":{"line":41,"column":44}},{"start":{"line":41,"column":48},"end":{"line":41,"column":53}}]},"5":{"line":45,"type":"if","locations":[{"start":{"line":45,"column":8},"end":{"line":45,"column":8}},{"start":{"line":45,"column":8},"end":{"line":45,"column":8}}]}},"code":["/* istanbul instrument in package npmtest_chai */","/*jslint","    bitwise: true,","    browser: true,","    maxerr: 8,","    maxlen: 96,","    node: true,","    nomen: true,","    regexp: true,","    stupid: true","*/","(function () {","    'use strict';","    var local;","","","","    // run shared js-env code - pre-init","    (function () {","        // init local","        local = {};","        // init modeJs","        local.modeJs = (function () {","            try {","                return typeof navigator.userAgent === 'string' &&","                    typeof document.querySelector('body') === 'object' &&","                    typeof XMLHttpRequest.prototype.open === 'function' &&","                    'browser';","            } catch (errorCaughtBrowser) {","                return module.exports &&","                    typeof process.versions.node === 'string' &&","                    typeof require('http').createServer === 'function' &&","                    'node';","            }","        }());","        // init global","        local.global = local.modeJs === 'browser'","            ? window","            : global;","        // init utility2_rollup","        local = local.global.utility2_rollup || local;","        // init lib","        local.local = local.npmtest_chai = local;","        // init exports","        if (local.modeJs === 'browser') {","            local.global.utility2_npmtest_chai = local;","        } else {","            module.exports = local;","            module.exports.__dirname = __dirname;","            module.exports.module = module;","        }","    }());","}());",""],"l":{"12":2,"14":2,"19":2,"21":2,"23":2,"24":2,"25":2,"30":1,"37":2,"41":2,"43":2,"45":2,"46":1,"48":1,"49":1,"50":1}},"/home/travis/build/npmtest/node-npmtest-chai/example.js":{"path":"/home/travis/build/npmtest/node-npmtest-chai/example.js","s":{"1":2,"2":2,"3":2,"4":2,"5":2,"6":2,"7":2,"8":1,"9":2,"10":2,"11":2,"12":2,"13":1,"14":2,"15":2,"16":2,"17":2,"18":2,"19":0,"20":2,"21":1,"22":1,"23":1,"24":1,"25":1,"26":0,"27":0,"28":1,"29":1,"30":2,"31":0,"32":0,"33":0,"34":1,"35":2,"36":2,"37":2,"38":2,"39":2,"40":2,"41":0,"42":2,"43":2,"44":2,"45":1,"46":3,"47":1,"48":1,"49":1,"50":1,"51":1,"52":1,"53":1,"54":1,"55":1,"56":1,"57":0,"58":1,"59":6,"60":6,"61":1,"62":2,"63":0,"64":2,"65":1,"66":1,"67":0,"68":0,"69":0,"70":0,"71":0,"72":0,"73":0,"74":0,"75":0,"76":0,"77":0,"78":0,"79":0,"80":0,"81":0,"82":0,"83":0},"b":{"1":[2,1,1,1],"2":[1,1,1,1],"3":[1,1],"4":[2,2],"5":[1,1],"6":[1,1],"7":[2,0],"8":[2,1,1,1,1,1],"9":[0,2,0],"10":[1,1],"11":[2,1,1],"12":[1,0],"13":[0,2],"14":[2,0,0,0,0,0,0],"15":[0,2],"16":[2,0],"17":[1,1],"18":[0,1],"19":[1,2,0,2],"20":[1,0],"21":[1,1],"22":[0,0],"23":[0,0],"24":[0,0],"25":[0,0],"26":[0,0],"27":[0,0],"28":[0,0]},"f":{"1":2,"2":2,"3":2,"4":2,"5":2,"6":2,"7":2,"8":2,"9":3,"10":1,"11":6,"12":0},"fnMap":{"1":{"name":"(anonymous_1)","line":26,"loc":{"start":{"line":26,"column":1},"end":{"line":26,"column":13}}},"2":{"name":"(anonymous_2)","line":33,"loc":{"start":{"line":33,"column":5},"end":{"line":33,"column":17}}},"3":{"name":"(anonymous_3)","line":37,"loc":{"start":{"line":37,"column":24},"end":{"line":37,"column":36}}},"4":{"name":"(anonymous_4)","line":69,"loc":{"start":{"line":69,"column":31},"end":{"line":69,"column":48}},"skip":true},"5":{"name":"(anonymous_5)","line":78,"loc":{"start":{"line":78,"column":26},"end":{"line":78,"column":45}},"skip":true},"6":{"name":"(anonymous_6)","line":123,"loc":{"start":{"line":123,"column":33},"end":{"line":123,"column":48}},"skip":true},"7":{"name":"(anonymous_7)","line":125,"loc":{"start":{"line":125,"column":27},"end":{"line":125,"column":39}},"skip":true},"8":{"name":"(anonymous_8)","line":133,"loc":{"start":{"line":133,"column":59},"end":{"line":133,"column":74}},"skip":true},"9":{"name":"(anonymous_9)","line":143,"loc":{"start":{"line":143,"column":45},"end":{"line":143,"column":62}},"skip":true},"10":{"name":"(anonymous_10)","line":144,"loc":{"start":{"line":144,"column":73},"end":{"line":144,"column":92}},"skip":true},"11":{"name":"(anonymous_11)","line":272,"loc":{"start":{"line":272,"column":51},"end":{"line":272,"column":77}},"skip":true},"12":{"name":"(anonymous_12)","line":314,"loc":{"start":{"line":314,"column":32},"end":{"line":314,"column":61}},"skip":true}},"statementMap":{"1":{"start":{"line":26,"column":0},"end":{"line":325,"column":5}},"2":{"start":{"line":28,"column":4},"end":{"line":28,"column":14}},"3":{"start":{"line":33,"column":4},"end":{"line":60,"column":9}},"4":{"start":{"line":35,"column":8},"end":{"line":35,"column":19}},"5":{"start":{"line":37,"column":8},"end":{"line":49,"column":13}},"6":{"start":{"line":38,"column":12},"end":{"line":48,"column":13}},"7":{"start":{"line":39,"column":16},"end":{"line":42,"column":30}},"8":{"start":{"line":44,"column":16},"end":{"line":47,"column":27}},"9":{"start":{"line":51,"column":8},"end":{"line":53,"column":21}},"10":{"start":{"line":55,"column":8},"end":{"line":57,"column":45}},"11":{"start":{"line":59,"column":8},"end":{"line":59,"column":35}},"12":{"start":{"line":61,"column":4},"end":{"line":324,"column":5}},"13":{"start":{"line":69,"column":8},"end":{"line":121,"column":10},"skip":true},"14":{"start":{"line":70,"column":12},"end":{"line":88,"column":13},"skip":true},"15":{"start":{"line":76,"column":16},"end":{"line":87,"column":19},"skip":true},"16":{"start":{"line":79,"column":20},"end":{"line":86,"column":21},"skip":true},"17":{"start":{"line":82,"column":24},"end":{"line":82,"column":43},"skip":true},"18":{"start":{"line":83,"column":24},"end":{"line":83,"column":30},"skip":true},"19":{"start":{"line":85,"column":24},"end":{"line":85,"column":49},"skip":true},"20":{"start":{"line":89,"column":12},"end":{"line":107,"column":13},"skip":true},"21":{"start":{"line":92,"column":16},"end":{"line":102,"column":17},"skip":true},"22":{"start":{"line":93,"column":20},"end":{"line":93,"column":86},"skip":true},"23":{"start":{"line":94,"column":20},"end":{"line":95,"column":45},"skip":true},"24":{"start":{"line":96,"column":20},"end":{"line":96,"column":42},"skip":true},"25":{"start":{"line":97,"column":20},"end":{"line":97,"column":48},"skip":true},"26":{"start":{"line":100,"column":20},"end":{"line":100,"column":85},"skip":true},"27":{"start":{"line":101,"column":20},"end":{"line":101,"column":96},"skip":true},"28":{"start":{"line":103,"column":16},"end":{"line":103,"column":22},"skip":true},"29":{"start":{"line":106,"column":16},"end":{"line":106,"column":22},"skip":true},"30":{"start":{"line":108,"column":12},"end":{"line":120,"column":13},"skip":true},"31":{"start":{"line":114,"column":16},"end":{"line":119,"column":17},"skip":true},"32":{"start":{"line":116,"column":20},"end":{"line":116,"column":78},"skip":true},"33":{"start":{"line":118,"column":20},"end":{"line":118,"column":53},"skip":true},"34":{"start":{"line":123,"column":8},"end":{"line":141,"column":11},"skip":true},"35":{"start":{"line":124,"column":12},"end":{"line":124,"column":54},"skip":true},"36":{"start":{"line":125,"column":12},"end":{"line":140,"column":14},"skip":true},"37":{"start":{"line":126,"column":16},"end":{"line":126,"column":28},"skip":true},"38":{"start":{"line":127,"column":16},"end":{"line":127,"column":69},"skip":true},"39":{"start":{"line":128,"column":16},"end":{"line":128,"column":75},"skip":true},"40":{"start":{"line":129,"column":16},"end":{"line":131,"column":17},"skip":true},"41":{"start":{"line":130,"column":20},"end":{"line":130,"column":27},"skip":true},"42":{"start":{"line":133,"column":16},"end":{"line":137,"column":36},"skip":true},"43":{"start":{"line":134,"column":20},"end":{"line":136,"column":55},"skip":true},"44":{"start":{"line":139,"column":16},"end":{"line":139,"column":57},"skip":true},"45":{"start":{"line":143,"column":8},"end":{"line":147,"column":11},"skip":true},"46":{"start":{"line":144,"column":12},"end":{"line":146,"column":15},"skip":true},"47":{"start":{"line":145,"column":16},"end":{"line":145,"column":70},"skip":true},"48":{"start":{"line":149,"column":8},"end":{"line":149,"column":31},"skip":true},"49":{"start":{"line":150,"column":8},"end":{"line":150,"column":14},"skip":true},"50":{"start":{"line":158,"column":8},"end":{"line":158,"column":31},"skip":true},"51":{"start":{"line":160,"column":8},"end":{"line":160,"column":33},"skip":true},"52":{"start":{"line":161,"column":8},"end":{"line":161,"column":37},"skip":true},"53":{"start":{"line":162,"column":8},"end":{"line":162,"column":35},"skip":true},"54":{"start":{"line":164,"column":8},"end":{"line":164,"column":50},"skip":true},"55":{"start":{"line":166,"column":8},"end":{"line":256,"column":2},"skip":true},"56":{"start":{"line":258,"column":8},"end":{"line":286,"column":9},"skip":true},"57":{"start":{"line":259,"column":12},"end":{"line":269,"column":14},"skip":true},"58":{"start":{"line":271,"column":12},"end":{"line":285,"column":19},"skip":true},"59":{"start":{"line":274,"column":20},"end":{"line":274,"column":35},"skip":true},"60":{"start":{"line":275,"column":20},"end":{"line":284,"column":21},"skip":true},"61":{"start":{"line":277,"column":24},"end":{"line":277,"column":64},"skip":true},"62":{"start":{"line":279,"column":24},"end":{"line":279,"column":40},"skip":true},"63":{"start":{"line":281,"column":24},"end":{"line":281,"column":40},"skip":true},"64":{"start":{"line":283,"column":24},"end":{"line":283,"column":39},"skip":true},"65":{"start":{"line":288,"column":8},"end":{"line":290,"column":9},"skip":true},"66":{"start":{"line":289,"column":12},"end":{"line":289,"column":18},"skip":true},"67":{"start":{"line":291,"column":8},"end":{"line":293,"column":54},"skip":true},"68":{"start":{"line":294,"column":8},"end":{"line":301,"column":37},"skip":true},"69":{"start":{"line":302,"column":8},"end":{"line":302,"column":82},"skip":true},"70":{"start":{"line":305,"column":8},"end":{"line":307,"column":9},"skip":true},"71":{"start":{"line":306,"column":12},"end":{"line":306,"column":82},"skip":true},"72":{"start":{"line":309,"column":8},"end":{"line":311,"column":9},"skip":true},"73":{"start":{"line":310,"column":12},"end":{"line":310,"column":18},"skip":true},"74":{"start":{"line":312,"column":8},"end":{"line":312,"column":54},"skip":true},"75":{"start":{"line":313,"column":8},"end":{"line":313,"column":69},"skip":true},"76":{"start":{"line":314,"column":8},"end":{"line":322,"column":36},"skip":true},"77":{"start":{"line":315,"column":12},"end":{"line":315,"column":61},"skip":true},"78":{"start":{"line":316,"column":12},"end":{"line":319,"column":13},"skip":true},"79":{"start":{"line":317,"column":16},"end":{"line":317,"column":75},"skip":true},"80":{"start":{"line":318,"column":16},"end":{"line":318,"column":23},"skip":true},"81":{"start":{"line":320,"column":12},"end":{"line":320,"column":38},"skip":true},"82":{"start":{"line":321,"column":12},"end":{"line":321,"column":27},"skip":true},"83":{"start":{"line":323,"column":8},"end":{"line":323,"column":14},"skip":true}},"branchMap":{"1":{"line":39,"type":"binary-expr","locations":[{"start":{"line":39,"column":23},"end":{"line":39,"column":62}},{"start":{"line":40,"column":20},"end":{"line":40,"column":70}},{"start":{"line":41,"column":20},"end":{"line":41,"column":71}},{"start":{"line":42,"column":20},"end":{"line":42,"column":29}}]},"2":{"line":44,"type":"binary-expr","locations":[{"start":{"line":44,"column":23},"end":{"line":44,"column":37}},{"start":{"line":45,"column":20},"end":{"line":45,"column":61}},{"start":{"line":46,"column":20},"end":{"line":46,"column":70}},{"start":{"line":47,"column":20},"end":{"line":47,"column":26}}]},"3":{"line":51,"type":"cond-expr","locations":[{"start":{"line":52,"column":14},"end":{"line":52,"column":20}},{"start":{"line":53,"column":14},"end":{"line":53,"column":20}}]},"4":{"line":55,"type":"binary-expr","locations":[{"start":{"line":55,"column":16},"end":{"line":55,"column":44}},{"start":{"line":55,"column":49},"end":{"line":57,"column":43}}]},"5":{"line":55,"type":"cond-expr","locations":[{"start":{"line":56,"column":14},"end":{"line":56,"column":48}},{"start":{"line":57,"column":14},"end":{"line":57,"column":43}}]},"6":{"line":61,"type":"switch","locations":[{"start":{"line":68,"column":4},"end":{"line":150,"column":14},"skip":true},{"start":{"line":156,"column":4},"end":{"line":323,"column":14},"skip":true}]},"7":{"line":70,"type":"if","locations":[{"start":{"line":70,"column":12},"end":{"line":70,"column":12},"skip":true},{"start":{"line":70,"column":12},"end":{"line":70,"column":12},"skip":true}]},"8":{"line":70,"type":"binary-expr","locations":[{"start":{"line":70,"column":16},"end":{"line":70,"column":22},"skip":true},{"start":{"line":70,"column":27},"end":{"line":70,"column":32},"skip":true},{"start":{"line":71,"column":20},"end":{"line":71,"column":39},"skip":true},{"start":{"line":72,"column":20},"end":{"line":72,"column":49},"skip":true},{"start":{"line":73,"column":20},"end":{"line":73,"column":58},"skip":true},{"start":{"line":74,"column":20},"end":{"line":74,"column":69},"skip":true}]},"9":{"line":79,"type":"switch","locations":[{"start":{"line":80,"column":20},"end":{"line":80,"column":33},"skip":true},{"start":{"line":81,"column":20},"end":{"line":83,"column":30},"skip":true},{"start":{"line":84,"column":20},"end":{"line":85,"column":49},"skip":true}]},"10":{"line":89,"type":"switch","locations":[{"start":{"line":90,"column":12},"end":{"line":103,"column":22},"skip":true},{"start":{"line":105,"column":12},"end":{"line":106,"column":22},"skip":true}]},"11":{"line":89,"type":"binary-expr","locations":[{"start":{"line":89,"column":20},"end":{"line":89,"column":25},"skip":true},{"start":{"line":89,"column":29},"end":{"line":89,"column":48},"skip":true},{"start":{"line":89,"column":52},"end":{"line":89,"column":74},"skip":true}]},"12":{"line":92,"type":"if","locations":[{"start":{"line":92,"column":16},"end":{"line":92,"column":16},"skip":true},{"start":{"line":92,"column":16},"end":{"line":92,"column":16},"skip":true}]},"13":{"line":108,"type":"if","locations":[{"start":{"line":108,"column":12},"end":{"line":108,"column":12},"skip":true},{"start":{"line":108,"column":12},"end":{"line":108,"column":12},"skip":true}]},"14":{"line":108,"type":"binary-expr","locations":[{"start":{"line":108,"column":16},"end":{"line":108,"column":61},"skip":true},{"start":{"line":108,"column":66},"end":{"line":108,"column":72},"skip":true},{"start":{"line":108,"column":77},"end":{"line":108,"column":82},"skip":true},{"start":{"line":109,"column":20},"end":{"line":109,"column":39},"skip":true},{"start":{"line":110,"column":20},"end":{"line":110,"column":49},"skip":true},{"start":{"line":111,"column":20},"end":{"line":111,"column":58},"skip":true},{"start":{"line":112,"column":20},"end":{"line":112,"column":68},"skip":true}]},"15":{"line":129,"type":"if","locations":[{"start":{"line":129,"column":16},"end":{"line":129,"column":16},"skip":true},{"start":{"line":129,"column":16},"end":{"line":129,"column":16},"skip":true}]},"16":{"line":134,"type":"cond-expr","locations":[{"start":{"line":135,"column":26},"end":{"line":135,"column":29},"skip":true},{"start":{"line":136,"column":26},"end":{"line":136,"column":54},"skip":true}]},"17":{"line":164,"type":"binary-expr","locations":[{"start":{"line":164,"column":27},"end":{"line":164,"column":43},"skip":true},{"start":{"line":164,"column":47},"end":{"line":164,"column":49},"skip":true}]},"18":{"line":258,"type":"if","locations":[{"start":{"line":258,"column":8},"end":{"line":258,"column":8},"skip":true},{"start":{"line":258,"column":8},"end":{"line":258,"column":8},"skip":true}]},"19":{"line":275,"type":"switch","locations":[{"start":{"line":276,"column":20},"end":{"line":277,"column":64},"skip":true},{"start":{"line":278,"column":20},"end":{"line":279,"column":40},"skip":true},{"start":{"line":280,"column":20},"end":{"line":281,"column":40},"skip":true},{"start":{"line":282,"column":20},"end":{"line":283,"column":39},"skip":true}]},"20":{"line":288,"type":"if","locations":[{"start":{"line":288,"column":8},"end":{"line":288,"column":8},"skip":true},{"start":{"line":288,"column":8},"end":{"line":288,"column":8},"skip":true}]},"21":{"line":288,"type":"binary-expr","locations":[{"start":{"line":288,"column":12},"end":{"line":288,"column":40},"skip":true},{"start":{"line":288,"column":44},"end":{"line":288,"column":67},"skip":true}]},"22":{"line":292,"type":"binary-expr","locations":[{"start":{"line":292,"column":12},"end":{"line":292,"column":50},"skip":true},{"start":{"line":293,"column":12},"end":{"line":293,"column":53},"skip":true}]},"23":{"line":295,"type":"binary-expr","locations":[{"start":{"line":295,"column":12},"end":{"line":295,"column":62},"skip":true},{"start":{"line":296,"column":12},"end":{"line":301,"column":36},"skip":true}]},"24":{"line":302,"type":"binary-expr","locations":[{"start":{"line":302,"column":43},"end":{"line":302,"column":75},"skip":true},{"start":{"line":302,"column":79},"end":{"line":302,"column":81},"skip":true}]},"25":{"line":305,"type":"if","locations":[{"start":{"line":305,"column":8},"end":{"line":305,"column":8},"skip":true},{"start":{"line":305,"column":8},"end":{"line":305,"column":8},"skip":true}]},"26":{"line":309,"type":"if","locations":[{"start":{"line":309,"column":8},"end":{"line":309,"column":8},"skip":true},{"start":{"line":309,"column":8},"end":{"line":309,"column":8},"skip":true}]},"27":{"line":312,"type":"binary-expr","locations":[{"start":{"line":312,"column":27},"end":{"line":312,"column":43},"skip":true},{"start":{"line":312,"column":47},"end":{"line":312,"column":53},"skip":true}]},"28":{"line":316,"type":"if","locations":[{"start":{"line":316,"column":12},"end":{"line":316,"column":12},"skip":true},{"start":{"line":316,"column":12},"end":{"line":316,"column":12},"skip":true}]}},"code":["/*","example.js","","quickstart example","","instruction","    1. save this script as example.js","    2. run the shell command:","        $ npm install npmtest-chai && PORT=8081 node example.js","    3. play with the browser-demo on http://127.0.0.1:8081","*/","","","","/* istanbul instrument in package npmtest_chai */","/*jslint","    bitwise: true,","    browser: true,","    maxerr: 8,","    maxlen: 96,","    node: true,","    nomen: true,","    regexp: true,","    stupid: true","*/","(function () {","    'use strict';","    var local;","","","","    // run shared js-env code - pre-init","    (function () {","        // init local","        local = {};","        // init modeJs","        local.modeJs = (function () {","            try {","                return typeof navigator.userAgent === 'string' &&","                    typeof document.querySelector('body') === 'object' &&","                    typeof XMLHttpRequest.prototype.open === 'function' &&","                    'browser';","            } catch (errorCaughtBrowser) {","                return module.exports &&","                    typeof process.versions.node === 'string' &&","                    typeof require('http').createServer === 'function' &&","                    'node';","            }","        }());","        // init global","        local.global = local.modeJs === 'browser'","            ? window","            : global;","        // init utility2_rollup","        local = local.global.utility2_rollup || (local.modeJs === 'browser'","            ? local.global.utility2_npmtest_chai","            : global.utility2_moduleExports);","        // export local","        local.global.local = local;","    }());","    switch (local.modeJs) {","","","","    // post-init","    // run browser js-env code - post-init","    /* istanbul ignore next */","    case 'browser':","        local.testRunBrowser = function (event) {","            if (!event || (event &&","                    event.currentTarget &&","                    event.currentTarget.className &&","                    event.currentTarget.className.includes &&","                    event.currentTarget.className.includes('onreset'))) {","                // reset output","                Array.from(","                    document.querySelectorAll('body > .resettable')","                ).forEach(function (element) {","                    switch (element.tagName) {","                    case 'INPUT':","                    case 'TEXTAREA':","                        element.value = '';","                        break;","                    default:","                        element.textContent = '';","                    }","                });","            }","            switch (event && event.currentTarget && event.currentTarget.id) {","            case 'testRunButton1':","                // show tests","                if (document.querySelector('#testReportDiv1').style.display === 'none') {","                    document.querySelector('#testReportDiv1').style.display = 'block';","                    document.querySelector('#testRunButton1').textContent =","                        'hide internal test';","                    local.modeTest = true;","                    local.testRunDefault(local);","                // hide tests","                } else {","                    document.querySelector('#testReportDiv1').style.display = 'none';","                    document.querySelector('#testRunButton1').textContent = 'run internal test';","                }","                break;","            // custom-case","            default:","                break;","            }","            if (document.querySelector('#inputTextareaEval1') && (!event || (event &&","                    event.currentTarget &&","                    event.currentTarget.className &&","                    event.currentTarget.className.includes &&","                    event.currentTarget.className.includes('oneval')))) {","                // try to eval input-code","                try {","                    /*jslint evil: true*/","                    eval(document.querySelector('#inputTextareaEval1').value);","                } catch (errorCaught) {","                    console.error(errorCaught.stack);","                }","            }","        };","        // log stderr and stdout to #outputTextareaStdout1","        ['error', 'log'].forEach(function (key) {","            console[key + '_original'] = console[key];","            console[key] = function () {","                var element;","                console[key + '_original'].apply(console, arguments);","                element = document.querySelector('#outputTextareaStdout1');","                if (!element) {","                    return;","                }","                // append text to #outputTextareaStdout1","                element.value += Array.from(arguments).map(function (arg) {","                    return typeof arg === 'string'","                        ? arg","                        : JSON.stringify(arg, null, 4);","                }).join(' ') + '\\n';","                // scroll textarea to bottom","                element.scrollTop = element.scrollHeight;","            };","        });","        // init event-handling","        ['change', 'click', 'keyup'].forEach(function (event) {","            Array.from(document.querySelectorAll('.on' + event)).forEach(function (element) {","                element.addEventListener(event, local.testRunBrowser);","            });","        });","        // run tests","        local.testRunBrowser();","        break;","","","","    // run node js-env code - post-init","    /* istanbul ignore next */","    case 'node':","        // export local","        module.exports = local;","        // require modules","        local.fs = require('fs');","        local.http = require('http');","        local.url = require('url');","        // init assets","        local.assetsDict = local.assetsDict || {};","        /* jslint-ignore-begin */","        local.assetsDict['/assets.index.template.html'] = '\\","<!doctype html>\\n\\","<html lang=\"en\">\\n\\","<head>\\n\\","<meta charset=\"UTF-8\">\\n\\","<meta name=\"viewport\" content=\"width=device-width, initial-scale=1\">\\n\\","<title>{{env.npm_package_name}} (v{{env.npm_package_version}})</title>\\n\\","<style>\\n\\","/*csslint\\n\\","    box-sizing: false,\\n\\","    universal-selector: false\\n\\","*/\\n\\","* {\\n\\","    box-sizing: border-box;\\n\\","}\\n\\","body {\\n\\","    background: #dde;\\n\\","    font-family: Arial, Helvetica, sans-serif;\\n\\","    margin: 2rem;\\n\\","}\\n\\","body > * {\\n\\","    margin-bottom: 1rem;\\n\\","}\\n\\",".utility2FooterDiv {\\n\\","    margin-top: 20px;\\n\\","    text-align: center;\\n\\","}\\n\\","</style>\\n\\","<style>\\n\\","/*csslint\\n\\","*/\\n\\","textarea {\\n\\","    font-family: monospace;\\n\\","    height: 10rem;\\n\\","    width: 100%;\\n\\","}\\n\\","textarea[readonly] {\\n\\","    background: #ddd;\\n\\","}\\n\\","</style>\\n\\","</head>\\n\\","<body>\\n\\","<!-- utility2-comment\\n\\","<div id=\"ajaxProgressDiv1\" style=\"background: #d00; height: 2px; left: 0; margin: 0; padding: 0; position: fixed; top: 0; transition: background 0.5s, width 1.5s; width: 25%;\"></div>\\n\\","utility2-comment -->\\n\\","<h1>\\n\\","<!-- utility2-comment\\n\\","    <a\\n\\","        {{#if env.npm_package_homepage}}\\n\\","        href=\"{{env.npm_package_homepage}}\"\\n\\","        {{/if env.npm_package_homepage}}\\n\\","        target=\"_blank\"\\n\\","    >\\n\\","utility2-comment -->\\n\\","        {{env.npm_package_name}} (v{{env.npm_package_version}})\\n\\","<!-- utility2-comment\\n\\","    </a>\\n\\","utility2-comment -->\\n\\","</h1>\\n\\","<h3>{{env.npm_package_description}}</h3>\\n\\","<!-- utility2-comment\\n\\","<h4><a download href=\"assets.app.js\">download standalone app</a></h4>\\n\\","<button class=\"onclick onreset\" id=\"testRunButton1\">run internal test</button><br>\\n\\","<div id=\"testReportDiv1\" style=\"display: none;\"></div>\\n\\","utility2-comment -->\\n\\","\\n\\","\\n\\","\\n\\","<label>stderr and stdout</label>\\n\\","<textarea class=\"resettable\" id=\"outputTextareaStdout1\" readonly></textarea>\\n\\","<!-- utility2-comment\\n\\","{{#if isRollup}}\\n\\","<script src=\"assets.app.js\"></script>\\n\\","{{#unless isRollup}}\\n\\","utility2-comment -->\\n\\","<script src=\"assets.utility2.rollup.js\"></script>\\n\\","<script src=\"jsonp.utility2._stateInit?callback=window.utility2._stateInit\"></script>\\n\\","<script src=\"assets.npmtest_chai.rollup.js\"></script>\\n\\","<script src=\"assets.example.js\"></script>\\n\\","<script src=\"assets.test.js\"></script>\\n\\","<!-- utility2-comment\\n\\","{{/if isRollup}}\\n\\","utility2-comment -->\\n\\","<div class=\"utility2FooterDiv\">\\n\\","    [ this app was created with\\n\\","    <a href=\"https://github.com/kaizhu256/node-utility2\" target=\"_blank\">utility2</a>\\n\\","    ]\\n\\","</div>\\n\\","</body>\\n\\","</html>\\n\\","';","        /* jslint-ignore-end */","        if (local.templateRender) {","            local.assetsDict['/'] = local.templateRender(","                local.assetsDict['/assets.index.template.html'],","                {","                    env: local.objectSetDefault(local.env, {","                        npm_package_description: 'the greatest app in the world!',","                        npm_package_name: 'my-app',","                        npm_package_nameAlias: 'my_app',","                        npm_package_version: '0.0.1'","                    })","                }","            );","        } else {","            local.assetsDict['/'] = local.assetsDict['/assets.index.template.html']","                .replace((/\\{\\{env\\.(\\w+?)\\}\\}/g), function (match0, match1) {","                    // jslint-hack","                    String(match0);","                    switch (match1) {","                    case 'npm_package_description':","                        return 'the greatest app in the world!';","                    case 'npm_package_name':","                        return 'my-app';","                    case 'npm_package_nameAlias':","                        return 'my_app';","                    case 'npm_package_version':","                        return '0.0.1';","                    }","                });","        }","        // run the cli","        if (local.global.utility2_rollup || module !== require.main) {","            break;","        }","        local.assetsDict['/assets.example.js'] =","            local.assetsDict['/assets.example.js'] ||","            local.fs.readFileSync(__filename, 'utf8');","        local.assetsDict['/assets.npmtest_chai.rollup.js'] =","            local.assetsDict['/assets.npmtest_chai.rollup.js'] ||","            local.fs.readFileSync(","                // buildCustomOrg-hack","                local.npmtest_chai.__dirname +","                    '/lib.npmtest_chai.js',","                'utf8'","            ).replace((/^#!/), '//');","        local.assetsDict['/favicon.ico'] = local.assetsDict['/favicon.ico'] || '';","        // if $npm_config_timeout_exit exists,","        // then exit this process after $npm_config_timeout_exit ms","        if (Number(process.env.npm_config_timeout_exit)) {","            setTimeout(process.exit, Number(process.env.npm_config_timeout_exit));","        }","        // start server","        if (local.global.utility2_serverHttp1) {","            break;","        }","        process.env.PORT = process.env.PORT || '8081';","        console.error('server starting on port ' + process.env.PORT);","        local.http.createServer(function (request, response) {","            request.urlParsed = local.url.parse(request.url);","            if (local.assetsDict[request.urlParsed.pathname] !== undefined) {","                response.end(local.assetsDict[request.urlParsed.pathname]);","                return;","            }","            response.statusCode = 404;","            response.end();","        }).listen(process.env.PORT);","        break;","    }","}());",""],"l":{"26":2,"28":2,"33":2,"35":2,"37":2,"38":2,"39":2,"44":1,"51":2,"55":2,"59":2,"61":2,"69":1,"70":2,"76":2,"79":2,"82":2,"83":2,"85":1,"89":2,"92":1,"93":1,"94":1,"96":1,"97":1,"100":1,"101":1,"103":1,"106":1,"108":2,"114":1,"116":1,"118":1,"123":1,"124":2,"125":2,"126":2,"127":2,"128":2,"129":2,"130":1,"133":2,"134":2,"139":2,"143":1,"144":3,"145":1,"149":1,"150":1,"158":1,"160":1,"161":1,"162":1,"164":1,"166":1,"258":1,"259":1,"271":1,"274":6,"275":6,"277":1,"279":2,"281":1,"283":2,"288":1,"289":1,"291":1,"294":1,"302":1,"305":1,"306":1,"309":1,"310":1,"312":1,"313":1,"314":1,"315":1,"316":1,"317":1,"318":1,"320":1,"321":1,"323":1}},"/home/travis/build/npmtest/node-npmtest-chai/chai/index.js":{"path":"/home/travis/build/npmtest/node-npmtest-chai/chai/index.js","s":{"1":1},"b":{},"f":{},"fnMap":{},"statementMap":{"1":{"start":{"line":1,"column":0},"end":{"line":1,"column":39}}},"branchMap":{},"code":["module.exports = require('./lib/chai');",""],"l":{"1":1}},"/home/travis/build/npmtest/node-npmtest-chai/chai/lib/chai.js":{"path":"/home/travis/build/npmtest/node-npmtest-chai/chai/lib/chai.js","s":{"1":1,"2":1,"3":1,"4":1,"5":1,"6":5,"7":5,"8":5,"9":5,"10":1,"11":1,"12":1,"13":1,"14":1,"15":1,"16":1,"17":1,"18":1,"19":1,"20":1,"21":1,"22":1},"b":{"1":[5,0]},"f":{"1":5},"fnMap":{"1":{"name":"(anonymous_1)","line":38,"loc":{"start":{"line":38,"column":14},"end":{"line":38,"column":28}}}},"statementMap":{"1":{"start":{"line":7,"column":0},"end":{"line":8,"column":34}},"2":{"start":{"line":14,"column":0},"end":{"line":14,"column":26}},"3":{"start":{"line":20,"column":0},"end":{"line":20,"column":52}},"4":{"start":{"line":26,"column":0},"end":{"line":26,"column":35}},"5":{"start":{"line":38,"column":0},"end":{"line":45,"column":2}},"6":{"start":{"line":39,"column":2},"end":{"line":42,"column":3}},"7":{"start":{"line":40,"column":4},"end":{"line":40,"column":19}},"8":{"start":{"line":41,"column":4},"end":{"line":41,"column":18}},"9":{"start":{"line":44,"column":2},"end":{"line":44,"column":14}},"10":{"start":{"line":51,"column":0},"end":{"line":51,"column":20}},"11":{"start":{"line":57,"column":0},"end":{"line":57,"column":38}},"12":{"start":{"line":58,"column":0},"end":{"line":58,"column":24}},"13":{"start":{"line":64,"column":0},"end":{"line":64,"column":44}},"14":{"start":{"line":65,"column":0},"end":{"line":65,"column":23}},"15":{"start":{"line":71,"column":0},"end":{"line":71,"column":45}},"16":{"start":{"line":72,"column":0},"end":{"line":72,"column":18}},"17":{"start":{"line":78,"column":0},"end":{"line":78,"column":48}},"18":{"start":{"line":79,"column":0},"end":{"line":79,"column":20}},"19":{"start":{"line":85,"column":0},"end":{"line":85,"column":48}},"20":{"start":{"line":86,"column":0},"end":{"line":86,"column":20}},"21":{"start":{"line":92,"column":0},"end":{"line":92,"column":48}},"22":{"start":{"line":93,"column":0},"end":{"line":93,"column":20}}},"branchMap":{"1":{"line":39,"type":"if","locations":[{"start":{"line":39,"column":2},"end":{"line":39,"column":2}},{"start":{"line":39,"column":2},"end":{"line":39,"column":2}}]}},"code":["/*!"," * chai"," * Copyright(c) 2011-2014 Jake Luer <jake@alogicalparadox.com>"," * MIT Licensed"," */","","var used = []","  , exports = module.exports = {};","","/*!"," * Chai version"," */","","exports.version = '3.5.0';","","/*!"," * Assertion Error"," */","","exports.AssertionError = require('assertion-error');","","/*!"," * Utils for plugins (not exported)"," */","","var util = require('./chai/utils');","","/**"," * # .use(function)"," *"," * Provides a way to extend the internals of Chai"," *"," * @param {Function}"," * @returns {this} for chaining"," * @api public"," */","","exports.use = function (fn) {","  if (!~used.indexOf(fn)) {","    fn(this, util);","    used.push(fn);","  }","","  return this;","};","","/*!"," * Utility Functions"," */","","exports.util = util;","","/*!"," * Configuration"," */","","var config = require('./chai/config');","exports.config = config;","","/*!"," * Primary `Assertion` prototype"," */","","var assertion = require('./chai/assertion');","exports.use(assertion);","","/*!"," * Core Assertions"," */","","var core = require('./chai/core/assertions');","exports.use(core);","","/*!"," * Expect interface"," */","","var expect = require('./chai/interface/expect');","exports.use(expect);","","/*!"," * Should interface"," */","","var should = require('./chai/interface/should');","exports.use(should);","","/*!"," * Assert interface"," */","","var assert = require('./chai/interface/assert');","exports.use(assert);",""],"l":{"7":1,"14":1,"20":1,"26":1,"38":1,"39":5,"40":5,"41":5,"44":5,"51":1,"57":1,"58":1,"64":1,"65":1,"71":1,"72":1,"78":1,"79":1,"85":1,"86":1,"92":1,"93":1}},"/home/travis/build/npmtest/node-npmtest-chai/chai/lib/chai/utils/index.js":{"path":"/home/travis/build/npmtest/node-npmtest-chai/chai/lib/chai/utils/index.js","s":{"1":1,"2":1,"3":1,"4":1,"5":1,"6":1,"7":1,"8":1,"9":1,"10":1,"11":1,"12":1,"13":1,"14":1,"15":1,"16":1,"17":1,"18":1,"19":1,"20":1,"21":1},"b":{},"f":{},"fnMap":{},"statementMap":{"1":{"start":{"line":11,"column":0},"end":{"line":11,"column":34}},"2":{"start":{"line":17,"column":0},"end":{"line":17,"column":33}},"3":{"start":{"line":23,"column":0},"end":{"line":23,"column":38}},"4":{"start":{"line":28,"column":0},"end":{"line":28,"column":47}},"5":{"start":{"line":34,"column":0},"end":{"line":34,"column":45}},"6":{"start":{"line":40,"column":0},"end":{"line":40,"column":43}},"7":{"start":{"line":46,"column":0},"end":{"line":46,"column":39}},"8":{"start":{"line":52,"column":0},"end":{"line":52,"column":45}},"9":{"start":{"line":58,"column":0},"end":{"line":58,"column":33}},"10":{"start":{"line":64,"column":0},"end":{"line":64,"column":51}},"11":{"start":{"line":70,"column":0},"end":{"line":70,"column":34}},"12":{"start":{"line":76,"column":0},"end":{"line":76,"column":49}},"13":{"start":{"line":82,"column":0},"end":{"line":82,"column":47}},"14":{"start":{"line":88,"column":0},"end":{"line":88,"column":47}},"15":{"start":{"line":94,"column":0},"end":{"line":94,"column":39}},"16":{"start":{"line":100,"column":0},"end":{"line":100,"column":47}},"17":{"start":{"line":106,"column":0},"end":{"line":106,"column":43}},"18":{"start":{"line":112,"column":0},"end":{"line":112,"column":59}},"19":{"start":{"line":118,"column":0},"end":{"line":118,"column":55}},"20":{"start":{"line":124,"column":0},"end":{"line":124,"column":61}},"21":{"start":{"line":130,"column":0},"end":{"line":130,"column":73}}},"branchMap":{},"code":["/*!"," * chai"," * Copyright(c) 2011 Jake Luer <jake@alogicalparadox.com>"," * MIT Licensed"," */","","/*!"," * Main exports"," */","","var exports = module.exports = {};","","/*!"," * test utility"," */","","exports.test = require('./test');","","/*!"," * type utility"," */","","exports.type = require('type-detect');","","/*!"," * expectTypes utility"," */","exports.expectTypes = require('./expectTypes');","","/*!"," * message utility"," */","","exports.getMessage = require('./getMessage');","","/*!"," * actual utility"," */","","exports.getActual = require('./getActual');","","/*!"," * Inspect util"," */","","exports.inspect = require('./inspect');","","/*!"," * Object Display util"," */","","exports.objDisplay = require('./objDisplay');","","/*!"," * Flag utility"," */","","exports.flag = require('./flag');","","/*!"," * Flag transferring utility"," */","","exports.transferFlags = require('./transferFlags');","","/*!"," * Deep equal utility"," */","","exports.eql = require('deep-eql');","","/*!"," * Deep path value"," */","","exports.getPathValue = require('./getPathValue');","","/*!"," * Deep path info"," */","","exports.getPathInfo = require('./getPathInfo');","","/*!"," * Check if a property exists"," */","","exports.hasProperty = require('./hasProperty');","","/*!"," * Function name"," */","","exports.getName = require('./getName');","","/*!"," * add Property"," */","","exports.addProperty = require('./addProperty');","","/*!"," * add Method"," */","","exports.addMethod = require('./addMethod');","","/*!"," * overwrite Property"," */","","exports.overwriteProperty = require('./overwriteProperty');","","/*!"," * overwrite Method"," */","","exports.overwriteMethod = require('./overwriteMethod');","","/*!"," * Add a chainable method"," */","","exports.addChainableMethod = require('./addChainableMethod');","","/*!"," * Overwrite chainable method"," */","","exports.overwriteChainableMethod = require('./overwriteChainableMethod');",""],"l":{"11":1,"17":1,"23":1,"28":1,"34":1,"40":1,"46":1,"52":1,"58":1,"64":1,"70":1,"76":1,"82":1,"88":1,"94":1,"100":1,"106":1,"112":1,"118":1,"124":1,"130":1}},"/home/travis/build/npmtest/node-npmtest-chai/chai/lib/chai/utils/test.js":{"path":"/home/travis/build/npmtest/node-npmtest-chai/chai/lib/chai/utils/test.js","s":{"1":1,"2":1,"3":0,"4":0},"b":{"1":[0,0]},"f":{"1":0},"fnMap":{"1":{"name":"(anonymous_1)","line":24,"loc":{"start":{"line":24,"column":17},"end":{"line":24,"column":38}}}},"statementMap":{"1":{"start":{"line":11,"column":0},"end":{"line":11,"column":29}},"2":{"start":{"line":24,"column":0},"end":{"line":28,"column":2}},"3":{"start":{"line":25,"column":2},"end":{"line":26,"column":21}},"4":{"start":{"line":27,"column":2},"end":{"line":27,"column":31}}},"branchMap":{"1":{"line":27,"type":"cond-expr","locations":[{"start":{"line":27,"column":18},"end":{"line":27,"column":23}},{"start":{"line":27,"column":26},"end":{"line":27,"column":30}}]}},"code":["/*!"," * Chai - test utility"," * Copyright(c) 2012-2014 Jake Luer <jake@alogicalparadox.com>"," * MIT Licensed"," */","","/*!"," * Module dependancies"," */","","var flag = require('./flag');","","/**"," * # test(object, expression)"," *"," * Test and object for expression."," *"," * @param {Object} object (constructed Assertion)"," * @param {Arguments} chai.Assertion.prototype.assert arguments"," * @namespace Utils"," * @name test"," */","","module.exports = function (obj, args) {","  var negate = flag(obj, 'negate')","    , expr = args[0];","  return negate ? !expr : expr;","};",""],"l":{"11":1,"24":1,"25":0,"27":0}},"/home/travis/build/npmtest/node-npmtest-chai/chai/lib/chai/utils/flag.js":{"path":"/home/travis/build/npmtest/node-npmtest-chai/chai/lib/chai/utils/flag.js","s":{"1":1,"2":0,"3":0,"4":0,"5":0},"b":{"1":[0,0],"2":[0,0]},"f":{"1":0},"fnMap":{"1":{"name":"(anonymous_1)","line":26,"loc":{"start":{"line":26,"column":17},"end":{"line":26,"column":44}}}},"statementMap":{"1":{"start":{"line":26,"column":0},"end":{"line":33,"column":2}},"2":{"start":{"line":27,"column":2},"end":{"line":27,"column":65}},"3":{"start":{"line":28,"column":2},"end":{"line":32,"column":3}},"4":{"start":{"line":29,"column":4},"end":{"line":29,"column":23}},"5":{"start":{"line":31,"column":4},"end":{"line":31,"column":22}}},"branchMap":{"1":{"line":27,"type":"binary-expr","locations":[{"start":{"line":27,"column":14},"end":{"line":27,"column":25}},{"start":{"line":27,"column":30},"end":{"line":27,"column":63}}]},"2":{"line":28,"type":"if","locations":[{"start":{"line":28,"column":2},"end":{"line":28,"column":2}},{"start":{"line":28,"column":2},"end":{"line":28,"column":2}}]}},"code":["/*!"," * Chai - flag utility"," * Copyright(c) 2012-2014 Jake Luer <jake@alogicalparadox.com>"," * MIT Licensed"," */","","/**"," * ### flag(object, key, [value])"," *"," * Get or set a flag value on an object. If a"," * value is provided it will be set, else it will"," * return the currently set value or `undefined` if"," * the value is not set."," *"," *     utils.flag(this, 'foo', 'bar'); // setter"," *     utils.flag(this, 'foo'); // getter, returns `bar`"," *"," * @param {Object} object constructed Assertion"," * @param {String} key"," * @param {Mixed} value (optional)"," * @namespace Utils"," * @name flag"," * @api private"," */","","module.exports = function (obj, key, value) {","  var flags = obj.__flags || (obj.__flags = Object.create(null));","  if (arguments.length === 3) {","    flags[key] = value;","  } else {","    return flags[key];","  }","};",""],"l":{"26":1,"27":0,"28":0,"29":0,"31":0}},"/home/travis/build/npmtest/node-npmtest-chai/chai/lib/chai/utils/expectTypes.js":{"path":"/home/travis/build/npmtest/node-npmtest-chai/chai/lib/chai/utils/expectTypes.js","s":{"1":1,"2":1,"3":1,"4":1,"5":0,"6":0,"7":0,"8":0,"9":0,"10":0,"11":0,"12":0,"13":0,"14":0,"15":0},"b":{"1":[0,0],"2":[0,0],"3":[0,0],"4":[0,0]},"f":{"1":0,"2":0,"3":0,"4":0},"fnMap":{"1":{"name":"(anonymous_1)","line":25,"loc":{"start":{"line":25,"column":17},"end":{"line":25,"column":39}}},"2":{"name":"(anonymous_2)","line":27,"loc":{"start":{"line":27,"column":20},"end":{"line":27,"column":33}}},"3":{"name":"(anonymous_3)","line":31,"loc":{"start":{"line":31,"column":22},"end":{"line":31,"column":42}}},"4":{"name":"(anonymous_4)","line":37,"loc":{"start":{"line":37,"column":18},"end":{"line":37,"column":38}}}},"statementMap":{"1":{"start":{"line":21,"column":0},"end":{"line":21,"column":48}},"2":{"start":{"line":22,"column":0},"end":{"line":22,"column":29}},"3":{"start":{"line":23,"column":0},"end":{"line":23,"column":34}},"4":{"start":{"line":25,"column":0},"end":{"line":42,"column":2}},"5":{"start":{"line":26,"column":2},"end":{"line":26,"column":32}},"6":{"start":{"line":27,"column":2},"end":{"line":27,"column":62}},"7":{"start":{"line":27,"column":35},"end":{"line":27,"column":58}},"8":{"start":{"line":28,"column":2},"end":{"line":28,"column":15}},"9":{"start":{"line":31,"column":2},"end":{"line":35,"column":16}},"10":{"start":{"line":32,"column":4},"end":{"line":32,"column":77}},"11":{"start":{"line":33,"column":4},"end":{"line":33,"column":73}},"12":{"start":{"line":34,"column":4},"end":{"line":34,"column":30}},"13":{"start":{"line":37,"column":2},"end":{"line":41,"column":3}},"14":{"start":{"line":37,"column":40},"end":{"line":37,"column":70}},"15":{"start":{"line":38,"column":4},"end":{"line":40,"column":6}}},"branchMap":{"1":{"line":32,"type":"cond-expr","locations":[{"start":{"line":32,"column":66},"end":{"line":32,"column":70}},{"start":{"line":32,"column":73},"end":{"line":32,"column":76}}]},"2":{"line":33,"type":"cond-expr","locations":[{"start":{"line":33,"column":62},"end":{"line":33,"column":67}},{"start":{"line":33,"column":70},"end":{"line":33,"column":72}}]},"3":{"line":33,"type":"binary-expr","locations":[{"start":{"line":33,"column":13},"end":{"line":33,"column":29}},{"start":{"line":33,"column":33},"end":{"line":33,"column":59}}]},"4":{"line":37,"type":"if","locations":[{"start":{"line":37,"column":2},"end":{"line":37,"column":2}},{"start":{"line":37,"column":2},"end":{"line":37,"column":2}}]}},"code":["/*!"," * Chai - expectTypes utility"," * Copyright(c) 2012-2014 Jake Luer <jake@alogicalparadox.com>"," * MIT Licensed"," */","","/**"," * ### expectTypes(obj, types)"," *"," * Ensures that the object being tested against is of a valid type."," *"," *     utils.expectTypes(this, ['array', 'object', 'string']);"," *"," * @param {Mixed} obj constructed Assertion"," * @param {Array} type A list of allowed types for this assertion"," * @namespace Utils"," * @name expectTypes"," * @api public"," */","","var AssertionError = require('assertion-error');","var flag = require('./flag');","var type = require('type-detect');","","module.exports = function (obj, types) {","  var obj = flag(obj, 'object');","  types = types.map(function (t) { return t.toLowerCase(); });","  types.sort();","","  // Transforms ['lorem', 'ipsum'] into 'a lirum, or an ipsum'","  var str = types.map(function (t, index) {","    var art = ~[ 'a', 'e', 'i', 'o', 'u' ].indexOf(t.charAt(0)) ? 'an' : 'a';","    var or = types.length > 1 && index === types.length - 1 ? 'or ' : '';","    return or + art + ' ' + t;","  }).join(', ');","","  if (!types.some(function (expected) { return type(obj) === expected; })) {","    throw new AssertionError(","      'object tested must be ' + str + ', but ' + type(obj) + ' given'","    );","  }","};",""],"l":{"21":1,"22":1,"23":1,"25":1,"26":0,"27":0,"28":0,"31":0,"32":0,"33":0,"34":0,"37":0,"38":0}},"/home/travis/build/npmtest/node-npmtest-chai/chai/lib/chai/utils/getMessage.js":{"path":"/home/travis/build/npmtest/node-npmtest-chai/chai/lib/chai/utils/getMessage.js","s":{"1":1,"2":1,"3":0,"4":0,"5":0,"6":0,"7":0,"8":0,"9":0,"10":0,"11":0},"b":{"1":[0,0],"2":[0,0],"3":[0,0],"4":[0,0]},"f":{"1":0,"2":0,"3":0,"4":0},"fnMap":{"1":{"name":"(anonymous_1)","line":35,"loc":{"start":{"line":35,"column":17},"end":{"line":35,"column":38}}},"2":{"name":"(anonymous_2)","line":46,"loc":{"start":{"line":46,"column":27},"end":{"line":46,"column":39}}},"3":{"name":"(anonymous_3)","line":47,"loc":{"start":{"line":47,"column":26},"end":{"line":47,"column":38}}},"4":{"name":"(anonymous_4)","line":48,"loc":{"start":{"line":48,"column":26},"end":{"line":48,"column":38}}}},"statementMap":{"1":{"start":{"line":11,"column":0},"end":{"line":14,"column":41}},"2":{"start":{"line":35,"column":0},"end":{"line":51,"column":2}},"3":{"start":{"line":36,"column":2},"end":{"line":41,"column":37}},"4":{"start":{"line":43,"column":2},"end":{"line":43,"column":44}},"5":{"start":{"line":43,"column":32},"end":{"line":43,"column":44}},"6":{"start":{"line":44,"column":2},"end":{"line":44,"column":18}},"7":{"start":{"line":45,"column":2},"end":{"line":48,"column":72}},"8":{"start":{"line":46,"column":41},"end":{"line":46,"column":64}},"9":{"start":{"line":47,"column":40},"end":{"line":47,"column":66}},"10":{"start":{"line":48,"column":40},"end":{"line":48,"column":68}},"11":{"start":{"line":50,"column":2},"end":{"line":50,"column":46}}},"branchMap":{"1":{"line":40,"type":"cond-expr","locations":[{"start":{"line":40,"column":21},"end":{"line":40,"column":28}},{"start":{"line":40,"column":31},"end":{"line":40,"column":38}}]},"2":{"line":43,"type":"if","locations":[{"start":{"line":43,"column":2},"end":{"line":43,"column":2}},{"start":{"line":43,"column":2},"end":{"line":43,"column":2}}]},"3":{"line":44,"type":"binary-expr","locations":[{"start":{"line":44,"column":8},"end":{"line":44,"column":11}},{"start":{"line":44,"column":15},"end":{"line":44,"column":17}}]},"4":{"line":50,"type":"cond-expr","locations":[{"start":{"line":50,"column":19},"end":{"line":50,"column":39}},{"start":{"line":50,"column":42},"end":{"line":50,"column":45}}]}},"code":["/*!"," * Chai - message composition utility"," * Copyright(c) 2012-2014 Jake Luer <jake@alogicalparadox.com>"," * MIT Licensed"," */","","/*!"," * Module dependancies"," */","","var flag = require('./flag')","  , getActual = require('./getActual')","  , inspect = require('./inspect')","  , objDisplay = require('./objDisplay');","","/**"," * ### .getMessage(object, message, negateMessage)"," *"," * Construct the error message based on flags"," * and template tags. Template tags will return"," * a stringified inspection of the object referenced."," *"," * Message template tags:"," * - `#{this}` current asserted object"," * - `#{act}` actual value"," * - `#{exp}` expected value"," *"," * @param {Object} object (constructed Assertion)"," * @param {Arguments} chai.Assertion.prototype.assert arguments"," * @namespace Utils"," * @name getMessage"," * @api public"," */","","module.exports = function (obj, args) {","  var negate = flag(obj, 'negate')","    , val = flag(obj, 'object')","    , expected = args[3]","    , actual = getActual(obj, args)","    , msg = negate ? args[2] : args[1]","    , flagMsg = flag(obj, 'message');","","  if(typeof msg === \"function\") msg = msg();","  msg = msg || '';","  msg = msg","    .replace(/#\\{this\\}/g, function () { return objDisplay(val); })","    .replace(/#\\{act\\}/g, function () { return objDisplay(actual); })","    .replace(/#\\{exp\\}/g, function () { return objDisplay(expected); });","","  return flagMsg ? flagMsg + ': ' + msg : msg;","};",""],"l":{"11":1,"35":1,"36":0,"43":0,"44":0,"45":0,"46":0,"47":0,"48":0,"50":0}},"/home/travis/build/npmtest/node-npmtest-chai/chai/lib/chai/utils/getActual.js":{"path":"/home/travis/build/npmtest/node-npmtest-chai/chai/lib/chai/utils/getActual.js","s":{"1":1,"2":0},"b":{"1":[0,0]},"f":{"1":0},"fnMap":{"1":{"name":"(anonymous_1)","line":18,"loc":{"start":{"line":18,"column":17},"end":{"line":18,"column":38}}}},"statementMap":{"1":{"start":{"line":18,"column":0},"end":{"line":20,"column":2}},"2":{"start":{"line":19,"column":2},"end":{"line":19,"column":46}}},"branchMap":{"1":{"line":19,"type":"cond-expr","locations":[{"start":{"line":19,"column":27},"end":{"line":19,"column":34}},{"start":{"line":19,"column":37},"end":{"line":19,"column":45}}]}},"code":["/*!"," * Chai - getActual utility"," * Copyright(c) 2012-2014 Jake Luer <jake@alogicalparadox.com>"," * MIT Licensed"," */","","/**"," * # getActual(object, [actual])"," *"," * Returns the `actual` value for an Assertion"," *"," * @param {Object} object (constructed Assertion)"," * @param {Arguments} chai.Assertion.prototype.assert arguments"," * @namespace Utils"," * @name getActual"," */","","module.exports = function (obj, args) {","  return args.length > 4 ? args[4] : obj._obj;","};",""],"l":{"18":1,"19":0}},"/home/travis/build/npmtest/node-npmtest-chai/chai/lib/chai/utils/inspect.js":{"path":"/home/travis/build/npmtest/node-npmtest-chai/chai/lib/chai/utils/inspect.js","s":{"1":1,"2":1,"3":1,"4":1,"5":1,"6":0,"7":0,"8":0,"9":1,"10":0,"11":0,"12":0,"13":1,"14":0,"15":0,"16":0,"17":0,"18":0,"19":0,"20":0,"21":0,"22":0,"23":0,"24":0,"25":0,"26":0,"27":0,"28":0,"29":0,"30":0,"31":0,"32":0,"33":0,"34":0,"35":0,"36":0,"37":0,"38":0,"39":0,"40":0,"41":0,"42":0,"43":0,"44":0,"45":0,"46":0,"47":0,"48":0,"49":0,"50":0,"51":0,"52":0,"53":0,"54":0,"55":0,"56":0,"57":0,"58":0,"59":0,"60":0,"61":0,"62":0,"63":0,"64":0,"65":0,"66":0,"67":0,"68":0,"69":0,"70":0,"71":0,"72":0,"73":0,"74":0,"75":0,"76":1,"77":0,"78":0,"79":0,"80":0,"81":0,"82":0,"83":0,"84":0,"85":0,"86":0,"87":1,"88":0,"89":1,"90":0,"91":0,"92":0,"93":0,"94":0,"95":0,"96":0,"97":0,"98":0,"99":1,"100":0,"101":0,"102":0,"103":0,"104":0,"105":0,"106":0,"107":0,"108":0,"109":0,"110":0,"111":0,"112":0,"113":0,"114":0,"115":0,"116":0,"117":0,"118":0,"119":0,"120":0,"121":0,"122":0,"123":0,"124":0,"125":0,"126":0,"127":0,"128":0,"129":0,"130":0,"131":0,"132":1,"133":0,"134":0,"135":0,"136":0,"137":0,"138":0,"139":0,"140":0,"141":0,"142":1,"143":0,"144":1,"145":0,"146":1,"147":0,"148":1,"149":0,"150":1,"151":0},"b":{"1":[0,0],"2":[0,0],"3":[0,0,0,0],"4":[0,0],"5":[0,0,0,0],"6":[0,0],"7":[0,0],"8":[0,0],"9":[0,0],"10":[0,0],"11":[0,0],"12":[0,0],"13":[0,0],"14":[0,0,0,0,0,0,0],"15":[0,0],"16":[0,0],"17":[0,0],"18":[0,0],"19":[0,0],"20":[0,0],"21":[0,0],"22":[0,0],"23":[0,0],"24":[0,0],"25":[0,0],"26":[0,0],"27":[0,0,0],"28":[0,0],"29":[0,0],"30":[0,0],"31":[0,0,0,0],"32":[0,0],"33":[0,0],"34":[0,0],"35":[0,0],"36":[0,0],"37":[0,0],"38":[0,0],"39":[0,0],"40":[0,0],"41":[0,0],"42":[0,0],"43":[0,0],"44":[0,0],"45":[0,0],"46":[0,0],"47":[0,0],"48":[0,0],"49":[0,0],"50":[0,0],"51":[0,0],"52":[0,0],"53":[0,0],"54":[0,0,0],"55":[0,0],"56":[0,0],"57":[0,0]},"f":{"1":0,"2":0,"3":0,"4":0,"5":0,"6":0,"7":0,"8":0,"9":0,"10":0,"11":0,"12":0,"13":0,"14":0,"15":0,"16":0,"17":0,"18":0,"19":0},"fnMap":{"1":{"name":"inspect","line":23,"loc":{"start":{"line":23,"column":0},"end":{"line":23,"column":49}}},"2":{"name":"(anonymous_2)","line":27,"loc":{"start":{"line":27,"column":13},"end":{"line":27,"column":28}}},"3":{"name":"(anonymous_3)","line":33,"loc":{"start":{"line":33,"column":19},"end":{"line":33,"column":37}}},"4":{"name":"formatValue","line":44,"loc":{"start":{"line":44,"column":0},"end":{"line":44,"column":47}}},"5":{"name":"(anonymous_5)","line":173,"loc":{"start":{"line":173,"column":22},"end":{"line":173,"column":36}}},"6":{"name":"formatPrimitive","line":184,"loc":{"start":{"line":184,"column":0},"end":{"line":184,"column":37}}},"7":{"name":"formatError","line":211,"loc":{"start":{"line":211,"column":0},"end":{"line":211,"column":28}}},"8":{"name":"formatArray","line":216,"loc":{"start":{"line":216,"column":0},"end":{"line":216,"column":66}}},"9":{"name":"(anonymous_9)","line":226,"loc":{"start":{"line":226,"column":15},"end":{"line":226,"column":29}}},"10":{"name":"formatProperty","line":236,"loc":{"start":{"line":236,"column":0},"end":{"line":236,"column":75}}},"11":{"name":"(anonymous_11)","line":263,"loc":{"start":{"line":263,"column":36},"end":{"line":263,"column":51}}},"12":{"name":"(anonymous_12)","line":267,"loc":{"start":{"line":267,"column":43},"end":{"line":267,"column":58}}},"13":{"name":"reduceToSingleString","line":296,"loc":{"start":{"line":296,"column":0},"end":{"line":296,"column":52}}},"14":{"name":"(anonymous_14)","line":298,"loc":{"start":{"line":298,"column":29},"end":{"line":298,"column":49}}},"15":{"name":"isArray","line":316,"loc":{"start":{"line":316,"column":0},"end":{"line":316,"column":21}}},"16":{"name":"isRegExp","line":321,"loc":{"start":{"line":321,"column":0},"end":{"line":321,"column":22}}},"17":{"name":"isDate","line":325,"loc":{"start":{"line":325,"column":0},"end":{"line":325,"column":19}}},"18":{"name":"isError","line":329,"loc":{"start":{"line":329,"column":0},"end":{"line":329,"column":20}}},"19":{"name":"objectToString","line":333,"loc":{"start":{"line":333,"column":0},"end":{"line":333,"column":27}}}},"statementMap":{"1":{"start":{"line":4,"column":0},"end":{"line":4,"column":35}},"2":{"start":{"line":5,"column":0},"end":{"line":5,"column":47}},"3":{"start":{"line":6,"column":0},"end":{"line":6,"column":67}},"4":{"start":{"line":8,"column":0},"end":{"line":8,"column":25}},"5":{"start":{"line":23,"column":0},"end":{"line":30,"column":1}},"6":{"start":{"line":24,"column":2},"end":{"line":28,"column":4}},"7":{"start":{"line":27,"column":30},"end":{"line":27,"column":41}},"8":{"start":{"line":29,"column":2},"end":{"line":29,"column":75}},"9":{"start":{"line":33,"column":0},"end":{"line":42,"column":2}},"10":{"start":{"line":34,"column":2},"end":{"line":41,"column":3}},"11":{"start":{"line":35,"column":4},"end":{"line":35,"column":41}},"12":{"start":{"line":37,"column":4},"end":{"line":40,"column":42}},"13":{"start":{"line":44,"column":0},"end":{"line":181,"column":1}},"14":{"start":{"line":47,"column":2},"end":{"line":57,"column":3}},"15":{"start":{"line":52,"column":4},"end":{"line":52,"column":42}},"16":{"start":{"line":53,"column":4},"end":{"line":55,"column":5}},"17":{"start":{"line":54,"column":6},"end":{"line":54,"column":48}},"18":{"start":{"line":56,"column":4},"end":{"line":56,"column":15}},"19":{"start":{"line":60,"column":2},"end":{"line":60,"column":46}},"20":{"start":{"line":61,"column":2},"end":{"line":63,"column":3}},"21":{"start":{"line":62,"column":4},"end":{"line":62,"column":21}},"22":{"start":{"line":66,"column":2},"end":{"line":96,"column":3}},"23":{"start":{"line":67,"column":4},"end":{"line":95,"column":5}},"24":{"start":{"line":68,"column":6},"end":{"line":68,"column":29}},"25":{"start":{"line":73,"column":6},"end":{"line":94,"column":7}},"26":{"start":{"line":74,"column":8},"end":{"line":89,"column":9}},"27":{"start":{"line":75,"column":10},"end":{"line":75,"column":50}},"28":{"start":{"line":76,"column":10},"end":{"line":76,"column":56}},"29":{"start":{"line":81,"column":10},"end":{"line":81,"column":50}},"30":{"start":{"line":82,"column":10},"end":{"line":82,"column":60}},"31":{"start":{"line":84,"column":10},"end":{"line":84,"column":56}},"32":{"start":{"line":85,"column":10},"end":{"line":86,"column":56}},"33":{"start":{"line":87,"column":10},"end":{"line":87,"column":35}},"34":{"start":{"line":88,"column":10},"end":{"line":88,"column":22}},"35":{"start":{"line":99,"column":2},"end":{"line":99,"column":51}},"36":{"start":{"line":100,"column":2},"end":{"line":100,"column":65}},"37":{"start":{"line":105,"column":2},"end":{"line":123,"column":3}},"38":{"start":{"line":109,"column":4},"end":{"line":113,"column":5}},"39":{"start":{"line":110,"column":6},"end":{"line":110,"column":32}},"40":{"start":{"line":111,"column":6},"end":{"line":111,"column":47}},"41":{"start":{"line":112,"column":6},"end":{"line":112,"column":68}},"42":{"start":{"line":114,"column":4},"end":{"line":116,"column":5}},"43":{"start":{"line":115,"column":6},"end":{"line":115,"column":74}},"44":{"start":{"line":117,"column":4},"end":{"line":119,"column":5}},"45":{"start":{"line":118,"column":6},"end":{"line":118,"column":73}},"46":{"start":{"line":120,"column":4},"end":{"line":122,"column":5}},"47":{"start":{"line":121,"column":6},"end":{"line":121,"column":32}},"48":{"start":{"line":125,"column":2},"end":{"line":125,"column":52}},"49":{"start":{"line":128,"column":2},"end":{"line":131,"column":3}},"50":{"start":{"line":129,"column":4},"end":{"line":129,"column":17}},"51":{"start":{"line":130,"column":4},"end":{"line":130,"column":24}},"52":{"start":{"line":134,"column":2},"end":{"line":138,"column":3}},"53":{"start":{"line":135,"column":4},"end":{"line":135,"column":30}},"54":{"start":{"line":136,"column":4},"end":{"line":136,"column":45}},"55":{"start":{"line":137,"column":4},"end":{"line":137,"column":43}},"56":{"start":{"line":141,"column":2},"end":{"line":143,"column":3}},"57":{"start":{"line":142,"column":4},"end":{"line":142,"column":55}},"58":{"start":{"line":146,"column":2},"end":{"line":148,"column":3}},"59":{"start":{"line":147,"column":4},"end":{"line":147,"column":56}},"60":{"start":{"line":151,"column":2},"end":{"line":153,"column":3}},"61":{"start":{"line":152,"column":4},"end":{"line":152,"column":30}},"62":{"start":{"line":155,"column":2},"end":{"line":157,"column":3}},"63":{"start":{"line":156,"column":4},"end":{"line":156,"column":40}},"64":{"start":{"line":159,"column":2},"end":{"line":165,"column":3}},"65":{"start":{"line":160,"column":4},"end":{"line":164,"column":5}},"66":{"start":{"line":161,"column":6},"end":{"line":161,"column":74}},"67":{"start":{"line":163,"column":6},"end":{"line":163,"column":48}},"68":{"start":{"line":167,"column":2},"end":{"line":167,"column":23}},"69":{"start":{"line":169,"column":2},"end":{"line":169,"column":13}},"70":{"start":{"line":170,"column":2},"end":{"line":176,"column":3}},"71":{"start":{"line":171,"column":4},"end":{"line":171,"column":70}},"72":{"start":{"line":173,"column":4},"end":{"line":175,"column":7}},"73":{"start":{"line":174,"column":6},"end":{"line":174,"column":79}},"74":{"start":{"line":178,"column":2},"end":{"line":178,"column":17}},"75":{"start":{"line":180,"column":2},"end":{"line":180,"column":52}},"76":{"start":{"line":184,"column":0},"end":{"line":208,"column":1}},"77":{"start":{"line":185,"column":2},"end":{"line":203,"column":3}},"78":{"start":{"line":187,"column":6},"end":{"line":187,"column":51}},"79":{"start":{"line":190,"column":6},"end":{"line":192,"column":76}},"80":{"start":{"line":193,"column":6},"end":{"line":193,"column":43}},"81":{"start":{"line":196,"column":6},"end":{"line":198,"column":7}},"82":{"start":{"line":197,"column":8},"end":{"line":197,"column":43}},"83":{"start":{"line":199,"column":6},"end":{"line":199,"column":47}},"84":{"start":{"line":202,"column":6},"end":{"line":202,"column":48}},"85":{"start":{"line":205,"column":2},"end":{"line":207,"column":3}},"86":{"start":{"line":206,"column":4},"end":{"line":206,"column":39}},"87":{"start":{"line":211,"column":0},"end":{"line":213,"column":1}},"88":{"start":{"line":212,"column":2},"end":{"line":212,"column":58}},"89":{"start":{"line":216,"column":0},"end":{"line":233,"column":1}},"90":{"start":{"line":217,"column":2},"end":{"line":217,"column":18}},"91":{"start":{"line":218,"column":2},"end":{"line":225,"column":3}},"92":{"start":{"line":219,"column":4},"end":{"line":224,"column":5}},"93":{"start":{"line":220,"column":6},"end":{"line":221,"column":28}},"94":{"start":{"line":223,"column":6},"end":{"line":223,"column":22}},"95":{"start":{"line":226,"column":2},"end":{"line":231,"column":5}},"96":{"start":{"line":227,"column":4},"end":{"line":230,"column":5}},"97":{"start":{"line":228,"column":6},"end":{"line":229,"column":22}},"98":{"start":{"line":232,"column":2},"end":{"line":232,"column":16}},"99":{"start":{"line":236,"column":0},"end":{"line":293,"column":1}},"100":{"start":{"line":237,"column":2},"end":{"line":237,"column":16}},"101":{"start":{"line":238,"column":2},"end":{"line":250,"column":3}},"102":{"start":{"line":239,"column":4},"end":{"line":249,"column":5}},"103":{"start":{"line":240,"column":6},"end":{"line":244,"column":7}},"104":{"start":{"line":241,"column":8},"end":{"line":241,"column":56}},"105":{"start":{"line":243,"column":8},"end":{"line":243,"column":49}},"106":{"start":{"line":246,"column":6},"end":{"line":248,"column":7}},"107":{"start":{"line":247,"column":8},"end":{"line":247,"column":49}},"108":{"start":{"line":251,"column":2},"end":{"line":253,"column":3}},"109":{"start":{"line":252,"column":4},"end
[...]
   * @param {String} message","   * @namespace Assert","   * @api public","   */","","  assert.propertyVal = function (obj, prop, val, msg) {","    new Assertion(obj, msg).to.have.property(prop, val);","  };","","  /**","   * ### .propertyNotVal(object, property, value, [message])","   *","   * Asserts that `object` has a property named by `property`, but with a value","   * different from that given by `value`.","   *","   *     assert.propertyNotVal({ tea: 'is good' }, 'tea', 'is bad');","   *","   * @name propertyNotVal","   * @param {Object} object","   * @param {String} property","   * @param {Mixed} value","   * @param {String} message","   * @namespace Assert","   * @api public","   */","","  assert.propertyNotVal = function (obj, prop, val, msg) {","    new Assertion(obj, msg).to.not.have.property(prop, val);","  };","","  /**","   * ### .deepPropertyVal(object, property, value, [message])","   *","   * Asserts that `object` has a property named by `property` with value given","   * by `value`. `property` can use dot- and bracket-notation for deep","   * reference.","   *","   *     assert.deepPropertyVal({ tea: { green: 'matcha' }}, 'tea.green', 'matcha');","   *","   * @name deepPropertyVal","   * @param {Object} object","   * @param {String} property","   * @param {Mixed} value","   * @param {String} message","   * @namespace Assert","   * @api public","   */","","  assert.deepPropertyVal = function (obj, prop, val, msg) {","    new Assertion(obj, msg).to.have.deep.property(prop, val);","  };","","  /**","   * ### .deepPropertyNotVal(object, property, value, [message])","   *","   * Asserts that `object` has a property named by `property`, but with a value","   * different from that given by `value`. `property` can use dot- and","   * bracket-notation for deep reference.","   *","   *     assert.deepPropertyNotVal({ tea: { green: 'matcha' }}, 'tea.green', 'konacha');","   *","   * @name deepPropertyNotVal","   * @param {Object} object","   * @param {String} property","   * @param {Mixed} value","   * @param {String} message","   * @namespace Assert","   * @api public","   */","","  assert.deepPropertyNotVal = function (obj, prop, val, msg) {","    new Assertion(obj, msg).to.not.have.deep.property(prop, val);","  };","","  /**","   * ### .lengthOf(object, length, [message])","   *","   * Asserts that `object` has a `length` property with the expected value.","   *","   *     assert.lengthOf([1,2,3], 3, 'array has length of 3');","   *     assert.lengthOf('foobar', 6, 'string has length of 6');","   *","   * @name lengthOf","   * @param {Mixed} object","   * @param {Number} length","   * @param {String} message","   * @namespace Assert","   * @api public","   */","","  assert.lengthOf = function (exp, len, msg) {","    new Assertion(exp, msg).to.have.length(len);","  };","","  /**","   * ### .throws(function, [constructor/string/regexp], [string/regexp], [message])","   *","   * Asserts that `function` will throw an error that is an instance of","   * `constructor`, or alternately that it will throw an error with message","   * matching `regexp`.","   *","   *     assert.throws(fn, 'function throws a reference error');","   *     assert.throws(fn, /function throws a reference error/);","   *     assert.throws(fn, ReferenceError);","   *     assert.throws(fn, ReferenceError, 'function throws a reference error');","   *     assert.throws(fn, ReferenceError, /function throws a reference error/);","   *","   * @name throws","   * @alias throw","   * @alias Throw","   * @param {Function} function","   * @param {ErrorConstructor} constructor","   * @param {RegExp} regexp","   * @param {String} message","   * @see https://developer.mozilla.org/en/JavaScript/Reference/Global_Objects/Error#Error_types","   * @namespace Assert","   * @api public","   */","","  assert.throws = function (fn, errt, errs, msg) {","    if ('string' === typeof errt || errt instanceof RegExp) {","      errs = errt;","      errt = null;","    }","","    var assertErr = new Assertion(fn, msg).to.throw(errt, errs);","    return flag(assertErr, 'object');","  };","","  /**","   * ### .doesNotThrow(function, [constructor/regexp], [message])","   *","   * Asserts that `function` will _not_ throw an error that is an instance of","   * `constructor`, or alternately that it will not throw an error with message","   * matching `regexp`.","   *","   *     assert.doesNotThrow(fn, Error, 'function does not throw');","   *","   * @name doesNotThrow","   * @param {Function} function","   * @param {ErrorConstructor} constructor","   * @param {RegExp} regexp","   * @param {String} message","   * @see https://developer.mozilla.org/en/JavaScript/Reference/Global_Objects/Error#Error_types","   * @namespace Assert","   * @api public","   */","","  assert.doesNotThrow = function (fn, type, msg) {","    if ('string' === typeof type) {","      msg = type;","      type = null;","    }","","    new Assertion(fn, msg).to.not.Throw(type);","  };","","  /**","   * ### .operator(val1, operator, val2, [message])","   *","   * Compares two values using `operator`.","   *","   *     assert.operator(1, '<', 2, 'everything is ok');","   *     assert.operator(1, '>', 2, 'this will fail');","   *","   * @name operator","   * @param {Mixed} val1","   * @param {String} operator","   * @param {Mixed} val2","   * @param {String} message","   * @namespace Assert","   * @api public","   */","","  assert.operator = function (val, operator, val2, msg) {","    var ok;","    switch(operator) {","      case '==':","        ok = val == val2;","        break;","      case '===':","        ok = val === val2;","        break;","      case '>':","        ok = val > val2;","        break;","      case '>=':","        ok = val >= val2;","        break;","      case '<':","        ok = val < val2;","        break;","      case '<=':","        ok = val <= val2;","        break;","      case '!=':","        ok = val != val2;","        break;","      case '!==':","        ok = val !== val2;","        break;","      default:","        throw new Error('Invalid operator \"' + operator + '\"');","    }","    var test = new Assertion(ok, msg);","    test.assert(","        true === flag(test, 'object')","      , 'expected ' + util.inspect(val) + ' to be ' + operator + ' ' + util.inspect(val2)","      , 'expected ' + util.inspect(val) + ' to not be ' + operator + ' ' + util.inspect(val2) );","  };","","  /**","   * ### .closeTo(actual, expected, delta, [message])","   *","   * Asserts that the target is equal `expected`, to within a +/- `delta` range.","   *","   *     assert.closeTo(1.5, 1, 0.5, 'numbers are close');","   *","   * @name closeTo","   * @param {Number} actual","   * @param {Number} expected","   * @param {Number} delta","   * @param {String} message","   * @namespace Assert","   * @api public","   */","","  assert.closeTo = function (act, exp, delta, msg) {","    new Assertion(act, msg).to.be.closeTo(exp, delta);","  };","","  /**","   * ### .approximately(actual, expected, delta, [message])","   *","   * Asserts that the target is equal `expected`, to within a +/- `delta` range.","   *","   *     assert.approximately(1.5, 1, 0.5, 'numbers are close');","   *","   * @name approximately","   * @param {Number} actual","   * @param {Number} expected","   * @param {Number} delta","   * @param {String} message","   * @namespace Assert","   * @api public","   */","","  assert.approximately = function (act, exp, delta, msg) {","    new Assertion(act, msg).to.be.approximately(exp, delta);","  };","","  /**","   * ### .sameMembers(set1, set2, [message])","   *","   * Asserts that `set1` and `set2` have the same members.","   * Order is not taken into account.","   *","   *     assert.sameMembers([ 1, 2, 3 ], [ 2, 1, 3 ], 'same members');","   *","   * @name sameMembers","   * @param {Array} set1","   * @param {Array} set2","   * @param {String} message","   * @namespace Assert","   * @api public","   */","","  assert.sameMembers = function (set1, set2, msg) {","    new Assertion(set1, msg).to.have.same.members(set2);","  }","","  /**","   * ### .sameDeepMembers(set1, set2, [message])","   *","   * Asserts that `set1` and `set2` have the same members - using a deep equality checking.","   * Order is not taken into account.","   *","   *     assert.sameDeepMembers([ {b: 3}, {a: 2}, {c: 5} ], [ {c: 5}, {b: 3}, {a: 2} ], 'same deep members');","   *","   * @name sameDeepMembers","   * @param {Array} set1","   * @param {Array} set2","   * @param {String} message","   * @namespace Assert","   * @api public","   */","","  assert.sameDeepMembers = function (set1, set2, msg) {","    new Assertion(set1, msg).to.have.same.deep.members(set2);","  }","","  /**","   * ### .includeMembers(superset, subset, [message])","   *","   * Asserts that `subset` is included in `superset`.","   * Order is not taken into account.","   *","   *     assert.includeMembers([ 1, 2, 3 ], [ 2, 1 ], 'include members');","   *","   * @name includeMembers","   * @param {Array} superset","   * @param {Array} subset","   * @param {String} message","   * @namespace Assert","   * @api public","   */","","  assert.includeMembers = function (superset, subset, msg) {","    new Assertion(superset, msg).to.include.members(subset);","  }","","  /**","   * ### .includeDeepMembers(superset, subset, [message])","   *","   * Asserts that `subset` is included in `superset` - using deep equality checking.","   * Order is not taken into account.","   * Duplicates are ignored.","   *","   *     assert.includeDeepMembers([ {a: 1}, {b: 2}, {c: 3} ], [ {b: 2}, {a: 1}, {b: 2} ], 'include deep members');","   *","   * @name includeDeepMembers","   * @param {Array} superset","   * @param {Array} subset","   * @param {String} message","   * @namespace Assert","   * @api public","   */","","  assert.includeDeepMembers = function (superset, subset, msg) {","    new Assertion(superset, msg).to.include.deep.members(subset);","  }","","  /**","   * ### .oneOf(inList, list, [message])","   *","   * Asserts that non-object, non-array value `inList` appears in the flat array `list`.","   *","   *     assert.oneOf(1, [ 2, 1 ], 'Not found in list');","   *","   * @name oneOf","   * @param {*} inList","   * @param {Array<*>} list","   * @param {String} message","   * @namespace Assert","   * @api public","   */","","  assert.oneOf = function (inList, list, msg) {","    new Assertion(inList, msg).to.be.oneOf(list);","  }","","   /**","   * ### .changes(function, object, property)","   *","   * Asserts that a function changes the value of a property","   *","   *     var obj = { val: 10 };","   *     var fn = function() { obj.val = 22 };","   *     assert.changes(fn, obj, 'val');","   *","   * @name changes","   * @param {Function} modifier function","   * @param {Object} object","   * @param {String} property name","   * @param {String} message _optional_","   * @namespace Assert","   * @api public","   */","","  assert.changes = function (fn, obj, prop) {","    new Assertion(fn).to.change(obj, prop);","  }","","   /**","   * ### .doesNotChange(function, object, property)","   *","   * Asserts that a function does not changes the value of a property","   *","   *     var obj = { val: 10 };","   *     var fn = function() { console.log('foo'); };","   *     assert.doesNotChange(fn, obj, 'val');","   *","   * @name doesNotChange","   * @param {Function} modifier function","   * @param {Object} object","   * @param {String} property name","   * @param {String} message _optional_","   * @namespace Assert","   * @api public","   */","","  assert.doesNotChange = function (fn, obj, prop) {","    new Assertion(fn).to.not.change(obj, prop);","  }","","   /**","   * ### .increases(function, object, property)","   *","   * Asserts that a function increases an object property","   *","   *     var obj = { val: 10 };","   *     var fn = function() { obj.val = 13 };","   *     assert.increases(fn, obj, 'val');","   *","   * @name increases","   * @param {Function} modifier function","   * @param {Object} object","   * @param {String} property name","   * @param {String} message _optional_","   * @namespace Assert","   * @api public","   */","","  assert.increases = function (fn, obj, prop) {","    new Assertion(fn).to.increase(obj, prop);","  }","","   /**","   * ### .doesNotIncrease(function, object, property)","   *","   * Asserts that a function does not increase object property","   *","   *     var obj = { val: 10 };","   *     var fn = function() { obj.val = 8 };","   *     assert.doesNotIncrease(fn, obj, 'val');","   *","   * @name doesNotIncrease","   * @param {Function} modifier function","   * @param {Object} object","   * @param {String} property name","   * @param {String} message _optional_","   * @namespace Assert","   * @api public","   */","","  assert.doesNotIncrease = function (fn, obj, prop) {","    new Assertion(fn).to.not.increase(obj, prop);","  }","","   /**","   * ### .decreases(function, object, property)","   *","   * Asserts that a function decreases an object property","   *","   *     var obj = { val: 10 };","   *     var fn = function() { obj.val = 5 };","   *     assert.decreases(fn, obj, 'val');","   *","   * @name decreases","   * @param {Function} modifier function","   * @param {Object} object","   * @param {String} property name","   * @param {String} message _optional_","   * @namespace Assert","   * @api public","   */","","  assert.decreases = function (fn, obj, prop) {","    new Assertion(fn).to.decrease(obj, prop);","  }","","   /**","   * ### .doesNotDecrease(function, object, property)","   *","   * Asserts that a function does not decreases an object property","   *","   *     var obj = { val: 10 };","   *     var fn = function() { obj.val = 15 };","   *     assert.doesNotDecrease(fn, obj, 'val');","   *","   * @name doesNotDecrease","   * @param {Function} modifier function","   * @param {Object} object","   * @param {String} property name","   * @param {String} message _optional_","   * @namespace Assert","   * @api public","   */","","  assert.doesNotDecrease = function (fn, obj, prop) {","    new Assertion(fn).to.not.decrease(obj, prop);","  }","","  /*!","   * ### .ifError(object)","   *","   * Asserts if value is not a false value, and throws if it is a true value.","   * This is added to allow for chai to be a drop-in replacement for Node's","   * assert class.","   *","   *     var err = new Error('I am a custom error');","   *     assert.ifError(err); // Rethrows err!","   *","   * @name ifError","   * @param {Object} object","   * @namespace Assert","   * @api public","   */","","  assert.ifError = function (val) {","    if (val) {","      throw(val);","    }","  };","","  /**","   * ### .isExtensible(object)","   *","   * Asserts that `object` is extensible (can have new properties added to it).","   *","   *     assert.isExtensible({});","   *","   * @name isExtensible","   * @alias extensible","   * @param {Object} object","   * @param {String} message _optional_","   * @namespace Assert","   * @api public","   */","","  assert.isExtensible = function (obj, msg) {","    new Assertion(obj, msg).to.be.extensible;","  };","","  /**","   * ### .isNotExtensible(object)","   *","   * Asserts that `object` is _not_ extensible.","   *","   *     var nonExtensibleObject = Object.preventExtensions({});","   *     var sealedObject = Object.seal({});","   *     var frozenObject = Object.freese({});","   *","   *     assert.isNotExtensible(nonExtensibleObject);","   *     assert.isNotExtensible(sealedObject);","   *     assert.isNotExtensible(frozenObject);","   *","   * @name isNotExtensible","   * @alias notExtensible","   * @param {Object} object","   * @param {String} message _optional_","   * @namespace Assert","   * @api public","   */","","  assert.isNotExtensible = function (obj, msg) {","    new Assertion(obj, msg).to.not.be.extensible;","  };","","  /**","   * ### .isSealed(object)","   *","   * Asserts that `object` is sealed (cannot have new properties added to it","   * and its existing properties cannot be removed).","   *","   *     var sealedObject = Object.seal({});","   *     var frozenObject = Object.seal({});","   *","   *     assert.isSealed(sealedObject);","   *     assert.isSealed(frozenObject);","   *","   * @name isSealed","   * @alias sealed","   * @param {Object} object","   * @param {String} message _optional_","   * @namespace Assert","   * @api public","   */","","  assert.isSealed = function (obj, msg) {","    new Assertion(obj, msg).to.be.sealed;","  };","","  /**","   * ### .isNotSealed(object)","   *","   * Asserts that `object` is _not_ sealed.","   *","   *     assert.isNotSealed({});","   *","   * @name isNotSealed","   * @alias notSealed","   * @param {Object} object","   * @param {String} message _optional_","   * @namespace Assert","   * @api public","   */","","  assert.isNotSealed = function (obj, msg) {","    new Assertion(obj, msg).to.not.be.sealed;","  };","","  /**","   * ### .isFrozen(object)","   *","   * Asserts that `object` is frozen (cannot have new properties added to it","   * and its existing properties cannot be modified).","   *","   *     var frozenObject = Object.freeze({});","   *     assert.frozen(frozenObject);","   *","   * @name isFrozen","   * @alias frozen","   * @param {Object} object","   * @param {String} message _optional_","   * @namespace Assert","   * @api public","   */","","  assert.isFrozen = function (obj, msg) {","    new Assertion(obj, msg).to.be.frozen;","  };","","  /**","   * ### .isNotFrozen(object)","   *","   * Asserts that `object` is _not_ frozen.","   *","   *     assert.isNotFrozen({});","   *","   * @name isNotFrozen","   * @alias notFrozen","   * @param {Object} object","   * @param {String} message _optional_","   * @namespace Assert","   * @api public","   */","","  assert.isNotFrozen = function (obj, msg) {","    new Assertion(obj, msg).to.not.be.frozen;","  };","","  /*!","   * Aliases.","   */","","  (function alias(name, as){","    assert[as] = assert[name];","    return alias;","  })","  ('isOk', 'ok')","  ('isNotOk', 'notOk')","  ('throws', 'throw')","  ('throws', 'Throw')","  ('isExtensible', 'extensible')","  ('isNotExtensible', 'notExtensible')","  ('isSealed', 'sealed')","  ('isNotSealed', 'notSealed')","  ('isFrozen', 'frozen')","  ('isNotFrozen', 'notFrozen');","};",""],"l":{"8":1,"14":1,"36":1,"37":0,"38":0,"59":1,"60":0,"61":0,"84":1,"85":0,"104":1,"105":0,"123":1,"124":0,"126":0,"150":1,"151":0,"153":0,"177":1,"178":0,"196":1,"197":0,"215":1,"216":0,"234":1,"235":0,"253":1,"254":0,"273":1,"274":0,"292":1,"293":0,"312":1,"313":0,"331":1,"332":0,"350":1,"351":0,"369":1,"370":0,"388":1,"389":0,"406":1,"407":0,"425":1,"426":0,"442":1,"443":0,"458":1,"459":0,"477":1,"478":0,"496":1,"497":0,"515":1,"516":0,"534":1,"535":0,"554":1,"555":0,"574":1,"575":0,"593":1,"594":0,"612":1,"613":0,"631":1,"632":0,"650":1,"651":0,"669":1,"670":0,"688":1,"689":0,"710":1,"711":0,"732":1,"733":0,"757":1,"758":0,"777":1,"778":0,"799":1,"800":0,"821":1,"822":0,"842":1,"843":0,"863":1,"864":0,"882":1,"883":0,"901":1,"902":0,"920":1,"921":0,"939":1,"940":0,"959":1,"960":0,"979":1,"980":0,"1000":1,"1001":0,"1021":1,"1022":0,"1043":1,"1044":0,"1065":1,"1066":0,"1085":1,"1086":0,"1114":1,"1115":0,"1116":0,"1117":0,"1120":0,"1121":0,"1143":1,"1144":0,"1145":0,"1146":0,"1149":0,"1169":1,"1170":0,"1171":0,"1173":0,"1174":0,"1176":0,"1177":0,"1179":0,"1180":0,"1182":0,"1183":0,"1185":0,"1186":0,"1188":0,"1189":0,"1191":0,"1192":0,"1194":0,"1195":0,"1197":0,"1199":0,"1200":0,"1222":1,"1223":0,"1242":1,"1243":0,"1262":1,"1263":0,"1282":1,"1283":0,"1302":1,"1303":0,"1323":1,"1324":0,"1342":1,"1343":0,"1364":1,"1365":0,"1386":1,"1387":0,"1408":1,"1409":0,"1430":1,"1431":0,"1452":1,"1453":0,"1474":1,"1475":0,"1494":1,"1495":0,"1496":0,"1515":1,"1516":0,"1540":1,"1541":0,"1564":1,"1565":0,"1583":1,"1584":0,"1604":1,"1605":0,"1623":1,"1624":0,"1631":1,"1632":10,"1633":10}}}