{"/home/travis/build/npmtest/node-npmtest-chai/test.js":{"path":"/home/travis/build/npmtest/node-npmtest-chai/test.js","s":{"1":2,"2":2,"3":2,"4":2,"5":2,"6":2,"7":2,"8":1,"9":2,"10":2,"11":1,"12":1,"13":1,"14":1,"15":2,"16":2,"17":2,"18":2,"19":1,"20":1,"21":2,"22":2,"23":2,"24":1,"25":1,"26":1,"27":1,"28":1,"29":1,"30":1,"31":1,"32":1,"33":1,"34":1,"35":1,"36":1,"37":1,"38":1,"39":2,"40":2,"41":1,"42":2,"43":2,"44":1,"45":2,"46":2,"47":1,"48":2,"49":2,"50":1,"51":1,"52":1,"53":1,"54":1},"b":{"1":[2,1,1,1],"2":[1,1,1,1],"3":[1,1],"4":[1,1],"5":[1,1],"6":[1,1],"7":[1,1],"8":[1,1],"9":[1,1],"10":[1,1,1],"11":[1,1],"12":[1,1],"13":[1,1],"14":[1,1],"15":[1,1],"16":[1,1],"17":[1,1]},"f":{"1":2,"2":2,"3":2,"4":2,"5":2,"6":1,"7":1,"8":1,"9":2,"10":2,"11":2,"12":2,"13":1},"fnMap":{"1":{"name":"(anonymous_1)","line":12,"loc":{"start":{"line":12,"column":1},"end":{"line":12,"column":13}}},"2":{"name":"(anonymous_2)","line":19,"loc":{"start":{"line":19,"column":5},"end":{"line":19,"column":17}}},"3":{"name":"(anonymous_3)","line":23,"loc":{"start":{"line":23,"column":24},"end":{"line":23,"column":36}}},"4":{"name":"(anonymous_4)","line":61,"loc":{"start":{"line":61,"column":5},"end":{"line":61,"column":17}}},"5":{"name":"(anonymous_5)","line":82,"loc":{"start":{"line":82,"column":5},"end":{"line":82,"column":17}}},"6":{"name":"(anonymous_6)","line":91,"loc":{"start":{"line":91,"column":77},"end":{"line":94,"column":10}}},"7":{"name":"(anonymous_7)","line":112,"loc":{"start":{"line":112,"column":83},"end":{"line":115,"column":10}},"skip":true},"8":{"name":"(anonymous_8)","line":123,"loc":{"start":{"line":123,"column":77},"end":{"line":126,"column":10}},"skip":true},"9":{"name":"(anonymous_9)","line":139,"loc":{"start":{"line":139,"column":12},"end":{"line":139,"column":40}},"skip":true},"10":{"name":"(anonymous_10)","line":147,"loc":{"start":{"line":147,"column":77},"end":{"line":150,"column":10}},"skip":true},"11":{"name":"(anonymous_11)","line":158,"loc":{"start":{"line":158,"column":83},"end":{"line":161,"column":10}},"skip":true},"12":{"name":"(anonymous_12)","line":169,"loc":{"start":{"line":169,"column":79},"end":{"line":172,"column":10}},"skip":true},"13":{"name":"(anonymous_13)","line":180,"loc":{"start":{"line":180,"column":75},"end":{"line":183,"column":10}},"skip":true}},"statementMap":{"1":{"start":{"line":12,"column":0},"end":{"line":195,"column":5}},"2":{"start":{"line":14,"column":4},"end":{"line":14,"column":14}},"3":{"start":{"line":19,"column":4},"end":{"line":56,"column":9}},"4":{"start":{"line":21,"column":8},"end":{"line":21,"column":19}},"5":{"start":{"line":23,"column":8},"end":{"line":35,"column":13}},"6":{"start":{"line":24,"column":12},"end":{"line":34,"column":13}},"7":{"start":{"line":25,"column":16},"end":{"line":28,"column":30}},"8":{"start":{"line":30,"column":16},"end":{"line":33,"column":27}},"9":{"start":{"line":37,"column":8},"end":{"line":39,"column":21}},"10":{"start":{"line":40,"column":8},"end":{"line":53,"column":9}},"11":{"start":{"line":43,"column":12},"end":{"line":46,"column":14}},"12":{"start":{"line":47,"column":12},"end":{"line":47,"column":18}},"13":{"start":{"line":50,"column":12},"end":{"line":51,"column":46}},"14":{"start":{"line":52,"column":12},"end":{"line":52,"column":18}},"15":{"start":{"line":55,"column":8},"end":{"line":55,"column":35}},"16":{"start":{"line":61,"column":4},"end":{"line":63,"column":9}},"17":{"start":{"line":62,"column":8},"end":{"line":62,"column":15}},"18":{"start":{"line":64,"column":4},"end":{"line":77,"column":5}},"19":{"start":{"line":70,"column":8},"end":{"line":70,"column":14}},"20":{"start":{"line":76,"column":8},"end":{"line":76,"column":14}},"21":{"start":{"line":82,"column":4},"end":{"line":84,"column":9}},"22":{"start":{"line":83,"column":8},"end":{"line":83,"column":15}},"23":{"start":{"line":85,"column":4},"end":{"line":194,"column":5}},"24":{"start":{"line":91,"column":8},"end":{"line":99,"column":10}},"25":{"start":{"line":98,"column":12},"end":{"line":98,"column":35}},"26":{"start":{"line":102,"column":8},"end":{"line":104,"column":63}},"27":{"start":{"line":105,"column":8},"end":{"line":105,"column":14}},"28":{"start":{"line":112,"column":8},"end":{"line":121,"column":10},"skip":true},"29":{"start":{"line":119,"column":12},"end":{"line":119,"column":55},"skip":true},"30":{"start":{"line":120,"column":12},"end":{"line":120,"column":48},"skip":true},"31":{"start":{"line":123,"column":8},"end":{"line":136,"column":10},"skip":true},"32":{"start":{"line":130,"column":12},"end":{"line":130,"column":76},"skip":true},"33":{"start":{"line":131,"column":12},"end":{"line":131,"column":73},"skip":true},"34":{"start":{"line":132,"column":12},"end":{"line":132,"column":74},"skip":true},"35":{"start":{"line":133,"column":12},"end":{"line":133,"column":79},"skip":true},"36":{"start":{"line":134,"column":12},"end":{"line":134,"column":25},"skip":true},"37":{"start":{"line":135,"column":12},"end":{"line":135,"column":45},"skip":true},"38":{"start":{"line":138,"column":8},"end":{"line":145,"column":14},"skip":true},"39":{"start":{"line":143,"column":16},"end":{"line":143,"column":29},"skip":true},"40":{"start":{"line":144,"column":16},"end":{"line":144,"column":55},"skip":true},"41":{"start":{"line":147,"column":8},"end":{"line":156,"column":10},"skip":true},"42":{"start":{"line":154,"column":12},"end":{"line":154,"column":25},"skip":true},"43":{"start":{"line":155,"column":12},"end":{"line":155,"column":45},"skip":true},"44":{"start":{"line":158,"column":8},"end":{"line":167,"column":10},"skip":true},"45":{"start":{"line":165,"column":12},"end":{"line":165,"column":25},"skip":true},"46":{"start":{"line":166,"column":12},"end":{"line":166,"column":48},"skip":true},"47":{"start":{"line":169,"column":8},"end":{"line":178,"column":10},"skip":true},"48":{"start":{"line":176,"column":12},"end":{"line":176,"column":25},"skip":true},"49":{"start":{"line":177,"column":12},"end":{"line":177,"column":46},"skip":true},"50":{"start":{"line":180,"column":8},"end":{"line":189,"column":10},"skip":true},"51":{"start":{"line":187,"column":12},"end":{"line":187,"column":94},"skip":true},"52":{"start":{"line":188,"column":12},"end":{"line":188,"column":48},"skip":true},"53":{"start":{"line":192,"column":8},"end":{"line":192,"column":35},"skip":true},"54":{"start":{"line":193,"column":8},"end":{"line":193,"column":14},"skip":true}},"branchMap":{"1":{"line":25,"type":"binary-expr","locations":[{"start":{"line":25,"column":23},"end":{"line":25,"column":62}},{"start":{"line":26,"column":20},"end":{"line":26,"column":70}},{"start":{"line":27,"column":20},"end":{"line":27,"column":71}},{"start":{"line":28,"column":20},"end":{"line":28,"column":29}}]},"2":{"line":30,"type":"binary-expr","locations":[{"start":{"line":30,"column":23},"end":{"line":30,"column":37}},{"start":{"line":31,"column":20},"end":{"line":31,"column":61}},{"start":{"line":32,"column":20},"end":{"line":32,"column":70}},{"start":{"line":33,"column":20},"end":{"line":33,"column":26}}]},"3":{"line":37,"type":"cond-expr","locations":[{"start":{"line":38,"column":14},"end":{"line":38,"column":20}},{"start":{"line":39,"column":14},"end":{"line":39,"column":20}}]},"4":{"line":40,"type":"switch","locations":[{"start":{"line":42,"column":8},"end":{"line":47,"column":18}},{"start":{"line":49,"column":8},"end":{"line":52,"column":18}}]},"5":{"line":44,"type":"binary-expr","locations":[{"start":{"line":44,"column":16},"end":{"line":44,"column":44}},{"start":{"line":44,"column":48},"end":{"line":44,"column":66}}]},"6":{"line":50,"type":"binary-expr","locations":[{"start":{"line":50,"column":21},"end":{"line":50,"column":49}},{"start":{"line":50,"column":53},"end":{"line":50,"column":72}}]},"7":{"line":64,"type":"switch","locations":[{"start":{"line":69,"column":4},"end":{"line":70,"column":14}},{"start":{"line":75,"column":4},"end":{"line":76,"column":14}}]},"8":{"line":85,"type":"switch","locations":[{"start":{"line":90,"column":4},"end":{"line":105,"column":14}},{"start":{"line":111,"column":4},"end":{"line":193,"column":14},"skip":true}]},"9":{"line":91,"type":"binary-expr","locations":[{"start":{"line":91,"column":42},"end":{"line":91,"column":73}},{"start":{"line":91,"column":77},"end":{"line":99,"column":9}}]},"10":{"line":102,"type":"binary-expr","locations":[{"start":{"line":102,"column":18},"end":{"line":102,"column":32}},{"start":{"line":103,"column":12},"end":{"line":103,"column":53}},{"start":{"line":104,"column":12},"end":{"line":104,"column":61}}]},"11":{"line":112,"type":"binary-expr","locations":[{"start":{"line":112,"column":45},"end":{"line":112,"column":79},"skip":true},{"start":{"line":112,"column":83},"end":{"line":121,"column":9},"skip":true}]},"12":{"line":123,"type":"binary-expr","locations":[{"start":{"line":123,"column":42},"end":{"line":123,"column":73},"skip":true},{"start":{"line":123,"column":77},"end":{"line":136,"column":9},"skip":true}]},"13":{"line":138,"type":"binary-expr","locations":[{"start":{"line":138,"column":48},"end":{"line":138,"column":85},"skip":true},{"start":{"line":139,"column":12},"end":{"line":145,"column":13},"skip":true}]},"14":{"line":147,"type":"binary-expr","locations":[{"start":{"line":147,"column":42},"end":{"line":147,"column":73},"skip":true},{"start":{"line":147,"column":77},"end":{"line":156,"column":9},"skip":true}]},"15":{"line":158,"type":"binary-expr","locations":[{"start":{"line":158,"column":45},"end":{"line":158,"column":79},"skip":true},{"start":{"line":158,"column":83},"end":{"line":167,"column":9},"skip":true}]},"16":{"line":169,"type":"binary-expr","locations":[{"start":{"line":169,"column":43},"end":{"line":169,"column":75},"skip":true},{"start":{"line":169,"column":79},"end":{"line":178,"column":9},"skip":true}]},"17":{"line":180,"type":"binary-expr","locations":[{"start":{"line":180,"column":41},"end":{"line":180,"column":71},"skip":true},{"start":{"line":180,"column":75},"end":{"line":189,"column":9},"skip":true}]}},"code":["/* istanbul instrument in package npmtest_chai */","/*jslint","    bitwise: true,","    browser: true,","    maxerr: 8,","    maxlen: 96,","    node: true,","    nomen: true,","    regexp: true,","    stupid: true","*/","(function () {","    'use strict';","    var local;","","","","    // run shared js-env code - pre-init","    (function () {","        // init local","        local = {};","        // init modeJs","        local.modeJs = (function () {","            try {","                return typeof navigator.userAgent === 'string' &&","                    typeof document.querySelector('body') === 'object' &&","                    typeof XMLHttpRequest.prototype.open === 'function' &&","                    'browser';","            } catch (errorCaughtBrowser) {","                return module.exports &&","                    typeof process.versions.node === 'string' &&","                    typeof require('http').createServer === 'function' &&","                    'node';","            }","        }());","        // init global","        local.global = local.modeJs === 'browser'","            ? window","            : global;","        switch (local.modeJs) {","        // re-init local from window.local","        case 'browser':","            local = local.global.utility2.objectSetDefault(","                local.global.utility2_rollup || local.global.local,","                local.global.utility2","            );","            break;","        // re-init local from example.js","        case 'node':","            local = (local.global.utility2_rollup || require('utility2'))","                .requireExampleJsFromReadme();","            break;","        }","        // export local","        local.global.local = local;","    }());","","","","    // run shared js-env code - function","    (function () {","        return;","    }());","    switch (local.modeJs) {","","","","    // run browser js-env code - function","    case 'browser':","        break;","","","","    // run node js-env code - function","    case 'node':","        break;","    }","","","","    // run shared js-env code - post-init","    (function () {","        return;","    }());","    switch (local.modeJs) {","","","","    // run browser js-env code - post-init","    case 'browser':","        local.testCase_browser_nullCase = local.testCase_browser_nullCase || function (","            options,","            onError","        ) {","        /*","         * this function will test browsers's null-case handling-behavior-behavior","         */","            onError(null, options);","        };","","        // run tests","        local.nop(local.modeTest &&","            document.querySelector('#testRunButton1') &&","            document.querySelector('#testRunButton1').click());","        break;","","","","    // run node js-env code - post-init","    /* istanbul ignore next */","    case 'node':","        local.testCase_buildApidoc_default = local.testCase_buildApidoc_default || function (","            options,","            onError","        ) {","        /*","         * this function will test buildApidoc's default handling-behavior-behavior","         */","            options = { modulePathList: module.paths };","            local.buildApidoc(options, onError);","        };","","        local.testCase_buildApp_default = local.testCase_buildApp_default || function (","            options,","            onError","        ) {","        /*","         * this function will test buildApp's default handling-behavior-behavior","         */","            local.testCase_buildReadme_default(options, local.onErrorThrow);","            local.testCase_buildLib_default(options, local.onErrorThrow);","            local.testCase_buildTest_default(options, local.onErrorThrow);","            local.testCase_buildCustomOrg_default(options, local.onErrorThrow);","            options = [];","            local.buildApp(options, onError);","        };","","        local.testCase_buildCustomOrg_default = local.testCase_buildCustomOrg_default ||","            function (options, onError) {","            /*","             * this function will test buildCustomOrg's default handling-behavior","             */","                options = {};","                local.buildCustomOrg(options, onError);","            };","","        local.testCase_buildLib_default = local.testCase_buildLib_default || function (","            options,","            onError","        ) {","        /*","         * this function will test buildLib's default handling-behavior","         */","            options = {};","            local.buildLib(options, onError);","        };","","        local.testCase_buildReadme_default = local.testCase_buildReadme_default || function (","            options,","            onError","        ) {","        /*","         * this function will test buildReadme's default handling-behavior-behavior","         */","            options = {};","            local.buildReadme(options, onError);","        };","","        local.testCase_buildTest_default = local.testCase_buildTest_default || function (","            options,","            onError","        ) {","        /*","         * this function will test buildTest's default handling-behavior","         */","            options = {};","            local.buildTest(options, onError);","        };","","        local.testCase_webpage_default = local.testCase_webpage_default || function (","            options,","            onError","        ) {","        /*","         * this function will test webpage's default handling-behavior","         */","            options = { modeCoverageMerge: true, url: local.serverLocalHost + '?modeTest=1' };","            local.browserTest(options, onError);","        };","","        // run test-server","        local.testRunServer(local);","        break;","    }","}());",""],"l":{"12":2,"14":2,"19":2,"21":2,"23":2,"24":2,"25":2,"30":1,"37":2,"40":2,"43":1,"47":1,"50":1,"52":1,"55":2,"61":2,"62":2,"64":2,"70":1,"76":1,"82":2,"83":2,"85":2,"91":1,"98":1,"102":1,"105":1,"112":1,"119":1,"120":1,"123":1,"130":1,"131":1,"132":1,"133":1,"134":1,"135":1,"138":1,"143":2,"144":2,"147":1,"154":2,"155":2,"158":1,"165":2,"166":2,"169":1,"176":2,"177":2,"180":1,"187":1,"188":1,"192":1,"193":1}},"/home/travis/build/npmtest/node-npmtest-chai/lib.npmtest_chai.js":{"path":"/home/travis/build/npmtest/node-npmtest-chai/lib.npmtest_chai.js","s":{"1":2,"2":2,"3":2,"4":2,"5":2,"6":2,"7":2,"8":1,"9":2,"10":2,"11":2,"12":2,"13":1,"14":1,"15":1,"16":1},"b":{"1":[2,1,1,1],"2":[1,1,1,1],"3":[1,1],"4":[2,2],"5":[1,1]},"f":{"1":2,"2":2,"3":2},"fnMap":{"1":{"name":"(anonymous_1)","line":12,"loc":{"start":{"line":12,"column":1},"end":{"line":12,"column":13}}},"2":{"name":"(anonymous_2)","line":19,"loc":{"start":{"line":19,"column":5},"end":{"line":19,"column":17}}},"3":{"name":"(anonymous_3)","line":23,"loc":{"start":{"line":23,"column":24},"end":{"line":23,"column":36}}}},"statementMap":{"1":{"start":{"line":12,"column":0},"end":{"line":53,"column":5}},"2":{"start":{"line":14,"column":4},"end":{"line":14,"column":14}},"3":{"start":{"line":19,"column":4},"end":{"line":52,"column":9}},"4":{"start":{"line":21,"column":8},"end":{"line":21,"column":19}},"5":{"start":{"line":23,"column":8},"end":{"line":35,"column":13}},"6":{"start":{"line":24,"column":12},"end":{"line":34,"column":13}},"7":{"start":{"line":25,"column":16},"end":{"line":28,"column":30}},"8":{"start":{"line":30,"column":16},"end":{"line":33,"column":27}},"9":{"start":{"line":37,"column":8},"end":{"line":39,"column":21}},"10":{"start":{"line":41,"column":8},"end":{"line":41,"column":54}},"11":{"start":{"line":43,"column":8},"end":{"line":43,"column":49}},"12":{"start":{"line":45,"column":8},"end":{"line":51,"column":9}},"13":{"start":{"line":46,"column":12},"end":{"line":46,"column":55}},"14":{"start":{"line":48,"column":12},"end":{"line":48,"column":35}},"15":{"start":{"line":49,"column":12},"end":{"line":49,"column":49}},"16":{"start":{"line":50,"column":12},"end":{"line":50,"column":43}}},"branchMap":{"1":{"line":25,"type":"binary-expr","locations":[{"start":{"line":25,"column":23},"end":{"line":25,"column":62}},{"start":{"line":26,"column":20},"end":{"line":26,"column":70}},{"start":{"line":27,"column":20},"end":{"line":27,"column":71}},{"start":{"line":28,"column":20},"end":{"line":28,"column":29}}]},"2":{"line":30,"type":"binary-expr","locations":[{"start":{"line":30,"column":23},"end":{"line":30,"column":37}},{"start":{"line":31,"column":20},"end":{"line":31,"column":61}},{"start":{"line":32,"column":20},"end":{"line":32,"column":70}},{"start":{"line":33,"column":20},"end":{"line":33,"column":26}}]},"3":{"line":37,"type":"cond-expr","locations":[{"start":{"line":38,"column":14},"end":{"line":38,"column":20}},{"start":{"line":39,"column":14},"end":{"line":39,"column":20}}]},"4":{"line":41,"type":"binary-expr","locations":[{"start":{"line":41,"column":16},"end":{"line":41,"column":44}},{"start":{"line":41,"column":48},"end":{"line":41,"column":53}}]},"5":{"line":45,"type":"if","locations":[{"start":{"line":45,"column":8},"end":{"line":45,"column":8}},{"start":{"line":45,"column":8},"end":{"line":45,"column":8}}]}},"code":["/* istanbul instrument in package npmtest_chai */","/*jslint","    bitwise: true,","    browser: true,","    maxerr: 8,","    maxlen: 96,","    node: true,","    nomen: true,","    regexp: true,","    stupid: true","*/","(function () {","    'use strict';","    var local;","","","","    // run shared js-env code - pre-init","    (function () {","        // init local","        local = {};","        // init modeJs","        local.modeJs = (function () {","            try {","                return typeof navigator.userAgent === 'string' &&","                    typeof document.querySelector('body') === 'object' &&","                    typeof XMLHttpRequest.prototype.open === 'function' &&","                    'browser';","            } catch (errorCaughtBrowser) {","                return module.exports &&","                    typeof process.versions.node === 'string' &&","                    typeof require('http').createServer === 'function' &&","                    'node';","            }","        }());","        // init global","        local.global = local.modeJs === 'browser'","            ? window","            : global;","        // init utility2_rollup","        local = local.global.utility2_rollup || local;","        // init lib","        local.local = local.npmtest_chai = local;","        // init exports","        if (local.modeJs === 'browser') {","            local.global.utility2_npmtest_chai = local;","        } else {","            module.exports = local;","            module.exports.__dirname = __dirname;","            module.exports.module = module;","        }","    }());","}());",""],"l":{"12":2,"14":2,"19":2,"21":2,"23":2,"24":2,"25":2,"30":1,"37":2,"41":2,"43":2,"45":2,"46":1,"48":1,"49":1,"50":1}},"/home/travis/build/npmtest/node-npmtest-chai/example.js":{"path":"/home/travis/build/npmtest/node-npmtest-chai/example.js","s":{"1":2,"2":2,"3":2,"4":2,"5":2,"6":2,"7":2,"8":1,"9":2,"10":2,"11":2,"12":2,"13":1,"14":2,"15":2,"16":2,"17":2,"18":2,"19":0,"20":2,"21":1,"22":1,"23":1,"24":1,"25":1,"26":0,"27":0,"28":1,"29":1,"30":2,"31":0,"32":0,"33":0,"34":1,"35":2,"36":2,"37":3,"38":3,"39":3,"40":3,"41":0,"42":3,"43":3,"44":3,"45":1,"46":3,"47":1,"48":1,"49":1,"50":1,"51":1,"52":1,"53":1,"54":1,"55":1,"56":1,"57":0,"58":1,"59":6,"60":6,"61":1,"62":2,"63":0,"64":2,"65":1,"66":1,"67":0,"68":0,"69":0,"70":0,"71":0,"72":0,"73":0,"74":0,"75":0,"76":0,"77":0,"78":0,"79":0,"80":0,"81":0,"82":0,"83":0},"b":{"1":[2,1,1,1],"2":[1,1,1,1],"3":[1,1],"4":[2,2],"5":[1,1],"6":[1,1],"7":[2,0],"8":[2,1,1,1,1,1],"9":[0,2,0],"10":[1,1],"11":[2,1,1],"12":[1,0],"13":[0,2],"14":[2,0,0,0,0,0,0],"15":[0,3],"16":[3,0],"17":[1,1],"18":[0,1],"19":[1,2,0,2],"20":[1,0],"21":[1,1],"22":[0,0],"23":[0,0],"24":[0,0],"25":[0,0],"26":[0,0],"27":[0,0],"28":[0,0]},"f":{"1":2,"2":2,"3":2,"4":2,"5":2,"6":2,"7":3,"8":3,"9":3,"10":1,"11":6,"12":0},"fnMap":{"1":{"name":"(anonymous_1)","line":26,"loc":{"start":{"line":26,"column":1},"end":{"line":26,"column":13}}},"2":{"name":"(anonymous_2)","line":33,"loc":{"start":{"line":33,"column":5},"end":{"line":33,"column":17}}},"3":{"name":"(anonymous_3)","line":37,"loc":{"start":{"line":37,"column":24},"end":{"line":37,"column":36}}},"4":{"name":"(anonymous_4)","line":69,"loc":{"start":{"line":69,"column":31},"end":{"line":69,"column":48}},"skip":true},"5":{"name":"(anonymous_5)","line":78,"loc":{"start":{"line":78,"column":26},"end":{"line":78,"column":45}},"skip":true},"6":{"name":"(anonymous_6)","line":123,"loc":{"start":{"line":123,"column":33},"end":{"line":123,"column":48}},"skip":true},"7":{"name":"(anonymous_7)","line":125,"loc":{"start":{"line":125,"column":27},"end":{"line":125,"column":39}},"skip":true},"8":{"name":"(anonymous_8)","line":133,"loc":{"start":{"line":133,"column":59},"end":{"line":133,"column":74}},"skip":true},"9":{"name":"(anonymous_9)","line":143,"loc":{"start":{"line":143,"column":45},"end":{"line":143,"column":62}},"skip":true},"10":{"name":"(anonymous_10)","line":144,"loc":{"start":{"line":144,"column":73},"end":{"line":144,"column":92}},"skip":true},"11":{"name":"(anonymous_11)","line":272,"loc":{"start":{"line":272,"column":51},"end":{"line":272,"column":77}},"skip":true},"12":{"name":"(anonymous_12)","line":315,"loc":{"start":{"line":315,"column":32},"end":{"line":315,"column":61}},"skip":true}},"statementMap":{"1":{"start":{"line":26,"column":0},"end":{"line":326,"column":5}},"2":{"start":{"line":28,"column":4},"end":{"line":28,"column":14}},"3":{"start":{"line":33,"column":4},"end":{"line":60,"column":9}},"4":{"start":{"line":35,"column":8},"end":{"line":35,"column":19}},"5":{"start":{"line":37,"column":8},"end":{"line":49,"column":13}},"6":{"start":{"line":38,"column":12},"end":{"line":48,"column":13}},"7":{"start":{"line":39,"column":16},"end":{"line":42,"column":30}},"8":{"start":{"line":44,"column":16},"end":{"line":47,"column":27}},"9":{"start":{"line":51,"column":8},"end":{"line":53,"column":21}},"10":{"start":{"line":55,"column":8},"end":{"line":57,"column":45}},"11":{"start":{"line":59,"column":8},"end":{"line":59,"column":35}},"12":{"start":{"line":61,"column":4},"end":{"line":325,"column":5}},"13":{"start":{"line":69,"column":8},"end":{"line":121,"column":10},"skip":true},"14":{"start":{"line":70,"column":12},"end":{"line":88,"column":13},"skip":true},"15":{"start":{"line":76,"column":16},"end":{"line":87,"column":19},"skip":true},"16":{"start":{"line":79,"column":20},"end":{"line":86,"column":21},"skip":true},"17":{"start":{"line":82,"column":24},"end":{"line":82,"column":43},"skip":true},"18":{"start":{"line":83,"column":24},"end":{"line":83,"column":30},"skip":true},"19":{"start":{"line":85,"column":24},"end":{"line":85,"column":49},"skip":true},"20":{"start":{"line":89,"column":12},"end":{"line":107,"column":13},"skip":true},"21":{"start":{"line":92,"column":16},"end":{"line":102,"column":17},"skip":true},"22":{"start":{"line":93,"column":20},"end":{"line":93,"column":86},"skip":true},"23":{"start":{"line":94,"column":20},"end":{"line":95,"column":45},"skip":true},"24":{"start":{"line":96,"column":20},"end":{"line":96,"column":42},"skip":true},"25":{"start":{"line":97,"column":20},"end":{"line":97,"column":48},"skip":true},"26":{"start":{"line":100,"column":20},"end":{"line":100,"column":85},"skip":true},"27":{"start":{"line":101,"column":20},"end":{"line":101,"column":96},"skip":true},"28":{"start":{"line":103,"column":16},"end":{"line":103,"column":22},"skip":true},"29":{"start":{"line":106,"column":16},"end":{"line":106,"column":22},"skip":true},"30":{"start":{"line":108,"column":12},"end":{"line":120,"column":13},"skip":true},"31":{"start":{"line":114,"column":16},"end":{"line":119,"column":17},"skip":true},"32":{"start":{"line":116,"column":20},"end":{"line":116,"column":78},"skip":true},"33":{"start":{"line":118,"column":20},"end":{"line":118,"column":47},"skip":true},"34":{"start":{"line":123,"column":8},"end":{"line":141,"column":11},"skip":true},"35":{"start":{"line":124,"column":12},"end":{"line":124,"column":54},"skip":true},"36":{"start":{"line":125,"column":12},"end":{"line":140,"column":14},"skip":true},"37":{"start":{"line":126,"column":16},"end":{"line":126,"column":28},"skip":true},"38":{"start":{"line":127,"column":16},"end":{"line":127,"column":69},"skip":true},"39":{"start":{"line":128,"column":16},"end":{"line":128,"column":75},"skip":true},"40":{"start":{"line":129,"column":16},"end":{"line":131,"column":17},"skip":true},"41":{"start":{"line":130,"column":20},"end":{"line":130,"column":27},"skip":true},"42":{"start":{"line":133,"column":16},"end":{"line":137,"column":36},"skip":true},"43":{"start":{"line":134,"column":20},"end":{"line":136,"column":55},"skip":true},"44":{"start":{"line":139,"column":16},"end":{"line":139,"column":57},"skip":true},"45":{"start":{"line":143,"column":8},"end":{"line":147,"column":11},"skip":true},"46":{"start":{"line":144,"column":12},"end":{"line":146,"column":15},"skip":true},"47":{"start":{"line":145,"column":16},"end":{"line":145,"column":70},"skip":true},"48":{"start":{"line":149,"column":8},"end":{"line":149,"column":31},"skip":true},"49":{"start":{"line":150,"column":8},"end":{"line":150,"column":14},"skip":true},"50":{"start":{"line":158,"column":8},"end":{"line":158,"column":31},"skip":true},"51":{"start":{"line":160,"column":8},"end":{"line":160,"column":33},"skip":true},"52":{"start":{"line":161,"column":8},"end":{"line":161,"column":37},"skip":true},"53":{"start":{"line":162,"column":8},"end":{"line":162,"column":35},"skip":true},"54":{"start":{"line":164,"column":8},"end":{"line":164,"column":50},"skip":true},"55":{"start":{"line":166,"column":8},"end":{"line":256,"column":2},"skip":true},"56":{"start":{"line":258,"column":8},"end":{"line":286,"column":9},"skip":true},"57":{"start":{"line":259,"column":12},"end":{"line":269,"column":14},"skip":true},"58":{"start":{"line":271,"column":12},"end":{"line":285,"column":19},"skip":true},"59":{"start":{"line":274,"column":20},"end":{"line":274,"column":35},"skip":true},"60":{"start":{"line":275,"column":20},"end":{"line":284,"column":21},"skip":true},"61":{"start":{"line":277,"column":24},"end":{"line":277,"column":64},"skip":true},"62":{"start":{"line":279,"column":24},"end":{"line":279,"column":40},"skip":true},"63":{"start":{"line":281,"column":24},"end":{"line":281,"column":40},"skip":true},"64":{"start":{"line":283,"column":24},"end":{"line":283,"column":39},"skip":true},"65":{"start":{"line":288,"column":8},"end":{"line":290,"column":9},"skip":true},"66":{"start":{"line":289,"column":12},"end":{"line":289,"column":18},"skip":true},"67":{"start":{"line":291,"column":8},"end":{"line":293,"column":54},"skip":true},"68":{"start":{"line":296,"column":8},"end":{"line":301,"column":37},"skip":true},"69":{"start":{"line":303,"column":8},"end":{"line":303,"column":82},"skip":true},"70":{"start":{"line":306,"column":8},"end":{"line":308,"column":9},"skip":true},"71":{"start":{"line":307,"column":12},"end":{"line":307,"column":82},"skip":true},"72":{"start":{"line":310,"column":8},"end":{"line":312,"column":9},"skip":true},"73":{"start":{"line":311,"column":12},"end":{"line":311,"column":18},"skip":true},"74":{"start":{"line":313,"column":8},"end":{"line":313,"column":54},"skip":true},"75":{"start":{"line":314,"column":8},"end":{"line":314,"column":69},"skip":true},"76":{"start":{"line":315,"column":8},"end":{"line":323,"column":36},"skip":true},"77":{"start":{"line":316,"column":12},"end":{"line":316,"column":61},"skip":true},"78":{"start":{"line":317,"column":12},"end":{"line":320,"column":13},"skip":true},"79":{"start":{"line":318,"column":16},"end":{"line":318,"column":75},"skip":true},"80":{"start":{"line":319,"column":16},"end":{"line":319,"column":23},"skip":true},"81":{"start":{"line":321,"column":12},"end":{"line":321,"column":38},"skip":true},"82":{"start":{"line":322,"column":12},"end":{"line":322,"column":27},"skip":true},"83":{"start":{"line":324,"column":8},"end":{"line":324,"column":14},"skip":true}},"branchMap":{"1":{"line":39,"type":"binary-expr","locations":[{"start":{"line":39,"column":23},"end":{"line":39,"column":62}},{"start":{"line":40,"column":20},"end":{"line":40,"column":70}},{"start":{"line":41,"column":20},"end":{"line":41,"column":71}},{"start":{"line":42,"column":20},"end":{"line":42,"column":29}}]},"2":{"line":44,"type":"binary-expr","locations":[{"start":{"line":44,"column":23},"end":{"line":44,"column":37}},{"start":{"line":45,"column":20},"end":{"line":45,"column":61}},{"start":{"line":46,"column":20},"end":{"line":46,"column":70}},{"start":{"line":47,"column":20},"end":{"line":47,"column":26}}]},"3":{"line":51,"type":"cond-expr","locations":[{"start":{"line":52,"column":14},"end":{"line":52,"column":20}},{"start":{"line":53,"column":14},"end":{"line":53,"column":20}}]},"4":{"line":55,"type":"binary-expr","locations":[{"start":{"line":55,"column":16},"end":{"line":55,"column":44}},{"start":{"line":55,"column":49},"end":{"line":57,"column":43}}]},"5":{"line":55,"type":"cond-expr","locations":[{"start":{"line":56,"column":14},"end":{"line":56,"column":48}},{"start":{"line":57,"column":14},"end":{"line":57,"column":43}}]},"6":{"line":61,"type":"switch","locations":[{"start":{"line":68,"column":4},"end":{"line":150,"column":14},"skip":true},{"start":{"line":156,"column":4},"end":{"line":324,"column":14},"skip":true}]},"7":{"line":70,"type":"if","locations":[{"start":{"line":70,"column":12},"end":{"line":70,"column":12},"skip":true},{"start":{"line":70,"column":12},"end":{"line":70,"column":12},"skip":true}]},"8":{"line":70,"type":"binary-expr","locations":[{"start":{"line":70,"column":16},"end":{"line":70,"column":22},"skip":true},{"start":{"line":70,"column":27},"end":{"line":70,"column":32},"skip":true},{"start":{"line":71,"column":20},"end":{"line":71,"column":39},"skip":true},{"start":{"line":72,"column":20},"end":{"line":72,"column":49},"skip":true},{"start":{"line":73,"column":20},"end":{"line":73,"column":58},"skip":true},{"start":{"line":74,"column":20},"end":{"line":74,"column":69},"skip":true}]},"9":{"line":79,"type":"switch","locations":[{"start":{"line":80,"column":20},"end":{"line":80,"column":33},"skip":true},{"start":{"line":81,"column":20},"end":{"line":83,"column":30},"skip":true},{"start":{"line":84,"column":20},"end":{"line":85,"column":49},"skip":true}]},"10":{"line":89,"type":"switch","locations":[{"start":{"line":90,"column":12},"end":{"line":103,"column":22},"skip":true},{"start":{"line":105,"column":12},"end":{"line":106,"column":22},"skip":true}]},"11":{"line":89,"type":"binary-expr","locations":[{"start":{"line":89,"column":20},"end":{"line":89,"column":25},"skip":true},{"start":{"line":89,"column":29},"end":{"line":89,"column":48},"skip":true},{"start":{"line":89,"column":52},"end":{"line":89,"column":74},"skip":true}]},"12":{"line":92,"type":"if","locations":[{"start":{"line":92,"column":16},"end":{"line":92,"column":16},"skip":true},{"start":{"line":92,"column":16},"end":{"line":92,"column":16},"skip":true}]},"13":{"line":108,"type":"if","locations":[{"start":{"line":108,"column":12},"end":{"line":108,"column":12},"skip":true},{"start":{"line":108,"column":12},"end":{"line":108,"column":12},"skip":true}]},"14":{"line":108,"type":"binary-expr","locations":[{"start":{"line":108,"column":16},"end":{"line":108,"column":61},"skip":true},{"start":{"line":108,"column":66},"end":{"line":108,"column":72},"skip":true},{"start":{"line":108,"column":77},"end":{"line":108,"column":82},"skip":true},{"start":{"line":109,"column":20},"end":{"line":109,"column":39},"skip":true},{"start":{"line":110,"column":20},"end":{"line":110,"column":49},"skip":true},{"start":{"line":111,"column":20},"end":{"line":111,"column":58},"skip":true},{"start":{"line":112,"column":20},"end":{"line":112,"column":68},"skip":true}]},"15":{"line":129,"type":"if","locations":[{"start":{"line":129,"column":16},"end":{"line":129,"column":16},"skip":true},{"start":{"line":129,"column":16},"end":{"line":129,"column":16},"skip":true}]},"16":{"line":134,"type":"cond-expr","locations":[{"start":{"line":135,"column":26},"end":{"line":135,"column":29},"skip":true},{"start":{"line":136,"column":26},"end":{"line":136,"column":54},"skip":true}]},"17":{"line":164,"type":"binary-expr","locations":[{"start":{"line":164,"column":27},"end":{"line":164,"column":43},"skip":true},{"start":{"line":164,"column":47},"end":{"line":164,"column":49},"skip":true}]},"18":{"line":258,"type":"if","locations":[{"start":{"line":258,"column":8},"end":{"line":258,"column":8},"skip":true},{"start":{"line":258,"column":8},"end":{"line":258,"column":8},"skip":true}]},"19":{"line":275,"type":"switch","locations":[{"start":{"line":276,"column":20},"end":{"line":277,"column":64},"skip":true},{"start":{"line":278,"column":20},"end":{"line":279,"column":40},"skip":true},{"start":{"line":280,"column":20},"end":{"line":281,"column":40},"skip":true},{"start":{"line":282,"column":20},"end":{"line":283,"column":39},"skip":true}]},"20":{"line":288,"type":"if","locations":[{"start":{"line":288,"column":8},"end":{"line":288,"column":8},"skip":true},{"start":{"line":288,"column":8},"end":{"line":288,"column":8},"skip":true}]},"21":{"line":288,"type":"binary-expr","locations":[{"start":{"line":288,"column":12},"end":{"line":288,"column":40},"skip":true},{"start":{"line":288,"column":44},"end":{"line":288,"column":67},"skip":true}]},"22":{"line":292,"type":"binary-expr","locations":[{"start":{"line":292,"column":12},"end":{"line":292,"column":50},"skip":true},{"start":{"line":293,"column":12},"end":{"line":293,"column":53},"skip":true}]},"23":{"line":297,"type":"binary-expr","locations":[{"start":{"line":297,"column":12},"end":{"line":297,"column":62},"skip":true},{"start":{"line":298,"column":12},"end":{"line":301,"column":36},"skip":true}]},"24":{"line":303,"type":"binary-expr","locations":[{"start":{"line":303,"column":43},"end":{"line":303,"column":75},"skip":true},{"start":{"line":303,"column":79},"end":{"line":303,"column":81},"skip":true}]},"25":{"line":306,"type":"if","locations":[{"start":{"line":306,"column":8},"end":{"line":306,"column":8},"skip":true},{"start":{"line":306,"column":8},"end":{"line":306,"column":8},"skip":true}]},"26":{"line":310,"type":"if","locations":[{"start":{"line":310,"column":8},"end":{"line":310,"column":8},"skip":true},{"start":{"line":310,"column":8},"end":{"line":310,"column":8},"skip":true}]},"27":{"line":313,"type":"binary-expr","locations":[{"start":{"line":313,"column":27},"end":{"line":313,"column":43},"skip":true},{"start":{"line":313,"column":47},"end":{"line":313,"column":53},"skip":true}]},"28":{"line":317,"type":"if","locations":[{"start":{"line":317,"column":12},"end":{"line":317,"column":12},"skip":true},{"start":{"line":317,"column":12},"end":{"line":317,"column":12},"skip":true}]}},"code":["/*","example.js","","quickstart example","","instruction","    1. save this script as example.js","    2. run the shell command:","        $ npm install npmtest-chai && PORT=8081 node example.js","    3. play with the browser-demo on http://127.0.0.1:8081","*/","","","","/* istanbul instrument in package npmtest_chai */","/*jslint","    bitwise: true,","    browser: true,","    maxerr: 8,","    maxlen: 96,","    node: true,","    nomen: true,","    regexp: true,","    stupid: true","*/","(function () {","    'use strict';","    var local;","","","","    // run shared js-env code - pre-init","    (function () {","        // init local","        local = {};","        // init modeJs","        local.modeJs = (function () {","            try {","                return typeof navigator.userAgent === 'string' &&","                    typeof document.querySelector('body') === 'object' &&","                    typeof XMLHttpRequest.prototype.open === 'function' &&","                    'browser';","            } catch (errorCaughtBrowser) {","                return module.exports &&","                    typeof process.versions.node === 'string' &&","                    typeof require('http').createServer === 'function' &&","                    'node';","            }","        }());","        // init global","        local.global = local.modeJs === 'browser'","            ? window","            : global;","        // init utility2_rollup","        local = local.global.utility2_rollup || (local.modeJs === 'browser'","            ? local.global.utility2_npmtest_chai","            : global.utility2_moduleExports);","        // export local","        local.global.local = local;","    }());","    switch (local.modeJs) {","","","","    // post-init","    // run browser js-env code - post-init","    /* istanbul ignore next */","    case 'browser':","        local.testRunBrowser = function (event) {","            if (!event || (event &&","                    event.currentTarget &&","                    event.currentTarget.className &&","                    event.currentTarget.className.includes &&","                    event.currentTarget.className.includes('onreset'))) {","                // reset output","                Array.from(","                    document.querySelectorAll('body > .resettable')","                ).forEach(function (element) {","                    switch (element.tagName) {","                    case 'INPUT':","                    case 'TEXTAREA':","                        element.value = '';","                        break;","                    default:","                        element.textContent = '';","                    }","                });","            }","            switch (event && event.currentTarget && event.currentTarget.id) {","            case 'testRunButton1':","                // show tests","                if (document.querySelector('#testReportDiv1').style.display === 'none') {","                    document.querySelector('#testReportDiv1').style.display = 'block';","                    document.querySelector('#testRunButton1').textContent =","                        'hide internal test';","                    local.modeTest = true;","                    local.testRunDefault(local);","                // hide tests","                } else {","                    document.querySelector('#testReportDiv1').style.display = 'none';","                    document.querySelector('#testRunButton1').textContent = 'run internal test';","                }","                break;","            // custom-case","            default:","                break;","            }","            if (document.querySelector('#inputTextareaEval1') && (!event || (event &&","                    event.currentTarget &&","                    event.currentTarget.className &&","                    event.currentTarget.className.includes &&","                    event.currentTarget.className.includes('oneval')))) {","                // try to eval input-code","                try {","                    /*jslint evil: true*/","                    eval(document.querySelector('#inputTextareaEval1').value);","                } catch (errorCaught) {","                    console.error(errorCaught);","                }","            }","        };","        // log stderr and stdout to #outputTextareaStdout1","        ['error', 'log'].forEach(function (key) {","            console[key + '_original'] = console[key];","            console[key] = function () {","                var element;","                console[key + '_original'].apply(console, arguments);","                element = document.querySelector('#outputTextareaStdout1');","                if (!element) {","                    return;","                }","                // append text to #outputTextareaStdout1","                element.value += Array.from(arguments).map(function (arg) {","                    return typeof arg === 'string'","                        ? arg","                        : JSON.stringify(arg, null, 4);","                }).join(' ') + '\\n';","                // scroll textarea to bottom","                element.scrollTop = element.scrollHeight;","            };","        });","        // init event-handling","        ['change', 'click', 'keyup'].forEach(function (event) {","            Array.from(document.querySelectorAll('.on' + event)).forEach(function (element) {","                element.addEventListener(event, local.testRunBrowser);","            });","        });","        // run tests","        local.testRunBrowser();","        break;","","","","    // run node js-env code - post-init","    /* istanbul ignore next */","    case 'node':","        // export local","        module.exports = local;","        // require modules","        local.fs = require('fs');","        local.http = require('http');","        local.url = require('url');","        // init assets","        local.assetsDict = local.assetsDict || {};","        /* jslint-ignore-begin */","        local.assetsDict['/assets.index.template.html'] = '\\","<!doctype html>\\n\\","<html lang=\"en\">\\n\\","<head>\\n\\","<meta charset=\"UTF-8\">\\n\\","<meta name=\"viewport\" content=\"width=device-width, initial-scale=1\">\\n\\","<title>{{env.npm_package_name}} (v{{env.npm_package_version}})</title>\\n\\","<style>\\n\\","/*csslint\\n\\","    box-sizing: false,\\n\\","    universal-selector: false\\n\\","*/\\n\\","* {\\n\\","    box-sizing: border-box;\\n\\","}\\n\\","body {\\n\\","    background: #dde;\\n\\","    font-family: Arial, Helvetica, sans-serif;\\n\\","    margin: 2rem;\\n\\","}\\n\\","body > * {\\n\\","    margin-bottom: 1rem;\\n\\","}\\n\\",".utility2FooterDiv {\\n\\","    margin-top: 20px;\\n\\","    text-align: center;\\n\\","}\\n\\","</style>\\n\\","<style>\\n\\","/*csslint\\n\\","*/\\n\\","textarea {\\n\\","    font-family: monospace;\\n\\","    height: 10rem;\\n\\","    width: 100%;\\n\\","}\\n\\","textarea[readonly] {\\n\\","    background: #ddd;\\n\\","}\\n\\","</style>\\n\\","</head>\\n\\","<body>\\n\\","<!-- utility2-comment\\n\\","<div id=\"ajaxProgressDiv1\" style=\"background: #d00; height: 2px; left: 0; margin: 0; padding: 0; position: fixed; top: 0; transition: background 0.5s, width 1.5s; width: 25%;\"></div>\\n\\","utility2-comment -->\\n\\","<h1>\\n\\","<!-- utility2-comment\\n\\","    <a\\n\\","        {{#if env.npm_package_homepage}}\\n\\","        href=\"{{env.npm_package_homepage}}\"\\n\\","        {{/if env.npm_package_homepage}}\\n\\","        target=\"_blank\"\\n\\","    >\\n\\","utility2-comment -->\\n\\","        {{env.npm_package_name}} (v{{env.npm_package_version}})\\n\\","<!-- utility2-comment\\n\\","    </a>\\n\\","utility2-comment -->\\n\\","</h1>\\n\\","<h3>{{env.npm_package_description}}</h3>\\n\\","<!-- utility2-comment\\n\\","<h4><a download href=\"assets.app.js\">download standalone app</a></h4>\\n\\","<button class=\"onclick onreset\" id=\"testRunButton1\">run internal test</button><br>\\n\\","<div id=\"testReportDiv1\" style=\"display: none;\"></div>\\n\\","utility2-comment -->\\n\\","\\n\\","\\n\\","\\n\\","<label>stderr and stdout</label>\\n\\","<textarea class=\"resettable\" id=\"outputTextareaStdout1\" readonly></textarea>\\n\\","<!-- utility2-comment\\n\\","{{#if isRollup}}\\n\\","<script src=\"assets.app.js\"></script>\\n\\","{{#unless isRollup}}\\n\\","utility2-comment -->\\n\\","<script src=\"assets.utility2.rollup.js\"></script>\\n\\","<script src=\"jsonp.utility2._stateInit?callback=window.utility2._stateInit\"></script>\\n\\","<script src=\"assets.npmtest_chai.rollup.js\"></script>\\n\\","<script src=\"assets.example.js\"></script>\\n\\","<script src=\"assets.test.js\"></script>\\n\\","<!-- utility2-comment\\n\\","{{/if isRollup}}\\n\\","utility2-comment -->\\n\\","<div class=\"utility2FooterDiv\">\\n\\","    [ this app was created with\\n\\","    <a href=\"https://github.com/kaizhu256/node-utility2\" target=\"_blank\">utility2</a>\\n\\","    ]\\n\\","</div>\\n\\","</body>\\n\\","</html>\\n\\","';","        /* jslint-ignore-end */","        if (local.templateRender) {","            local.assetsDict['/'] = local.templateRender(","                local.assetsDict['/assets.index.template.html'],","                {","                    env: local.objectSetDefault(local.env, {","                        npm_package_description: 'the greatest app in the world!',","                        npm_package_name: 'my-app',","                        npm_package_nameAlias: 'my_app',","                        npm_package_version: '0.0.1'","                    })","                }","            );","        } else {","            local.assetsDict['/'] = local.assetsDict['/assets.index.template.html']","                .replace((/\\{\\{env\\.(\\w+?)\\}\\}/g), function (match0, match1) {","                    // jslint-hack","                    String(match0);","                    switch (match1) {","                    case 'npm_package_description':","                        return 'the greatest app in the world!';","                    case 'npm_package_name':","                        return 'my-app';","                    case 'npm_package_nameAlias':","                        return 'my_app';","                    case 'npm_package_version':","                        return '0.0.1';","                    }","                });","        }","        // run the cli","        if (local.global.utility2_rollup || module !== require.main) {","            break;","        }","        local.assetsDict['/assets.example.js'] =","            local.assetsDict['/assets.example.js'] ||","            local.fs.readFileSync(__filename, 'utf8');","        // bug-workaround - long $npm_package_buildCustomOrg","        /* jslint-ignore-begin */","        local.assetsDict['/assets.npmtest_chai.rollup.js'] =","            local.assetsDict['/assets.npmtest_chai.rollup.js'] ||","            local.fs.readFileSync(","                local.npmtest_chai.__dirname + '/lib.npmtest_chai.js',","                'utf8'","            ).replace((/^#!/), '//');","        /* jslint-ignore-end */","        local.assetsDict['/favicon.ico'] = local.assetsDict['/favicon.ico'] || '';","        // if $npm_config_timeout_exit exists,","        // then exit this process after $npm_config_timeout_exit ms","        if (Number(process.env.npm_config_timeout_exit)) {","            setTimeout(process.exit, Number(process.env.npm_config_timeout_exit));","        }","        // start server","        if (local.global.utility2_serverHttp1) {","            break;","        }","        process.env.PORT = process.env.PORT || '8081';","        console.error('server starting on port ' + process.env.PORT);","        local.http.createServer(function (request, response) {","            request.urlParsed = local.url.parse(request.url);","            if (local.assetsDict[request.urlParsed.pathname] !== undefined) {","                response.end(local.assetsDict[request.urlParsed.pathname]);","                return;","            }","            response.statusCode = 404;","            response.end();","        }).listen(process.env.PORT);","        break;","    }","}());",""],"l":{"26":2,"28":2,"33":2,"35":2,"37":2,"38":2,"39":2,"44":1,"51":2,"55":2,"59":2,"61":2,"69":1,"70":2,"76":2,"79":2,"82":2,"83":2,"85":1,"89":2,"92":1,"93":1,"94":1,"96":1,"97":1,"100":1,"101":1,"103":1,"106":1,"108":2,"114":1,"116":1,"118":1,"123":1,"124":2,"125":2,"126":3,"127":3,"128":3,"129":3,"130":1,"133":3,"134":3,"139":3,"143":1,"144":3,"145":1,"149":1,"150":1,"158":1,"160":1,"161":1,"162":1,"164":1,"166":1,"258":1,"259":1,"271":1,"274":6,"275":6,"277":1,"279":2,"281":1,"283":2,"288":1,"289":1,"291":1,"296":1,"303":1,"306":1,"307":1,"310":1,"311":1,"313":1,"314":1,"315":1,"316":1,"317":1,"318":1,"319":1,"321":1,"322":1,"324":1}},"/home/travis/build/npmtest/node-npmtest-chai/node_modules/chai/index.js":{"path":"/home/travis/build/npmtest/node-npmtest-chai/node_modules/chai/index.js","s":{"1":1},"b":{},"f":{},"fnMap":{},"statementMap":{"1":{"start":{"line":1,"column":0},"end":{"line":1,"column":39}}},"branchMap":{},"code":["module.exports = require('./lib/chai');",""],"l":{"1":1}},"/home/travis/build/npmtest/node-npmtest-chai/node_modules/chai/lib/chai.js":{"path":"/home/travis/build/npmtest/node-npmtest-chai/node_modules/chai/lib/chai.js","s":{"1":1,"2":1,"3":1,"4":1,"5":1,"6":5,"7":5,"8":5,"9":5,"10":1,"11":1,"12":1,"13":1,"14":1,"15":1,"16":1,"17":1,"18":1,"19":1,"20":1,"21":1,"22":1},"b":{"1":[5,0]},"f":{"1":5},"fnMap":{"1":{"name":"(anonymous_1)","line":38,"loc":{"start":{"line":38,"column":14},"end":{"line":38,"column":28}}}},"statementMap":{"1":{"start":{"line":7,"column":0},"end":{"line":8,"column":34}},"2":{"start":{"line":14,"column":0},"end":{"line":14,"column":26}},"3":{"start":{"line":20,"column":0},"end":{"line":20,"column":52}},"4":{"start":{"line":26,"column":0},"end":{"line":26,"column":35}},"5":{"start":{"line":38,"column":0},"end":{"line":45,"column":2}},"6":{"start":{"line":39,"column":2},"end":{"line":42,"column":3}},"7":{"start":{"line":40,"column":4},"end":{"line":40,"column":19}},"8":{"start":{"line":41,"column":4},"end":{"line":41,"column":18}},"9":{"start":{"line":44,"column":2},"end":{"line":44,"column":14}},"10":{"start":{"line":51,"column":0},"end":{"line":51,"column":20}},"11":{"start":{"line":57,"column":0},"end":{"line":57,"column":38}},"12":{"start":{"line":58,"column":0},"end":{"line":58,"column":24}},"13":{"start":{"line":64,"column":0},"end":{"line":64,"column":44}},"14":{"start":{"line":65,"column":0},"end":{"line":65,"column":23}},"15":{"start":{"line":71,"column":0},"end":{"line":71,"column":45}},"16":{"start":{"line":72,"column":0},"end":{"line":72,"column":18}},"17":{"start":{"line":78,"column":0},"end":{"line":78,"column":48}},"18":{"start":{"line":79,"column":0},"end":{"line":79,"column":20}},"19":{"start":{"line":85,"column":0},"end":{"line":85,"column":48}},"20":{"start":{"line":86,"column":0},"end":{"line":86,"column":20}},"21":{"start":{"line":92,"column":0},"end":{"line":92,"column":48}},"22":{"start":{"line":93,"column":0},"end":{"line":93,"column":20}}},"branchMap":{"1":{"line":39,"type":"if","locations":[{"start":{"line":39,"column":2},"end":{"line":39,"column":2}},{"start":{"line":39,"column":2},"end":{"line":39,"column":2}}]}},"code":["/*!"," * chai"," * Copyright(c) 2011-2014 Jake Luer <jake@alogicalparadox.com>"," * MIT Licensed"," */","","var used = []","  , exports = module.exports = {};","","/*!"," * Chai version"," */","","exports.version = '3.5.0';","","/*!"," * Assertion Error"," */","","exports.AssertionError = require('assertion-error');","","/*!"," * Utils for plugins (not exported)"," */","","var util = require('./chai/utils');","","/**"," * # .use(function)"," *"," * Provides a way to extend the internals of Chai"," *"," * @param {Function}"," * @returns {this} for chaining"," * @api public"," */","","exports.use = function (fn) {","  if (!~used.indexOf(fn)) {","    fn(this, util);","    used.push(fn);","  }","","  return this;","};","","/*!"," * Utility Functions"," */","","exports.util = util;","","/*!"," * Configuration"," */","","var config = require('./chai/config');","exports.config = config;","","/*!"," * Primary `Assertion` prototype"," */","","var assertion = require('./chai/assertion');","exports.use(assertion);","","/*!"," * Core Assertions"," */","","var core = require('./chai/core/assertions');","exports.use(core);","","/*!"," * Expect interface"," */","","var expect = require('./chai/interface/expect');","exports.use(expect);","","/*!"," * Should interface"," */","","var should = require('./chai/interface/should');","exports.use(should);","","/*!"," * Assert interface"," */","","var assert = require('./chai/interface/assert');","exports.use(assert);",""],"l":{"7":1,"14":1,"20":1,"26":1,"38":1,"39":5,"40":5,"41":5,"44":5,"51":1,"57":1,"58":1,"64":1,"65":1,"71":1,"72":1,"78":1,"79":1,"85":1,"86":1,"92":1,"93":1}},"/home/travis/build/npmtest/node-npmtest-chai/node_modules/chai/lib/chai/utils/index.js":{"path":"/home/travis/build/npmtest/node-npmtest-chai/node_modules/chai/lib/chai/utils/index.js","s":{"1":1,"2":1,"3":1,"4":1,"5":1,"6":1,"7":1,"8":1,"9":1,"10":1,"11":1,"12":1,"13":1,"14":1,"15":1,"16":1,"17":1,"18":1,"19":1,"20":1,"21":1},"b":{},"f":{},"fnMap":{},"statementMap":{"1":{"start":{"line":11,"column":0},"end":{"line":11,"column":34}},"2":{"start":{"line":17,"column":0},"end":{"line":17,"column":33}},"3":{"start":{"line":23,"column":0},"end":{"line":23,"column":38}},"4":{"start":{"line":28,"column":0},"end":{"line":28,"column":47}},"5":{"start":{"line":34,"column":0},"end":{"line":34,"column":45}},"6":{"start":{"line":40,"column":0},"end":{"line":40,"column":43}},"7":{"start":{"line":46,"column":0},"end":{"line":46,"column":39}},"8":{"start":{"line":52,"column":0},"end":{"line":52,"column":45}},"9":{"start":{"line":58,"column":0},"end":{"line":58,"column":33}},"10":{"start":{"line":64,"column":0},"end":{"line":64,"column":51}},"11":{"start":{"line":70,"column":0},"end":{"line":70,"column":34}},"12":{"start":{"line":76,"column":0},"end":{"line":76,"column":49}},"13":{"start":{"line":82,"column":0},"end":{"line":82,"column":47}},"14":{"start":{"line":88,"column":0},"end":{"line":88,"column":47}},"15":{"start":{"line":94,"column":0},"end":{"line":94,"column":39}},"16":{"start":{"line":100,"column":0},"end":{"line":100,"column":47}},"17":{"start":{"line":106,"column":0},"end":{"line":106,"column":43}},"18":{"start":{"line":112,"column":0},"end":{"line":112,"column":59}},"19":{"start":{"line":118,"column":0},"end":{"line":118,"column":55}},"20":{"start":{"line":124,"column":0},"end":{"line":124,"column":61}},"21":{"start":{"line":130,"column":0},"end":{"line":130,"column":73}}},"branchMap":{},"code":["/*!"," * chai"," * Copyright(c) 2011 Jake Luer <jake@alogicalparadox.com>"," * MIT Licensed"," */","","/*!"," * Main exports"," */","","var exports = module.exports = {};","","/*!"," * test utility"," */","","exports.test = require('./test');","","/*!"," * type utility"," */","","exports.type = require('type-detect');","","/*!"," * expectTypes utility"," */","exports.expectTypes = require('./expectTypes');","","/*!"," * message utility"," */","","exports.getMessage = require('./getMessage');","","/*!"," * actual utility"," */","","exports.getActual = require('./getActual');","","/*!"," * Inspect util"," */","","exports.inspect = require('./inspect');","","/*!"," * Object Display util"," */","","exports.objDisplay = require('./objDisplay');","","/*!"," * Flag utility"," */","","exports.flag = require('./flag');","","/*!"," * Flag transferring utility"," */","","exports.transferFlags = require('./transferFlags');","","/*!"," * Deep equal utility"," */","","exports.eql = require('deep-eql');","","/*!"," * Deep path value"," */","","exports.getPathValue = require('./getPathValue');","","/*!"," * Deep path info"," */","","exports.getPathInfo = require('./getPathInfo');","","/*!"," * Check if a property exists"," */","","exports.hasProperty = require('./hasProperty');","","/*!"," * Function name"," */","","exports.getName = require('./getName');","","/*!"," * add Property"," */","","exports.addProperty = require('./addProperty');","","/*!"," * add Method"," */","","exports.addMethod = require('./addMethod');","","/*!"," * overwrite Property"," */","","exports.overwriteProperty = require('./overwriteProperty');","","/*!"," * overwrite Method"," */","","exports.overwriteMethod = require('./overwriteMethod');","","/*!"," * Add a chainable method"," */","","exports.addChainableMethod = require('./addChainableMethod');","","/*!"," * Overwrite chainable method"," */","","exports.overwriteChainableMethod = require('./overwriteChainableMethod');",""],"l":{"11":1,"17":1,"23":1,"28":1,"34":1,"40":1,"46":1,"52":1,"58":1,"64":1,"70":1,"76":1,"82":1,"88":1,"94":1,"100":1,"106":1,"112":1,"118":1,"124":1,"130":1}},"/home/travis/build/npmtest/node-npmtest-chai/node_modules/chai/lib/chai/utils/test.js":{"path":"/home/travis/build/npmtest/node-npmtest-chai/node_modules/chai/lib/chai/utils/test.js","s":{"1":1,"2":1,"3":0,"4":0},"b":{"1":[0,0]},"f":{"1":0},"fnMap":{"1":{"name":"(anonymous_1)","line":24,"loc":{"start":{"line":24,"column":17},"end":{"line":24,"column":38}}}},"statementMap":{"1":{"start":{"line":11,"column":0},"end":{"line":11,"column":29}},"2":{"start":{"line":24,"column":0},"end":{"line":28,"column":2}},"3":{"start":{"line":25,"column":2},"end":{"line":26,"column":21}},"4":{"start":{"line":27,"column":2},"end":{"line":27,"column":31}}},"branchMap":{"1":{"line":27,"type":"cond-expr","locations":[{"start":{"line":27,"column":18},"end":{"line":27,"column":23}},{"start":{"line":27,"column":26},"end":{"line":27,"column":30}}]}},"code":["/*!"," * Chai - test utility"," * Copyright(c) 2012-2014 Jake Luer <jake@alogicalparadox.com>"," * MIT Licensed"," */","","/*!"," * Module dependancies"," */","","var flag = require('./flag');","","/**"," * # test(object, expression)"," *"," * Test and object for expression."," *"," * @param {Object} object (constructed Assertion)"," * @param {Arguments} chai.Assertion.prototype.assert arguments"," * @namespace Utils"," * @name test"," */","","module.exports = function (obj, args) {","  var negate = flag(obj, 'negate')","    , expr = args[0];","  return negate ? !expr : expr;","};",""],"l":{"11":1,"24":1,"25":0,"27":0}},"/home/travis/build/npmtest/node-npmtest-chai/node_modules/chai/lib/chai/utils/flag.js":{"path":"/home/travis/build/npmtest/node-npmtest-chai/node_modules/chai/lib/chai/utils/flag.js","s":{"1":1,"2":0,"3":0,"4":0,"5":0},"b":{"1":[0,0],"2":[0,0]},"f":{"1":0},"fnMap":{"1":{"name":"(anonymous_1)","line":26,"loc":{"start":{"line":26,"column":17},"end":{"line":26,"column":44}}}},"statementMap":{"1":{"start":{"line":26,"column":0},"end":{"line":33,"column":2}},"2":{"start":{"line":27,"column":2},"end":{"line":27,"column":65}},"3":{"start":{"line":28,"column":2},"end":{"line":32,"column":3}},"4":{"start":{"line":29,"column":4},"end":{"line":29,"column":23}},"5":{"start":{"line":31,"column":4},"end":{"line":31,"column":22}}},"branchMap":{"1":{"line":27,"type":"binary-expr","locations":[{"start":{"line":27,"column":14},"end":{"line":27,"column":25}},{"start":{"line":27,"column":30},"end":{"line":27,"column":63}}]},"2":{"line":28,"type":"if","locations":[{"start":{"line":28,"column":2},"end":{"line":28,"column":2}},{"start":{"line":28,"column":2},"end":{"line":28,"column":2}}]}},"code":["/*!"," * Chai - flag utility"," * Copyright(c) 2012-2014 Jake Luer <jake@alogicalparadox.com>"," * MIT Licensed"," */","","/**"," * ### flag(object, key, [value])"," *"," * Get or set a flag value on an object. If a"," * value is provided it will be set, else it will"," * return the currently set value or `undefined` if"," * the value is not set."," *"," *     utils.flag(this, 'foo', 'bar'); // setter"," *     utils.flag(this, 'foo'); // getter, returns `bar`"," *"," * @param {Object} object constructed Assertion"," * @param {String} key"," * @param {Mixed} value (optional)"," * @namespace Utils"," * @name flag"," * @api private"," */","","module.exports = function (obj, key, value) {","  var flags = obj.__flags || (obj.__flags = Object.create(null));","  if (arguments.length === 3) {","    flags[key] = value;","  } else {","    return flags[key];","  }","};",""],"l":{"26":1,"27":0,"28":0,"29":0,"31":0}},"/home/travis/build/npmtest/node-npmtest-chai/node_modules/chai/lib/chai/utils/expectTypes.js":{"path":"/home/travis/build/npmtest/node-npmtest-chai/node_modules/chai/lib/chai/utils/expectTypes.js","s":{"1":1,"2":1,"3":1,"4":1,"5":0,"6":0,"7":0,"8":0,"9":0,"10":0,"11":0,"12":0,"13":0,"14":0,"15":0},"b":{"1":[0,0],"2":[0,0],"3":[0,0],"4":[0,0]},"f":{"1":0,"2":0,"3":0,"4":0},"fnMap":{"1":{"name":"(anonymous_1)","line":25,"loc":{"start":{"line":25,"column":17},"end":{"line":25,"column":39}}},"2":{"name":"(anonymous_2)","line":27,"loc":{"start":{"line":27,"column":20},"end":{"line":27,"column":33}}},"3":{"name":"(anonymous_3)","line":31,"loc":{"start":{"line":31,"column":22},"end":{"line":31,"column":42}}},"4":{"name":"(anonymous_4)","line":37,"loc":{"start":{"line":37,"column":18},"end":{"line":37,"column":38}}}},"statementMap":{"1":{"start":{"line":21,"column":0},"end":{"line":21,"column":48}},"2":{"start":{"line":22,"column":0},"end":{"line":22,"column":29}},"3":{"start":{"line":23,"column":0},"end":{"line":23,"column":34}},"4":{"start":{"line":25,"column":0},"end":{"line":42,"column":2}},"5":{"start":{"line":26,"column":2},"end":{"line":26,"column":32}},"6":{"start":{"line":27,"column":2},"end":{"line":27,"column":62}},"7":{"start":{"line":27,"column":35},"end":{"line":27,"column":58}},"8":{"start":{"line":28,"column":2},"end":{"line":28,"column":15}},"9":{"start":{"line":31,"column":2},"end":{"line":35,"column":16}},"10":{"start":{"line":32,"column":4},"end":{"line":32,"column":77}},"11":{"start":{"line":33,"column":4},"end":{"line":33,"column":73}},"12":{"start":{"line":34,"column":4},"end":{"line":34,"column":30}},"13":{"start":{"line":37,"column":2},"end":{"line":41,"column":3}},"14":{"start":{"line":37,"column":40},"end":{"line":37,"column":70}},"15":{"start":{"line":38,"column":4},"end":{"line":40,"column":6}}},"branchMap":{"1":{"line":32,"type":"cond-expr","locations":[{"start":{"line":32,"column":66},"end":{"line":32,"column":70}},{"start":{"line":32,"column":73},"end":{"line":32,"column":76}}]},"2":{"line":33,"type":"cond-expr","locations":[{"start":{"line":33,"column":62},"end":{"line":33,"column":67}},{"start":{"line":33,"column":70},"end":{"line":33,"column":72}}]},"3":{"line":33,"type":"binary-expr","locations":[{"start":{"line":33,"column":13},"end":{"line":33,"column":29}},{"start":{"line":33,"column":33},"end":{"line":33,"column":59}}]},"4":{"line":37,"type":"if","locations":[{"start":{"line":37,"column":2},"end":{"line":37,"column":2}},{"start":{"line":37,"column":2},"end":{"line":37,"column":2}}]}},"code":["/*!"," * Chai - expectTypes utility"," * Copyright(c) 2012-2014 Jake Luer <jake@alogicalparadox.com>"," * MIT Licensed"," */","","/**"," * ### expectTypes(obj, types)"," *"," * Ensures that the object being tested against is of a valid type."," *"," *     utils.expectTypes(this, ['array', 'object', 'string']);"," *"," * @param {Mixed} obj constructed Assertion"," * @param {Array} type A list of allowed types for this assertion"," * @namespace Utils"," * @name expectTypes"," * @api public"," */","","var AssertionError = require('assertion-error');","var flag = require('./flag');","var type = require('type-detect');","","module.exports = function (obj, types) {","  var obj = flag(obj, 'object');","  types = types.map(function (t) { return t.toLowerCase(); });","  types.sort();","","  // Transforms ['lorem', 'ipsum'] into 'a lirum, or an ipsum'","  var str = types.map(function (t, index) {","    var art = ~[ 'a', 'e', 'i', 'o', 'u' ].indexOf(t.charAt(0)) ? 'an' : 'a';","    var or = types.length > 1 && index === types.length - 1 ? 'or ' : '';","    return or + art + ' ' + t;","  }).join(', ');","","  if (!types.some(function (expected) { return type(obj) === expected; })) {","    throw new AssertionError(","      'object tested must be ' + str + ', but ' + type(obj) + ' given'","    );","  }","};",""],"l":{"21":1,"22":1,"23":1,"25":1,"26":0,"27":0,"28":0,"31":0,"32":0,"33":0,"34":0,"37":0,"38":0}},"/home/travis/build/npmtest/node-npmtest-chai/node_modules/chai/lib/chai/utils/getMessage.js":{"path":"/home/travis/build/npmtest/node-npmtest-chai/node_modules/chai/lib/chai/utils/getMessage.js","s":{"1":1,"2":1,"3":0,"4":0,"5":0,"6":0,"7":0,"8":0,"9":0,"10":0,"11":0},"b":{"1":[0,0],"2":[0,0],"3":[0,0],"4":[0,0]},"f":{"1":0,"2":0,"3":0,"4":0},"fnMap":{"1":{"name":"(anonymous_1)","line":35,"loc":{"start":{"line":35,"column":17},"end":{"line":35,"column":38}}},"2":{"name":"(anonymous_2)","line":46,"loc":{"start":{"line":46,"column":27},"end":{"line":46,"column":39}}},"3":{"name":"(anonymous_3)","line":47,"loc":{"start":{"line":47,"column":26},"end":{"line":47,"column":38}}},"4":{"name":"(anonymous_4)","line":48,"loc":{"start":{"line":48,"column":26},"end":{"line":48,"column":38}}}},"statementMap":{"1":{"start":{"line":11,"column":0},"end":{"line":14,"column":41}},"2":{"start":{"line":35,"column":0},"end":{"line":51,"column":2}},"3":{"start":{"line":36,"column":2},"end":{"line":41,"column":37}},"4":{"start":{"line":43,"column":2},"end":{"line":43,"column":44}},"5":{"start":{"line":43,"column":32},"end":{"line":43,"column":44}},"6":{"start":{"line":44,"column":2},"end":{"line":44,"column":18}},"7":{"start":{"line":45,"column":2},"end":{"line":48,"column":72}},"8":{"start":{"line":46,"column":41},"end":{"line":46,"column":64}},"9":{"start":{"line":47,"column":40},"end":{"line":47,"column":66}},"10":{"start":{"line":48,"column":40},"end":{"line":48,"column":68}},"11":{"start":{"line":50,"column":2},"end":{"line":50,"column":46}}},"branchMap":{"1":{"line":40,"type":"cond-expr","locations":[{"start":{"line":40,"column":21},"end":{"line":40,"column":28}},{"start":{"line":40,"column":31},"end":{"line":40,"column":38}}]},"2":{"line":43,"type":"if","locations":[{"start":{"line":43,"column":2},"end":{"line":43,"column":2}},{"start":{"line":43,"column":2},"end":{"line":43,"column":2}}]},"3":{"line":44,"type":"binary-expr","locations":[{"start":{"line":44,"column":8},"end":{"line":44,"column":11}},{"start":{"line":44,"column":15},"end":{"line":44,"column":17}}]},"4":{"line":50,"type":"cond-expr","locations":[{"start":{"line":50,"column":19},"end":{"line":50,"column":39}},{"start":{"line":50,"column":42},"end":{"line":50,"column":45}}]}},"code":["/*!"," * Chai - message composition utility"," * Copyright(c) 2012-2014 Jake Luer <jake@alogicalparadox.com>"," * MIT Licensed"," */","","/*!"," * Module dependancies"," */","","var flag = require('./flag')","  , getActual = require('./getActual')","  , inspect = require('./inspect')","  , objDisplay = require('./objDisplay');","","/**"," * ### .getMessage(object, message, negateMessage)"," *"," * Construct the error message based on flags"," * and template tags. Template tags will return"," * a stringified inspection of the object referenced."," *"," * Message template tags:"," * - `#{this}` current asserted object"," * - `#{act}` actual value"," * - `#{exp}` expected value"," *"," * @param {Object} object (constructed Assertion)"," * @param {Arguments} chai.Assertion.prototype.assert arguments"," * @namespace Utils"," * @name getMessage"," * @api public"," */","","module.exports = function (obj, args) {","  var negate = flag(obj, 'negate')","    , val = flag(obj, 'object')","    , expected = args[3]","    , actual = getActual(obj, args)","    , msg = negate ? args[2] : args[1]","    , flagMsg = flag(obj, 'message');","","  if(typeof msg === \"function\") msg = msg();","  msg = msg || '';","  msg = msg","    .replace(/#\\{this\\}/g, function () { return objDisplay(val); })","    .replace(/#\\{act\\}/g, function () { return objDisplay(actual); })","    .replace(/#\\{exp\\}/g, function () { return objDisplay(expected); });","","  return flagMsg ? flagMsg + ': ' + msg : msg;","};",""],"l":{"11":1,"35":1,"36":0,"43":0,"44":0,"45":0,"46":0,"47":0,"48":0,"50":0}},"/home/travis/build/npmtest/node-npmtest-chai/node_modules/chai/lib/chai/utils/getActual.js":{"path":"/home/travis/build/npmtest/node-npmtest-chai/node_modules/chai/lib/chai/utils/getActual.js","s":{"1":1,"2":0},"b":{"1":[0,0]},"f":{"1":0},"fnMap":{"1":{"name":"(anonymous_1)","line":18,"loc":{"start":{"line":18,"column":17},"end":{"line":18,"column":38}}}},"statementMap":{"1":{"start":{"line":18,"column":0},"end":{"line":20,"column":2}},"2":{"start":{"line":19,"column":2},"end":{"line":19,"column":46}}},"branchMap":{"1":{"line":19,"type":"cond-expr","locations":[{"start":{"line":19,"column":27},"end":{"line":19,"column":34}},{"start":{"line":19,"column":37},"end":{"line":19,"column":45}}]}},"code":["/*!"," * Chai - getActual utility"," * Copyright(c) 2012-2014 Jake Luer <jake@alogicalparadox.com>"," * MIT Licensed"," */","","/**"," * # getActual(object, [actual])"," *"," * Returns the `actual` value for an Assertion"," *"," * @param {Object} object (constructed Assertion)"," * @param {Arguments} chai.Assertion.prototype.assert arguments"," * @namespace Utils"," * @name getActual"," */","","module.exports = function (obj, args) {","  return args.length > 4 ? args[4] : obj._obj;","};",""],"l":{"18":1,"19":0}},"/home/travis/build/npmtest/node-npmtest-chai/node_modules/chai/lib/chai/utils/inspect.js":{"path":"/home/travis/build/npmtest/node-npmtest-chai/node_modules/chai/lib/chai/utils/inspect.js","s":{"1":1,"2":1,"3":1,"4":1,"5":1,"6":0,"7":0,"8":0,"9":1,"10":0,"11":0,"12":0,"13":1,"14":0,"15":0,"16":0,"17":0,"18":0,"19":0,"20":0,"21":0,"22":0,"23":0,"24":0,"25":0,"26":0,"27":0,"28":0,"29":0,"30":0,"31":0,"32":0,"33":0,"34":0,"35":0,"36":0,"37":0,"38":0,"39":0,"40":0,"41":0,"42":0,"43":0,"44":0,"45":0,"46":0,"47":0,"48":0,"49":0,"50":0,"51":0,"52":0,"53":0,"54":0,"55":0,"56":0,"57":0,"58":0,"59":0,"60":0,"61":0,"62":0,"63":0,"64":0,"65":0,"66":0,"67":0,"68":0,"69":0,"70":0,"71":0,"72":0,"73":0,"74":0,"75":0,"76":1,"77":0,"78":0,"79":0,"80":0,"81":0,"82":0,"83":0,"84":0,"85":0,"86":0,"87":1,"88":0,"89":1,"90":0,"91":0,"92":0,"93":0,"94":0,"95":0,"96":0,"97":0,"98":0,"99":1,"100":0,"101":0,"102":0,"103":0,"104":0,"105":0,"106":0,"107":0,"108":0,"109":0,"110":0,"111":0,"112":0,"113":0,"114":0,"115":0,"116":0,"117":0,"118":0,"119":0,"120":0,"121":0,"122":0,"123":0,"124":0,"125":0,"126":0,"127":0,"128":0,"129":0,"130":0,"131":0,"132":1,"133":0,"134":0,"135":0,"136":0,"137":0,"138":0,"139":0,"140":0,"141":0,"142":1,"143":0,"144":1,"145":0,"146":1,"147":0,"148":1,"149":0,"150":1,"151":0},"b":{"1":[0,0],"2":[0,0],"3":[0,0,0,0],"4":[0,0],"5":[0,0,0,0],"6":[0,0],"7":[0,0],"8":[0,0],"9":[0,0],"10":[0,0],"11":[0,0],"12":[0,0],"13":[0,0],"14":[0,0,0,0,0,0,0],"15":[0,0],"16":[0,0],"17":[0,0],"18":[0,0],"19":[0,0],"20":[0,0],"21":[0,0],"22":[0,0],"23":[0,0],"24":[0,0],"25":[0,0],"26":[0,0],"27":[0,0,0],"28":[0,0],"29":[0,0],"30":[0,0],"31":[0,0,0,0],"32":[0,0],"33":[0,0],"34":[0,0],"35":[0,0],"36":[0,0],"37":[0,0],"38":[0,0],"39":[0,0],"40":[0,0],"41":[0,0],"42":[0,0],"43":[0,0],"44":[0,0],"45":[0,0],"46":[0,0],"47":[0,0],"48":[0,0],"49":[0,0],"50":[0,0],"51":[0,0],"52":[0,0],"53":[0,0],"54":[0,0,0],"55":[0,0],"56":[0,0],"57":[0,0]},"f":{"1":0,"2":0,"3":0,"4":0,"5":0,"6":0,"7":0,"8":0,"9":0,"10":0,"11":0,"12":0,"13":0,"14":0,"15":0,"16":0,"17":0,"18":0,"19":0},"fnMap":{"1":{"name":"inspect","line":23,"loc":{"start":{"line":23,"column":0},"end":{"line":23,"column":49}}},"2":{"name":"(anonymous_2)","line":27,"loc":{"start":{"line":27,"column":13},"end":{"line":27,"column":28}}},"3":{"name":"(anonymous_3)","line":33,"loc":{"start":{"line":33,"column":19},"end":{"line":33,"column":37}}},"4":{"name":"formatValue","line":44,"loc":{"start":{"line":44,"column":0},"end":{"line":44,"column":47}}},"5":{"name":"(anonymous_5)","line":173,"loc":{"start":{"line":173,"column":22},"end":{"line":173,"column":36}}},"6":{"name":"formatPrimitive","line":184,"loc":{"start":{"line":184,"column":0},"end":{"line":184,"column":37}}},"7":{"name":"formatError","line":211,"loc":{"start":{"line":211,"column":0},"end":{"line":211,"column":28}}},"8":{"name":"formatArray","line":216,"loc":{"start":{"line":216,"column":0},"end":{"line":216,"column":66}}},"9":{"name":"(anonymous_9)","line":226,"loc":{"start":{"line":226,"column":15},"end":{"line":226,"column":29}}},"10":{"name":"formatProperty","line":236,"loc":{"start":{"line":236,"column":0},"end":{"line":236,"column":75}}},"11":{"name":"(anonymous_11)","line":263,"loc":{"start":{"line":263,"column":36},"end":{"line":263,"column":51}}},"12":{"name":"(anonymous_12)","line":267,"loc":{"start":{"line":267,"column":43},"end":{"line":267,"column":58}}},"13":{"name":"reduceToSingleString","line":296,"loc":{"start":{"line":296,"column":0},"end":{"line":296,"column":52}}},"14":{"name":"(anonymous_14)","line":298,"loc":{"start":{"line":298,"column":29},"end":{"line":298,"column":49}}},"15":{"name":"isArray","line":316,"loc":{"start":{"line":316,"column":0},"end":{"line":316,"column":21}}},"16":{"name":"isRegExp","line":321,"loc":{"start":{"line":321,"column":0},"end":{"line":321,"column":22}}},"17":{"name":"isDate","line":325,"loc":{"start":{"line":325,"column":0},"end":{"line":325,"column":19}}},"18":{"name":"isError","line":329,"loc":{"start":{"line":329,"column":0},"end":{"line":329,"column":20}}},"19":{"name":"objectToString","line":333,"loc":{"start":{"line":333,"column":0},"end":{"line":333,"column":27}}}},"statementMap":{"1":{"start":{"line":4,"column":0},"end":{"line":4,"column":35}},"2":{"start":{"line":5,"column":0},"end":{"line":5,"column":47}},"3":{"start":{"line":6,"column":0},"end":{"line":6,"column":67}},"4":{"start":{"line":8,"column":0},"end":{"line":8,"column":25}},"5":{"start":{"line":23,"column":0},"end":{"line":30,"column":1}},"6":{"start":{"line":24,"column":2},"end":{"line":28,"column":4}},"7":{"start":{"line":27,"column":30},"end":{"line":27,"column":41}},"8":{"start":{"line":29,"column":2},"end":{"line":29,"column":75}},"9":{"start":{"line":33,"column":0},"end":{"line":42,"column":2}},"10":{"start":{"line":34,"column":2},"end":{"line":41,"column":3}},"11":{"start":{"line":35,"column":4},"end":{"line":35,"column":41}},"12":{"start":{"line":37,"column":4},"end":{"line":40,"column":42}},"13":{"start":{"line":44,"column":0},"end":{"line":181,"column":1}},"14":{"start":{"line":47,"column":2},"end":{"line":57,"column":3}},"15":{"start":{"line":52,"column":4},"end":{"line":52,"column":42}},"16":{"start":{"line":53,"column":4},"end":{"line":55,"column":5}},"17":{"start":{"line":54,"column":6},"end":{"line":54,"column":48}},"18":{"start":{"line":56,"column":4},"end":{"line":56,"column":15}},"19":{"start":{"line":60,"column":2},"end":{"line":60,"column":46}},"20":{"start":{"line":61,"column":2},"end":{"line":63,"column":3}},"21":{"start":{"line":62,"column":4},"end":{"line":62,"column":21}},"22":{"start":{"line":66,"column":2},"end":{"line":96,"column":3}},"23":{"start":{"line":67,"column":4},"end":{"line":95,"column":5}},"24":{"start":{"line":68,"column":6},"end":{"line":68,"column":29}},"25":{"start":{"line":73,"column":6},"end":{"line":94,"column":7}},"26":{"start":{"line":74,"column":8},"end":{"line":89,"column":9}},"27":{"start":{"line":75,"column":10},"end":{"line":75,"column":50}},"28":{"start":{"line":76,"column":10},"end":{"line":76,"column":56}},"29":{"start":{"line":81,"column":10},"end":{"line":81,"column":50}},"30":{"start":{"line":82,"column":10},"end":{"line":82,"column":60}},"31":{"start":{"line":84,"column":10},"end":{"line":84,"column":56}},"32":{"start":{"line":85,"column":10},"end":{"line":86,"column":56}},"33":{"start":{"line":87,"column":10},"end":{"line":87,"column":35}},"34":{"start":{"line":88,"column":10},"end":{"line":88,"column":22}},"35":{"start":{"line":99,"column":2},"end":{"line":99,"column":51}},"36":{"start":{"line":100,"column":2},"end":{"line":100,"column":65}},"37":{"start":{"line":105,"column":2},"end":{"line":123,"column":3}},"38":{"start":{"line":109,"column":4},"end":{"line":113,"column":5}},"39":{"start":{"line":110,"column":6},"end":{"line":110,"column":32}},"40":{"start":{"line":111,"column":6},"end":{"line":111,"column":47}},"41":{"start":{"line":112,"column":6},"end":{"line":112,"column":68}},"42":{"start":{"line":114,"column":4},"end":{"line":116,"column":5}},"43":{"start":{"line":115,"column":6},"end":{"line":115,"column":74}},"44":{"start":{"line":117,"column":4},"end":{"line":119,"column":5}},"45":{"start":{"line":118,"column":6},"end":{"line":118,"column":73}},"46":{"start":{"line":120,"column":4},"end":{"line":122,"column":5}},"47":{"start":{"line":121,"column":6},"end":{"line":121,"column":32}},"48":{"start":{"line":125,"column":2},"end":{"line":125,"column":52}},"49":{"start":{"line":128,"column":2},"end":{"line":131,"column":3}},"50":{"start":{"line":129,"column":4},"end":{"line":129,"column":17}},"51":{"start":{"line":130,"column":4},"end":{"line":130,"column":24}},"52":{"start":{"line":134,"column":2},"end":{"line":138,"column":3}},"53":{"start":{"line":135,"column":4},"end":{"line":135,"column":30}},"54":{"start":{"line":136,"column":4},"end":{"line":136,"column":45}},"55":{"start":{"line":137,"column":4},"end":{"line":137,"column":43}},"56":{"start":{"line":141,"column":2},"end":{"line":143,"column":3}},"57":{"start":{"line":142,"column":4},"end":{"line":142,"column":55}},"58":{"start":{"line":146,"column":2},"end":{"line":148,"column":3}},"59":{"start":{"line":147,"column":4},"end":{"line":147,"column":56}},"60":{"start":{"line":151,"column":2},"end":{"line":153,"column":3}},"61":{"start":{"line":152,"column":4},"end":{"line":152,"column":30}},"62":{"start":{"line":155,"column":2},"end":{"line":157,"column":3}},"63":{"start":{"line":156,"column":4},"end":{"line":156,"column":40}},"64":{"start":{"line":159,"column":2},"end":{"line":165,"column":3}},"65":{"start":{"line":160,"column":4},"end":{"line":164,"column":5}},"66":{"start":{"line":161,"column":6},"end":{"line":161,"column":74}},"67":{"start":{"line":163,"column":6},"end":{"line":163,"column":48}},"68":{"start":{"line":167,"column":2},"end":{"line":167,"column":23}},"69":{"start":{"line":169,"column":2},"end":{"line":169,"column":13}},"70":{"start":{"line":170,"column":2},"end":{"line":176,"column":3}},"71":{"start":{"line":171,"column":4},"end":{"line":171,"column":70}},"72":{"start":{"line":173,"column":4},"end":{"line":175,"column":7}},"73":{"start":{"line":174,"column":6},"end":{"line":174,"column":79}},"74":{"start":{"line":178,"column":2},"end":{"line":178,"column":17}},"75":{"start":{"line":180,"column":2},"end":{"line":180,"column":52}},"76":{"start":{"line":184,"column":0},"end":{"line":208,
[...]
1":1,"131":1,"132":0,"133":0,"134":0,"137":1,"139":0,"140":0,"143":0,"144":0,"148":1,"150":0,"151":0,"154":0,"155":0,"159":1,"160":31,"163":1,"164":40,"167":1,"168":13,"171":1,"172":0,"175":1,"176":0,"179":1,"180":0,"198":1,"199":0,"200":0,"201":0,"203":0,"204":0,"206":0,"222":1,"224":0,"227":0,"233":1,"297":1,"298":1,"331":1,"335":13,"336":0,"355":1,"356":0,"380":1,"381":0,"397":1,"398":0,"399":0,"416":1,"417":0,"418":0,"452":1,"453":0,"454":0,"455":0,"458":0,"465":1,"466":1,"490":1,"491":0,"494":1,"495":0,"497":0,"498":0,"499":0,"501":0,"502":0,"503":0,"504":0,"505":0,"508":0,"509":0,"510":0,"511":0,"513":0,"514":0,"515":0,"517":0,"519":0,"525":1,"526":1,"527":1,"528":1,"546":1,"547":0,"566":1,"567":0,"588":1,"589":0,"610":1,"611":0,"631":1,"632":0,"651":1,"652":0,"677":1,"678":0,"702":1,"703":0,"706":0,"707":0,"708":0,"709":0,"712":0,"734":1,"735":0,"737":0,"744":1,"745":1,"770":1,"771":0,"772":0,"773":0,"774":0,"776":0,"787":1,"788":1,"789":1,"807":1,"808":0,"809":0,"819":1,"820":1,"846":1,"847":0,"848":0,"849":0,"850":0,"851":0,"852":0,"860":0,"868":1,"869":1,"870":1,"895":1,"896":0,"897":0,"898":0,"899":0,"900":0,"901":0,"909":0,"917":1,"918":1,"944":1,"945":0,"946":0,"947":0,"948":0,"949":0,"950":0,"958":0,"966":1,"967":1,"968":1,"993":1,"994":0,"995":0,"996":0,"997":0,"998":0,"999":0,"1007":0,"1015":1,"1016":1,"1041":1,"1042":0,"1043":0,"1045":0,"1046":0,"1047":0,"1048":0,"1054":0,"1081":1,"1082":0,"1083":0,"1084":0,"1091":1,"1092":1,"1166":1,"1167":0,"1169":0,"1181":0,"1182":0,"1183":0,"1184":0,"1187":0,"1193":0,"1194":0,"1203":0,"1222":1,"1223":0,"1224":0,"1225":0,"1232":1,"1233":1,"1255":1,"1256":0,"1257":0,"1258":0,"1260":0,"1261":0,"1262":0,"1263":0,"1264":0,"1273":0,"1279":0,"1282":1,"1283":1,"1324":1,"1325":0,"1328":1,"1329":0,"1330":0,"1331":0,"1332":0,"1334":0,"1343":1,"1344":1,"1360":1,"1361":0,"1362":0,"1363":0,"1370":1,"1371":1,"1387":1,"1388":0,"1389":0,"1390":0,"1392":0,"1439":1,"1440":0,"1445":0,"1447":0,"1448":0,"1450":0,"1451":0,"1452":0,"1454":0,"1457":0,"1459":0,"1465":0,"1466":0,"1470":0,"1471":0,"1472":0,"1474":0,"1478":0,"1479":0,"1480":0,"1482":0,"1483":0,"1488":0,"1489":0,"1490":0,"1492":0,"1493":0,"1494":0,"1496":0,"1497":0,"1500":0,"1504":0,"1507":0,"1510":0,"1520":1,"1521":1,"1559":1,"1560":0,"1561":0,"1562":0,"1564":0,"1569":0,"1570":0,"1571":0,"1572":0,"1573":0,"1574":0,"1575":0,"1576":0,"1577":0,"1578":0,"1579":0,"1580":0,"1581":0,"1582":0,"1585":0,"1588":0,"1589":0,"1592":0,"1593":0,"1601":0,"1602":0,"1606":0,"1607":0,"1615":0,"1616":0,"1617":0,"1622":0,"1626":0,"1627":0,"1635":0,"1636":0,"1637":0,"1638":0,"1646":0,"1647":0,"1649":0,"1650":0,"1654":0,"1661":0,"1662":0,"1665":0,"1673":0,"1676":1,"1677":1,"1678":1,"1703":1,"1704":0,"1705":0,"1711":0,"1718":1,"1719":1,"1738":1,"1739":0,"1757":1,"1758":0,"1759":0,"1760":0,"1761":0,"1770":1,"1771":1,"1789":1,"1790":0,"1791":0,"1793":0,"1794":0,"1795":0,"1798":0,"1805":1,"1806":1,"1808":1,"1809":0,"1810":0,"1812":0,"1813":0,"1841":1,"1842":0,"1843":0,"1845":0,"1846":0,"1848":0,"1850":0,"1851":0,"1860":0,"1891":1,"1892":0,"1893":0,"1894":0,"1896":0,"1905":1,"1929":1,"1930":0,"1931":0,"1932":0,"1933":0,"1935":0,"1936":0,"1938":0,"1945":1,"1946":1,"1967":1,"1968":0,"1969":0,"1970":0,"1971":0,"1973":0,"1974":0,"1976":0,"1983":1,"1984":1,"2005":1,"2006":0,"2007":0,"2008":0,"2009":0,"2011":0,"2012":0,"2014":0,"2021":1,"2022":1,"2044":1,"2045":0,"2052":0,"2054":0,"2055":0,"2057":0,"2058":0,"2061":0,"2086":1,"2087":0,"2094":0,"2096":0,"2097":0,"2099":0,"2100":0,"2103":0,"2126":1,"2127":0,"2134":0,"2136":0,"2137":0,"2139":0,"2140":0,"2143":0,"2159":1,"2165":1,"2187":1,"2188":0,"2189":0,"2210":1,"2211":0,"2212":0,"2235":1,"2236":0,"2255":1,"2256":0,"2274":1,"2275":0,"2277":0,"2301":1,"2302":0,"2304":0,"2328":1,"2329":0,"2347":1,"2348":0,"2366":1,"2367":0,"2385":1,"2386":0,"2404":1,"2405":0,"2424":1,"2425":0,"2443":1,"2444":0,"2463":1,"2464":0,"2482":1,"2483":0,"2501":1,"2502":0,"2520":1,"2521":0,"2539":1,"2540":0,"2557":1,"2558":0,"2576":1,"2577":0,"2593":1,"2594":0,"2609":1,"2610":0,"2628":1,"2629":0,"2647":1,"2648":0,"2666":1,"2667":0,"2685":1,"2686":0,"2705":1,"2706":0,"2725":1,"2726":0,"2744":1,"2745":0,"2763":1,"2764":0,"2782":1,"2783":0,"2801":1,"2802":0,"2820":1,"2821":0,"2839":1,"2840":0,"2861":1,"2862":0,"2883":1,"2884":0,"2908":1,"2909":0,"2928":1,"2929":0,"2950":1,"2951":0,"2972":1,"2973":0,"2993":1,"2994":0,"3014":1,"3015":0,"3033":1,"3034":0,"3052":1,"3053":0,"3071":1,"3072":0,"3090":1,"3091":0,"3110":1,"3111":0,"3130":1,"3131":0,"3151":1,"3152":0,"3172":1,"3173":0,"3194":1,"3195":0,"3216":1,"3217":0,"3236":1,"3237":0,"3265":1,"3266":0,"3267":0,"3268":0,"3271":0,"3272":0,"3294":1,"3295":0,"3296":0,"3297":0,"3300":0,"3320":1,"3321":0,"3322":0,"3324":0,"3325":0,"3327":0,"3328":0,"3330":0,"3331":0,"3333":0,"3334":0,"3336":0,"3337":0,"3339":0,"3340":0,"3342":0,"3343":0,"3345":0,"3346":0,"3348":0,"3350":0,"3351":0,"3373":1,"3374":0,"3393":1,"3394":0,"3413":1,"3414":0,"3433":1,"3434":0,"3453":1,"3454":0,"3474":1,"3475":0,"3493":1,"3494":0,"3515":1,"3516":0,"3537":1,"3538":0,"3559":1,"3560":0,"3581":1,"3582":0,"3603":1,"3604":0,"3625":1,"3626":0,"3645":1,"3646":0,"3647":0,"3666":1,"3667":0,"3691":1,"3692":0,"3715":1,"3716":0,"3734":1,"3735":0,"3755":1,"3756":0,"3774":1,"3775":0,"3782":1,"3783":10,"3784":10,"3805":1,"3806":1,"3807":0,"3824":1,"3825":0,"3826":0,"3841":1,"3842":1,"3844":1,"3846":1,"3847":0,"3848":0,"3850":0,"3852":1,"3859":0,"3867":0,"3873":0,"3889":0,"3890":0,"3891":0,"3913":0,"3914":0,"3941":0,"3942":0,"3959":0,"3960":0,"3964":0,"3981":0,"3982":0,"4005":0,"4006":0,"4023":0,"4024":0,"4027":0,"4028":0,"4030":0,"4033":1,"4034":1,"4048":1,"4049":1,"4050":1,"4057":1,"4062":1,"4065":1,"4097":1,"4098":13,"4099":8,"4102":13,"4108":13,"4109":1,"4111":13,"4113":13,"4115":0,"4117":0,"4118":0,"4119":0,"4120":0,"4121":0,"4122":0,"4126":0,"4128":0,"4130":0,"4131":0,"4135":0,"4136":0,"4137":0,"4138":0,"4139":0,"4144":0,"4145":0,"4158":1,"4185":1,"4187":1,"4188":40,"4189":0,"4190":0,"4191":0,"4192":0,"4193":0,"4204":1,"4205":1,"4233":1,"4234":31,"4236":0,"4237":0,"4238":0,"4240":0,"4241":0,"4268":1,"4269":1,"4270":1,"4272":1,"4273":0,"4274":0,"4275":0,"4278":0,"4279":0,"4280":0,"4281":0,"4284":0,"4285":0,"4317":1,"4318":0,"4319":0,"4320":0,"4322":0,"4344":1,"4345":0,"4368":1,"4369":0,"4370":0,"4371":0,"4373":0,"4387":1,"4411":1,"4412":0,"4419":0,"4420":0,"4421":0,"4422":0,"4423":0,"4424":0,"4426":0,"4446":1,"4447":0,"4449":0,"4450":0,"4460":1,"4484":1,"4485":0,"4488":0,"4493":0,"4495":0,"4518":1,"4519":0,"4521":0,"4522":0,"4524":0,"4525":0,"4545":1,"4546":0,"4549":0,"4551":0,"4552":0,"4553":0,"4554":0,"4555":0,"4556":0,"4557":0,"4558":0,"4560":0,"4563":0,"4574":1,"4606":1,"4607":0,"4608":0,"4631":1,"4632":0,"4634":1,"4635":0,"4636":0,"4640":0,"4641":0,"4642":0,"4643":0,"4646":0,"4656":1,"4695":1,"4700":1,"4701":0,"4704":0,"4705":0,"4709":0,"4710":0,"4712":0,"4726":1,"4732":1,"4738":1,"4743":1,"4749":1,"4755":1,"4761":1,"4767":1,"4773":1,"4779":1,"4785":1,"4791":1,"4797":1,"4803":1,"4809":1,"4815":1,"4821":1,"4827":1,"4833":1,"4839":1,"4845":1,"4851":1,"4852":1,"4853":1,"4855":1,"4870":1,"4871":0,"4874":0,"4876":0,"4880":1,"4881":0,"4882":0,"4884":0,"4891":1,"4894":0,"4899":0,"4900":0,"4901":0,"4903":0,"4907":0,"4908":0,"4909":0,"4913":0,"4914":0,"4915":0,"4920":0,"4921":0,"4922":0,"4923":0,"4928":0,"4929":0,"4931":0,"4932":0,"4934":0,"4935":0,"4946":0,"4947":0,"4952":0,"4956":0,"4957":0,"4958":0,"4959":0,"4961":0,"4962":0,"4964":0,"4965":0,"4967":0,"4968":0,"4972":0,"4975":0,"4976":0,"4977":0,"4981":0,"4982":0,"4983":0,"4984":0,"4988":0,"4989":0,"4993":0,"4994":0,"4998":0,"4999":0,"5002":0,"5003":0,"5006":0,"5007":0,"5008":0,"5010":0,"5014":0,"5016":0,"5017":0,"5018":0,"5020":0,"5021":0,"5025":0,"5027":0,"5031":1,"5032":0,"5034":0,"5037":0,"5040":0,"5043":0,"5044":0,"5046":0,"5049":0,"5052":0,"5053":0,"5058":1,"5059":0,"5063":1,"5064":0,"5065":0,"5066":0,"5067":0,"5070":0,"5073":0,"5074":0,"5075":0,"5079":0,"5083":1,"5084":0,"5085":0,"5086":0,"5087":0,"5088":0,"5090":0,"5093":0,"5094":0,"5098":0,"5099":0,"5101":0,"5102":0,"5103":0,"5104":0,"5106":0,"5108":0,"5109":0,"5110":0,"5111":0,"5114":0,"5115":0,"5120":0,"5123":0,"5124":0,"5125":0,"5127":0,"5128":0,"5129":0,"5130":0,"5132":0,"5135":0,"5139":0,"5143":1,"5144":0,"5145":0,"5146":0,"5147":0,"5148":0,"5151":0,"5152":0,"5160":0,"5163":1,"5164":0,"5168":1,"5169":0,"5172":1,"5173":0,"5176":1,"5177":0,"5180":1,"5181":0,"5195":1,"5196":1,"5211":1,"5212":0,"5215":0,"5216":0,"5217":0,"5220":0,"5221":0,"5222":0,"5223":0,"5227":0,"5229":0,"5232":0,"5276":1,"5277":0,"5279":0,"5280":0,"5281":0,"5282":0,"5285":0,"5286":0,"5287":0,"5288":0,"5333":1,"5334":0,"5335":0,"5337":0,"5338":0,"5340":0,"5341":0,"5342":0,"5387":1,"5388":0,"5391":0,"5392":0,"5394":0,"5396":0,"5397":0,"5414":1,"5427":1,"5428":0,"5430":0,"5463":1,"5464":0,"5466":0,"5467":0,"5470":0,"5472":0,"5473":0,"5475":0,"5496":1,"5497":0,"5499":1,"5500":0,"5501":0,"5505":0,"5506":0,"5510":0,"5511":0,"5514":0,"5522":1,"5535":1,"5536":0,"5540":0,"5541":0,"5544":0,"5545":0,"5549":0,"5550":0,"5551":0,"5553":0,"5561":1,"5567":1,"5573":1,"5582":1,"5583":0,"5587":0,"5588":0,"5591":0,"5595":1,"5608":1,"5614":1,"5615":1,"5617":0,"5618":0,"5625":1,"5637":1,"5638":0,"5639":0,"5640":0,"5641":0,"5642":0,"5643":0,"5644":0,"5645":0,"5646":0,"5647":0,"5648":0,"5649":0,"5650":0,"5652":0,"5654":0,"5667":1,"5668":0,"5669":0,"5683":1,"5684":0,"5696":1,"5697":0,"5698":0,"5710":1,"5711":0,"5712":0,"5726":1,"5727":0,"5728":0,"5729":0,"5730":0,"5740":1,"5741":0,"5742":0,"5743":0,"5755":1,"5756":0,"5758":0,"5759":0,"5761":0,"5762":0,"5763":0,"5764":0,"5768":0,"5780":1,"5781":0,"5782":0,"5793":1,"5794":0,"5808":1,"5809":0,"5810":0,"5813":0,"5814":0,"5817":0,"5818":0,"5819":0,"5820":0,"5822":0,"5826":0,"5829":0,"5830":0,"5831":0,"5833":0,"5836":0,"5837":0,"5839":0,"5840":0,"5843":0,"5845":0,"5846":0,"5847":0,"5848":0,"5849":0,"5853":0,"5857":2,"5870":1,"5876":1,"5896":1,"5897":0,"5898":0,"5899":0,"5900":0,"5901":0,"5902":0,"5905":1,"5918":1,"5919":0,"5937":1,"5966":1,"5967":0,"5968":0,"5969":0,"5990":1,"5991":0,"5992":0,"5994":0,"5995":0,"5996":0,"5997":0,"5999":0,"6004":1,"6016":1,"6029":1,"6031":1,"6032":0,"6034":0,"6036":0,"6038":0,"6039":0,"6042":1,"6055":1,"6056":0,"6057":0,"6075":1,"6104":1,"6105":0,"6106":0,"6107":0,"6128":1,"6129":0,"6130":0,"6132":0,"6133":0,"6134":0,"6135":0,"6137":0}},"/home/travis/build/npmtest/node-npmtest-chai/node_modules/chai/karma.conf.js":{"path":"/home/travis/build/npmtest/node-npmtest-chai/node_modules/chai/karma.conf.js","s":{"1":1,"2":0,"3":0,"4":0,"5":0,"6":0},"b":{"1":[0,0]},"f":{"1":0},"fnMap":{"1":{"name":"(anonymous_1)","line":1,"loc":{"start":{"line":1,"column":17},"end":{"line":1,"column":34}}}},"statementMap":{"1":{"start":{"line":1,"column":0},"end":{"line":28,"column":2}},"2":{"start":{"line":2,"column":2},"end":{"line":18,"column":5}},"3":{"start":{"line":20,"column":2},"end":{"line":27,"column":3}},"4":{"start":{"line":22,"column":6},"end":{"line":22,"column":39}},"5":{"start":{"line":23,"column":6},"end":{"line":23,"column":12}},"6":{"start":{"line":26,"column":6},"end":{"line":26,"column":12}}},"branchMap":{"1":{"line":20,"type":"switch","locations":[{"start":{"line":21,"column":4},"end":{"line":23,"column":12}},{"start":{"line":24,"column":4},"end":{"line":26,"column":12}}]}},"code":["module.exports = function(config) {","  config.set({","      frameworks: [ 'mocha' ]","    , files: [","          'chai.js'","        , 'test/bootstrap/karma.js'","        , 'test/*.js'","      ]","    , reporters: [ 'progress' ]","    , colors: true","    , logLevel: config.LOG_INFO","    , autoWatch: false","    , browsers: [ 'PhantomJS' ]","    , browserDisconnectTimeout: 10000","    , browserDisconnectTolerance: 2","    , browserNoActivityTimeout: 20000","    , singleRun: true","  });","","  switch (process.env.CHAI_TEST_ENV) {","    case 'sauce':","      require('./karma.sauce')(config);","      break;","    default:","      // ...","      break;","  };","};",""],"l":{"1":1,"2":0,"20":0,"22":0,"23":0,"26":0}},"/home/travis/build/npmtest/node-npmtest-chai/node_modules/chai/karma.sauce.js":{"path":"/home/travis/build/npmtest/node-npmtest-chai/node_modules/chai/karma.sauce.js","s":{"1":1,"2":1,"3":1,"4":0,"5":0,"6":0,"7":0,"8":0,"9":0,"10":0,"11":0,"12":0,"13":0,"14":0,"15":0,"16":0,"17":0,"18":0,"19":0,"20":0,"21":0,"22":0,"23":0,"24":0,"25":0},"b":{"1":[0,0],"2":[0,0],"3":[0,0],"4":[0,0],"5":[0,0],"6":[0,0],"7":[0,0],"8":[0,0]},"f":{"1":0},"fnMap":{"1":{"name":"(anonymous_1)","line":4,"loc":{"start":{"line":4,"column":17},"end":{"line":4,"column":34}}}},"statementMap":{"1":{"start":{"line":1,"column":0},"end":{"line":1,"column":48}},"2":{"start":{"line":2,"column":0},"end":{"line":2,"column":30}},"3":{"start":{"line":4,"column":0},"end":{"line":41,"column":2}},"4":{"start":{"line":5,"column":2},"end":{"line":5,"column":11}},"5":{"start":{"line":7,"column":2},"end":{"line":13,"column":3}},"6":{"start":{"line":8,"column":4},"end":{"line":8,"column":40}},"7":{"start":{"line":10,"column":4},"end":{"line":10,"column":14}},"8":{"start":{"line":11,"column":4},"end":{"line":11,"column":61}},"9":{"start":{"line":12,"column":4},"end":{"line":12,"column":65}},"10":{"start":{"line":15,"column":2},"end":{"line":15,"column":61}},"11":{"start":{"line":15,"column":54},"end":{"line":15,"column":61}},"12":{"start":{"line":16,"column":2},"end":{"line":16,"column":37}},"13":{"start":{"line":16,"column":30},"end":{"line":16,"column":37}},"14":{"start":{"line":18,"column":2},"end":{"line":18,"column":51}},"15":{"start":{"line":19,"column":2},"end":{"line":19,"column":50}},"16":{"start":{"line":20,"column":2},"end":{"line":20,"column":44}},"17":{"start":{"line":21,"column":2},"end":{"line":21,"column":73}},"18":{"start":{"line":22,"column":2},"end":{"line":22,"column":51}},"19":{"start":{"line":24,"column":2},"end":{"line":26,"column":3}},"20":{"start":{"line":25,"column":4},"end":{"line":25,"column":57}},"21":{"start":{"line":28,"column":2},"end":{"line":28,"column":53}},"22":{"start":{"line":29,"column":2},"end":{"line":29,"column":41}},"23":{"start":{"line":30,"column":2},"end":{"line":30,"column":37}},"24":{"start":{"line":31,"column":2},"end":{"line":31,"column":40}},"25":{"start":{"line":33,"column":2},"end":{"line":40,"column":4}}},"branchMap":{"1":{"line":11,"type":"binary-expr","locations":[{"start":{"line":11,"column":26},"end":{"line":11,"column":52}},{"start":{"line":11,"column":56},"end":{"line":11,"column":60}}]},"2":{"line":12,"type":"binary-expr","locations":[{"start":{"line":12,"column":28},"end":{"line":12,"column":56}},{"start":{"line":12,"column":60},"end":{"line":12,"column":64}}]},"3":{"line":15,"type":"if","locations":[{"start":{"line":15,"column":2},"end":{"line":15,"column":2}},{"start":{"line":15,"column":2},"end":{"line":15,"column":2}}]},"4":{"line":15,"type":"binary-expr","locations":[{"start":{"line":15,"column":6},"end":{"line":15,"column":26}},{"start":{"line":15,"column":30},"end":{"line":15,"column":52}}]},"5":{"line":16,"type":"if","locations":[{"start":{"line":16,"column":2},"end":{"line":16,"column":2}},{"start":{"line":16,"column":2},"end":{"line":16,"column":2}}]},"6":{"line":18,"type":"binary-expr","locations":[{"start":{"line":18,"column":15},"end":{"line":18,"column":40}},{"start":{"line":18,"column":44},"end":{"line":18,"column":51}}]},"7":{"line":22,"type":"binary-expr","locations":[{"start":{"line":22,"column":15},"end":{"line":22,"column":44}},{"start":{"line":22,"column":48},"end":{"line":22,"column":50}}]},"8":{"line":24,"type":"if","locations":[{"start":{"line":24,"column":2},"end":{"line":24,"column":2}},{"start":{"line":24,"column":2},"end":{"line":24,"column":2}}]}},"code":["var version = require('./package.json').version;","var ts = new Date().getTime();","","module.exports = function(config) {","  var auth;","","  try {","    auth = require('./test/auth/index');","  } catch(ex) {","    auth = {};","    auth.SAUCE_USERNAME = process.env.SAUCE_USERNAME || null;","    auth.SAUCE_ACCESS_KEY = process.env.SAUCE_ACCESS_KEY || null;","  }","","  if (!auth.SAUCE_USERNAME || !auth.SAUCE_ACCESS_KEY) return;","  if (process.env.SKIP_SAUCE) return;","","  var branch = process.env.TRAVIS_BRANCH || 'local'","  var browserConfig = require('./sauce.browsers');","  var browsers = Object.keys(browserConfig);","  var tags = [ 'chaijs_' + version, auth.SAUCE_USERNAME + '@' + branch ];","  var tunnel = process.env.TRAVIS_JOB_NUMBER || ts;","","  if (process.env.TRAVIS_JOB_NUMBER) {","    tags.push('travis@' + process.env.TRAVIS_JOB_NUMBER);","  }","","  config.browsers = config.browsers.concat(browsers);","  config.customLaunchers = browserConfig;","  config.reporters.push('saucelabs');","  config.transports = [ 'xhr-polling' ];","","  config.sauceLabs = {","      username: auth.SAUCE_USERNAME","    , accessKey: auth.SAUCE_ACCESS_KEY","    , startConnect: true","    , tags: tags","    , testName: 'ChaiJS'","    , tunnelIdentifier: tunnel","  };","};",""],"l":{"1":1,"2":1,"4":1,"5":0,"7":0,"8":0,"10":0,"11":0,"12":0,"15":0,"16":0,"18":0,"19":0,"20":0,"21":0,"22":0,"24":0,"25":0,"28":0,"29":0,"30":0,"31":0,"33":0}},"/home/travis/build/npmtest/node-npmtest-chai/node_modules/chai/sauce.browsers.js":{"path":"/home/travis/build/npmtest/node-npmtest-chai/node_modules/chai/sauce.browsers.js","s":{"1":1,"2":1,"3":1,"4":1,"5":1,"6":1,"7":1},"b":{},"f":{},"fnMap":{},"statementMap":{"1":{"start":{"line":6,"column":0},"end":{"line":9,"column":2}},"2":{"start":{"line":28,"column":0},"end":{"line":33,"column":2}},"3":{"start":{"line":39,"column":0},"end":{"line":44,"column":2}},"4":{"start":{"line":46,"column":0},"end":{"line":51,"column":2}},"5":{"start":{"line":57,"column":0},"end":{"line":62,"column":2}},"6":{"start":{"line":68,"column":0},"end":{"line":73,"column":2}},"7":{"start":{"line":75,"column":0},"end":{"line":80,"column":2}}},"branchMap":{},"code":["","/*!"," * Chrome"," */","","exports['SL_Chrome'] = {","    base: 'SauceLabs'","  , browserName: 'chrome'","};","","/*!"," * Firefox"," */","","/*!"," * TODO: Karma doesn't seem to like this, though sauce boots its up"," *","","exports['SL_Firefox_23'] = {","    base: 'SauceLabs'","  , browserName: 'firefox'","  , platform: 'Windows XP'","  , version: '23'","};","","*/","","exports['SL_Firefox_22'] = {","    base: 'SauceLabs'","  , browserName: 'firefox'","  , platform: 'Windows 7'","  , version: '22'","};","","/*!"," * Opera"," */","","exports['SL_Opera_12'] = {","    base: 'SauceLabs'","  , browserName: 'opera'","  , platform: 'Windows 7'","  , version: '12'","};","","exports['SL_Opera_11'] = {","    base: 'SauceLabs'","  , browserName: 'opera'","  , platform: 'Windows 7'","  , version: '11'","};","","/*!"," * Internet Explorer"," */","","exports['SL_IE_10'] = {","    base: 'SauceLabs'","  , browserName: 'internet explorer'","  , platform: 'Windows 2012'","  , version: '10'","};","","/*!"," * Safari"," */","","exports['SL_Safari_6'] = {","    base: 'SauceLabs'","  , browserName: 'safari'","  , platform: 'Mac 10.8'","  , version: '6'","};","","exports['SL_Safari_5'] = {","    base: 'SauceLabs'","  , browserName: 'safari'","  , platform: 'Mac 10.6'","  , version: '5'","};","","/*!"," * iPhone"," */","","/*!"," * TODO: These take forever to boot or shut down. Causes timeout."," *","","exports['SL_iPhone_6'] = {","    base: 'SauceLabs'","  , browserName: 'iphone'","  , platform: 'Mac 10.8'","  , version: '6'","};","","exports['SL_iPhone_5-1'] = {","    base: 'SauceLabs'","  , browserName: 'iphone'","  , platform: 'Mac 10.8'","  , version: '5.1'","};","","exports['SL_iPhone_5'] = {","    base: 'SauceLabs'","  , browserName: 'iphone'","  , platform: 'Mac 10.6'","  , version: '5'","};","","*/","","/*!"," * Android"," */","","/*!"," * TODO: fails because of error serialization"," *","","exports['SL_Android_4'] = {","    base: 'SauceLabs'","  , browserName: 'android'","  , platform: 'Linux'","  , version: '4'","};","","*/",""],"l":{"6":1,"28":1,"39":1,"46":1,"57":1,"68":1,"75":1}}}